
Starting experiment 1

Ideal pricing solution: [56.0, 62.0, 92.0]
Ideal advertising solution: [10  8  6]
Ideal result: 938.49

[0] a:[ 5 10  1] p:[104.0, 98.0, 98.0] ->135.7
[1] a:[1 6 8] p:[56.0, 98.0, 86.0] ->278.8
[2] a:[1 4 6] p:[50.0, 68.0, 62.0] ->54.26
[3] a:[1 1 4] p:[80.0, 74.0, 74.0] ->58.69
[4] a:[ 1 10  7] p:[62.0, 92.0, 92.0] ->307.16
[5] a:[4 4 6] p:[92.0, 104.0, 92.0] ->243.74
[6] a:[1 8 4] p:[62.0, 62.0, 104.0] ->329.76
[7] a:[6 0 6] p:[98.0, 50.0, 56.0] ->111.92
[8] a:[5 8 8] p:[80.0, 56.0, 68.0] ->481.52
[9] a:[6 9 8] p:[62.0, 56.0, 56.0] ->483.51
[10] a:[ 6 10  5] p:[50.0, 80.0, 104.0] ->280.64
[11] a:[ 6 10  7] p:[86.0, 56.0, 80.0] ->387.31
[12] a:[7 9 8] p:[98.0, 86.0, 86.0] ->323.38
[13] a:[ 6 10  8] p:[74.0, 62.0, 74.0] ->401.49
[14] a:[7 9 8] p:[68.0, 86.0, 98.0] ->360.97
[15] a:[ 6 10  8] p:[92.0, 68.0, 80.0] ->219.16
[16] a:[ 6 10  8] p:[86.0, 50.0, 104.0] ->456.44
[17] a:[7 9 8] p:[56.0, 56.0, 50.0] ->602.02
[18] a:[ 6 10  8] p:[50.0, 92.0, 92.0] ->512.81
[19] a:[ 6 10  8] p:[98.0, 56.0, 92.0] ->609.92
[20] a:[7 8 9] p:[50.0, 104.0, 92.0] ->558.1
[21] a:[6 9 9] p:[56.0, 50.0, 92.0] ->744.5
[22] a:[7 9 8] p:[62.0, 104.0, 50.0] ->325.95
[23] a:[7 9 8] p:[62.0, 80.0, 92.0] ->534.53
[24] a:[7 9 8] p:[50.0, 92.0, 80.0] ->387.12
[25] a:[6 9 9] p:[50.0, 74.0, 98.0] ->467.05
[26] a:[8 9 7] p:[62.0, 50.0, 74.0] ->626.71
[27] a:[7 8 9] p:[62.0, 62.0, 98.0] ->731.74
[28] a:[8 9 7] p:[56.0, 80.0, 86.0] ->544.78
[29] a:[8 9 7] p:[50.0, 62.0, 62.0] ->606.54
[30] a:[8 7 9] p:[56.0, 56.0, 86.0] ->776.5
[31] a:[ 8  6 10] p:[56.0, 80.0, 92.0] ->697.03
[32] a:[8 7 9] p:[50.0, 98.0, 68.0] ->604.13
[33] a:[8 9 7] p:[74.0, 56.0, 56.0] ->345.79
[34] a:[9 6 9] p:[56.0, 50.0, 50.0] ->664.25
[35] a:[9 6 9] p:[56.0, 92.0, 98.0] ->722.74
[36] a:[9 9 6] p:[56.0, 68.0, 80.0] ->547.03
[37] a:[10 10  4] p:[80.0, 50.0, 92.0] ->480.93
[38] a:[9 7 8] p:[92.0, 50.0, 68.0] ->533.41
[39] a:[10  7  7] p:[62.0, 56.0, 98.0] ->822.04
[40] a:[10 10  4] p:[104.0, 50.0, 62.0] ->346.97
[41] a:[9 7 8] p:[98.0, 86.0, 104.0] ->271.13
[42] a:[9 7 8] p:[56.0, 74.0, 92.0] ->729.7
[43] a:[10  6  8] p:[68.0, 62.0, 98.0] ->511.06
[44] a:[10  5  9] p:[86.0, 68.0, 80.0] ->206.49
[45] a:[10  5  9] p:[56.0, 56.0, 68.0] ->831.77
[46] a:[10  6  8] p:[50.0, 62.0, 86.0] ->827.24
[47] a:[10  5  9] p:[68.0, 98.0, 50.0] ->232.74
[48] a:[10  8  6] p:[62.0, 68.0, 86.0] ->630.34
[49] a:[10  6  8] p:[62.0, 50.0, 68.0] ->781.45
[50] a:[10  6  8] p:[62.0, 50.0, 62.0] ->588.28
[51] a:[10  6  8] p:[56.0, 86.0, 104.0] ->658.45
[52] a:[10  5  9] p:[62.0, 50.0, 104.0] ->690.9
[53] a:[10  9  5] p:[50.0, 62.0, 62.0] ->733.52
[54] a:[10  8  6] p:[56.0, 50.0, 92.0] ->929.17
[55] a:[10  8  6] p:[56.0, 62.0, 68.0] ->884.47
[56] a:[10  5  9] p:[92.0, 50.0, 74.0] ->348.69
[57] a:[10  4 10] p:[56.0, 62.0, 92.0] ->918.3
[58] a:[10 10  4] p:[56.0, 92.0, 86.0] ->645.41
[59] a:[10  6  8] p:[92.0, 104.0, 68.0] ->361.33
[60] a:[10  7  7] p:[50.0, 104.0, 68.0] ->640.44
[61] a:[10  5  9] p:[80.0, 98.0, 50.0] ->200.17
[62] a:[10  4 10] p:[56.0, 86.0, 98.0] ->801.39
[63] a:[10  8  6] p:[62.0, 50.0, 86.0] ->810.8
[64] a:[10  4 10] p:[86.0, 56.0, 92.0] ->502.88
[65] a:[10  4 10] p:[50.0, 50.0, 92.0] ->884.87
[66] a:[10  4 10] p:[62.0, 50.0, 92.0] ->848.03
[67] a:[10  4 10] p:[62.0, 56.0, 92.0] ->848.59
[68] a:[10  7  7] p:[62.0, 62.0, 68.0] ->796.69
[69] a:[10  8  6] p:[50.0, 50.0, 68.0] ->845.32
[70] a:[10  7  7] p:[62.0, 56.0, 92.0] ->848.81
[71] a:[10  6  8] p:[56.0, 62.0, 50.0] ->730.32
[72] a:[10  8  6] p:[62.0, 56.0, 92.0] ->863.95
[73] a:[10 10  4] p:[50.0, 62.0, 98.0] ->860.38
[74] a:[10  5  9] p:[50.0, 62.0, 98.0] ->848.09
[75] a:[10  4 10] p:[50.0, 56.0, 98.0] ->846.86
[76] a:[10  4 10] p:[56.0, 56.0, 56.0] ->659.27
[77] a:[10  8  6] p:[56.0, 74.0, 98.0] ->695.52
[78] a:[10  6  8] p:[104.0, 62.0, 98.0] ->479.3
[79] a:[10  9  5] p:[50.0, 56.0, 98.0] ->867.58
[80] a:[10  5  9] p:[56.0, 56.0, 92.0] ->909.46
[81] a:[10  8  6] p:[50.0, 62.0, 98.0] ->884.07
[82] a:[10  5  9] p:[68.0, 50.0, 56.0] ->291.35
[83] a:[10  9  5] p:[56.0, 56.0, 86.0] ->874.91
[84] a:[10  8  6] p:[50.0, 50.0, 86.0] ->847.65
[85] a:[10  8  6] p:[50.0, 104.0, 74.0] ->536.35
[86] a:[10  8  6] p:[56.0, 62.0, 50.0] ->793.2
[87] a:[10  9  5] p:[56.0, 62.0, 86.0] ->883.64
[88] a:[10  5  9] p:[56.0, 62.0, 92.0] ->913.29
[89] a:[10  8  6] p:[56.0, 56.0, 92.0] ->930.63
[90] a:[10  8  6] p:[56.0, 62.0, 86.0] ->886.79
[91] a:[10  5  9] p:[56.0, 56.0, 68.0] ->831.77
[92] a:[10  6  8] p:[62.0, 50.0, 86.0] ->784.6
[93] a:[10  8  6] p:[50.0, 50.0, 92.0] ->899.34
[94] a:[10  6  8] p:[50.0, 92.0, 80.0] ->586.2
[95] a:[10  5  9] p:[56.0, 56.0, 98.0] ->874.09
[96] a:[10  6  8] p:[50.0, 104.0, 98.0] ->722.6
[97] a:[10  8  6] p:[86.0, 62.0, 98.0] ->501.52
[98] a:[10  8  6] p:[74.0, 62.0, 104.0] ->386.93
[99] a:[10  7  7] p:[62.0, 50.0, 80.0] ->694.73
[100] a:[10  6  8] p:[50.0, 62.0, 98.0] ->863.95
[101] a:[10  7  7] p:[86.0, 50.0, 74.0] ->343.81
[102] a:[10  5  9] p:[56.0, 62.0, 68.0] ->835.6
[103] a:[10 10  4] p:[56.0, 62.0, 68.0] ->870.04
[104] a:[10  6  8] p:[56.0, 68.0, 98.0] ->775.66
[105] a:[10  5  9] p:[62.0, 62.0, 86.0] ->772.27
[106] a:[10  8  6] p:[56.0, 56.0, 86.0] ->878.93
[107] a:[10  8  6] p:[50.0, 50.0, 86.0] ->847.65
[108] a:[10  7  7] p:[104.0, 56.0, 80.0] ->348.16
[109] a:[10  4 10] p:[50.0, 62.0, 92.0] ->888.47
[110] a:[10  7  7] p:[50.0, 62.0, 92.0] ->892.34
[111] a:[10  9  5] p:[56.0, 62.0, 92.0] ->926.54
[112] a:[10  8  6] p:[50.0, 62.0, 92.0] ->908.66
[113] a:[10  4 10] p:[56.0, 62.0, 104.0] ->753.4
[114] a:[10  8  6] p:[56.0, 56.0, 98.0] ->906.04
[115] a:[10  6  8] p:[56.0, 62.0, 98.0] ->893.77
[116] a:[10  7  7] p:[104.0, 56.0, 56.0] ->323.37
[117] a:[10  9  5] p:[104.0, 56.0, 98.0] ->482.93
[118] a:[10  7  7] p:[50.0, 62.0, 86.0] ->836.06
[119] a:[10  8  6] p:[62.0, 62.0, 92.0] ->871.81
[120] a:[10  8  6] p:[56.0, 62.0, 98.0] ->913.9
[121] a:[10  9  5] p:[56.0, 56.0, 92.0] ->917.81
[122] a:[10  5  9] p:[56.0, 62.0, 92.0] ->913.29
[123] a:[10  8  6] p:[62.0, 56.0, 68.0] ->809.93
[124] a:[10  6  8] p:[56.0, 50.0, 92.0] ->921.28
[125] a:[10  8  6] p:[56.0, 62.0, 92.0] ->938.49
[126] a:[10  6  8] p:[56.0, 56.0, 62.0] ->655.86
[127] a:[10  9  5] p:[56.0, 50.0, 80.0] ->799.68
[128] a:[10  7  7] p:[62.0, 50.0, 92.0] ->847.57
[129] a:[10  9  5] p:[50.0, 56.0, 98.0] ->867.58
[130] a:[10  7  7] p:[56.0, 62.0, 86.0] ->865.89
[131] a:[10  6  8] p:[50.0, 62.0, 86.0] ->827.24
[132] a:[10  7  7] p:[86.0, 62.0, 92.0] ->509.79
[133] a:[10  9  5] p:[56.0, 62.0, 86.0] ->883.64
[134] a:[10  4 10] p:[62.0, 98.0, 104.0] ->616.31
[135] a:[10  7  7] p:[56.0, 50.0, 68.0] ->855.44
[136] a:[10  7  7] p:[56.0, 62.0, 98.0] ->895.39
[137] a:[10  6  8] p:[56.0, 62.0, 98.0] ->893.77
[138] a:[10  9  5] p:[56.0, 86.0, 98.0] ->680.97
[139] a:[10  9  5] p:[56.0, 50.0, 92.0] ->916.2
[140] a:[10  9  5] p:[56.0, 62.0, 92.0] ->926.54
[141] a:[10  8  6] p:[56.0, 98.0, 50.0] ->610.82
[142] a:[10  4 10] p:[68.0, 50.0, 86.0] ->450.89
[143] a:[10  8  6] p:[68.0, 62.0, 86.0] ->504.08
[144] a:[10  7  7] p:[62.0, 74.0, 92.0] ->669.83
[145] a:[10  8  6] p:[62.0, 62.0, 56.0] ->708.63
[146] a:[10  6  8] p:[56.0, 56.0, 68.0] ->849.03
[147] a:[10  4 10] p:[56.0, 56.0, 68.0] ->830.52
[148] a:[10  9  5] p:[56.0, 62.0, 86.0] ->883.64
[149] a:[10  4 10] p:[56.0, 62.0, 50.0] ->690.38
[150] a:[10  8  6] p:[50.0, 62.0, 68.0] ->854.64
[151] a:[10  8  6] p:[62.0, 62.0, 92.0] ->871.81
[152] a:[10  7  7] p:[92.0, 62.0, 86.0] ->514.64
[153] a:[10  5  9] p:[50.0, 50.0, 92.0] ->878.92
[154] a:[10  7  7] p:[50.0, 56.0, 98.0] ->858.88
[155] a:[10  7  7] p:[56.0, 62.0, 98.0] ->895.39
[156] a:[10  6  8] p:[56.0, 68.0, 86.0] ->738.96
[157] a:[10  7  7] p:[50.0, 56.0, 92.0] ->885.65
[158] a:[10  7  7] p:[56.0, 50.0, 74.0] ->756.19
[159] a:[10  8  6] p:[74.0, 50.0, 104.0] ->377.62
[160] a:[10  9  5] p:[56.0, 56.0, 92.0] ->917.81
[161] a:[10  7  7] p:[56.0, 62.0, 80.0] ->769.32
[162] a:[10  8  6] p:[50.0, 50.0, 86.0] ->847.65
[163] a:[10  8  6] p:[98.0, 50.0, 92.0] ->544.67
[164] a:[10  7  7] p:[56.0, 62.0, 92.0] ->922.16
[165] a:[10  5  9] p:[62.0, 74.0, 92.0] ->740.19
[166] a:[10  5  9] p:[56.0, 50.0, 104.0] ->757.57
[167] a:[10  5  9] p:[50.0, 56.0, 74.0] ->670.81
[168] a:[10  8  6] p:[56.0, 56.0, 92.0] ->930.63
[169] a:[10  9  5] p:[50.0, 50.0, 92.0] ->886.37
[170] a:[10  9  5] p:[56.0, 86.0, 92.0] ->701.38
[171] a:[10  9  5] p:[62.0, 50.0, 98.0] ->829.12
[172] a:[10  7  7] p:[56.0, 56.0, 98.0] ->888.71
[173] a:[10  8  6] p:[62.0, 62.0, 86.0] ->820.12
[174] a:[10  4 10] p:[50.0, 62.0, 56.0] ->632.48
[175] a:[10  5  9] p:[62.0, 50.0, 92.0] ->842.08
[176] a:[10  6  8] p:[50.0, 50.0, 92.0] ->891.45
[177] a:[10  7  7] p:[50.0, 50.0, 98.0] ->857.65
[178] a:[10  6  8] p:[56.0, 50.0, 104.0] ->778.92
[179] a:[10  6  8] p:[62.0, 74.0, 98.0] ->691.19
[180] a:[10  6  8] p:[50.0, 56.0, 68.0] ->819.2
[181] a:[10  9  5] p:[56.0, 62.0, 92.0] ->926.54
[182] a:[10  9  5] p:[104.0, 50.0, 68.0] ->456.89
[183] a:[10  6  8] p:[56.0, 62.0, 92.0] ->927.08
[184] a:[10  8  6] p:[56.0, 56.0, 92.0] ->930.63
[185] a:[10  8  6] p:[56.0, 56.0, 50.0] ->785.34
[186] a:[10  5  9] p:[62.0, 56.0, 92.0] ->842.79
[187] a:[10  8  6] p:[56.0, 50.0, 92.0] ->929.17
[188] a:[10  6  8] p:[50.0, 56.0, 68.0] ->819.2
[189] a:[10  8  6] p:[56.0, 62.0, 92.0] ->938.49
[190] a:[10  8  6] p:[56.0, 50.0, 98.0] ->904.58
[191] a:[10  8  6] p:[68.0, 62.0, 50.0] ->410.49
[192] a:[10  5  9] p:[98.0, 62.0, 92.0] ->528.79
[193] a:[10  8  6] p:[56.0, 98.0, 104.0] ->650.99
[194] a:[10  8  6] p:[50.0, 62.0, 92.0] ->908.66
[195] a:[10 10  4] p:[56.0, 56.0, 86.0] ->862.48
[196] a:[10  8  6] p:[56.0, 86.0, 92.0] ->735.59
[197] a:[10  5  9] p:[62.0, 56.0, 92.0] ->842.79
[198] a:[10  8  6] p:[50.0, 62.0, 104.0] ->803.54
[199] a:[10  8  6] p:[56.0, 50.0, 68.0] ->875.15
[200] a:[10  8  6] p:[56.0, 62.0, 98.0] ->913.9
[201] a:[10  9  5] p:[50.0, 50.0, 92.0] ->886.37
[202] a:[10  4 10] p:[50.0, 62.0, 80.0] ->668.2
[203] a:[10  7  7] p:[62.0, 80.0, 98.0] ->644.68
[204] a:[10  5  9] p:[56.0, 56.0, 92.0] ->909.46
[205] a:[10  9  5] p:[50.0, 62.0, 56.0] ->761.29
[206] a:[10  8  6] p:[50.0, 62.0, 92.0] ->908.66
[207] a:[10  7  7] p:[56.0, 92.0, 98.0] ->730.24
[208] a:[10  7  7] p:[80.0, 62.0, 98.0] ->480.11
[209] a:[10  8  6] p:[56.0, 56.0, 68.0] ->876.61
[210] a:[10  7  7] p:[56.0, 56.0, 68.0] ->856.68
[211] a:[10  6  8] p:[50.0, 50.0, 92.0] ->891.45
[212] a:[10  6  8] p:[56.0, 62.0, 92.0] ->927.08
[213] a:[10  6  8] p:[62.0, 50.0, 92.0] ->854.61
[214] a:[10  9  5] p:[62.0, 62.0, 92.0] ->859.86
[215] a:[10 10  4] p:[50.0, 50.0, 92.0] ->866.39
[216] a:[10  7  7] p:[50.0, 62.0, 92.0] ->892.34
[217] a:[10  8  6] p:[50.0, 56.0, 98.0] ->876.21
[218] a:[10  8  6] p:[62.0, 56.0, 92.0] ->863.95
[219] a:[10  9  5] p:[56.0, 68.0, 92.0] ->715.94
[220] a:[10  8  6] p:[56.0, 56.0, 86.0] ->878.93
[221] a:[10  8  6] p:[56.0, 62.0, 92.0] ->938.49
[222] a:[10  9  5] p:[56.0, 98.0, 74.0] ->603.66
[223] a:[10  8  6] p:[50.0, 62.0, 68.0] ->854.64
[224] a:[10  8  6] p:[62.0, 56.0, 86.0] ->812.26
[225] a:[10  8  6] p:[56.0, 56.0, 92.0] ->930.63
[226] a:[10  8  6] p:[50.0, 56.0, 98.0] ->876.21
[227] a:[10  4 10] p:[56.0, 56.0, 98.0] ->876.68
[228] a:[10  5  9] p:[56.0, 50.0, 98.0] ->873.38
[229] a:[10  8  6] p:[50.0, 62.0, 68.0] ->854.64
[230] a:[10  9  5] p:[62.0, 56.0, 92.0] ->851.14
[231] a:[10  6  8] p:[56.0, 56.0, 56.0] ->701.19
[232] a:[10  8  6] p:[56.0, 50.0, 92.0] ->929.17
[233] a:[10  8  6] p:[56.0, 50.0, 92.0] ->929.17
[234] a:[10  9  5] p:[56.0, 62.0, 104.0] ->839.31
[235] a:[10  8  6] p:[92.0, 56.0, 68.0] ->525.36
[236] a:[10  9  5] p:[50.0, 80.0, 92.0] ->656.49
[237] a:[10  6  8] p:[92.0, 62.0, 92.0] ->575.83
[238] a:[10  8  6] p:[50.0, 50.0, 92.0] ->899.34
[239] a:[10  8  6] p:[56.0, 62.0, 98.0] ->913.9
[240] a:[10  9  5] p:[56.0, 50.0, 86.0] ->873.3
[241] a:[10  9  5] p:[50.0, 80.0, 92.0] ->656.49
[242] a:[10  7  7] p:[56.0, 62.0, 92.0] ->922.16
[243] a:[10  6  8] p:[56.0, 50.0, 98.0] ->887.98
[244] a:[10  8  6] p:[62.0, 62.0, 92.0] ->871.81
[245] a:[10  5  9] p:[56.0, 62.0, 92.0] ->913.29
[246] a:[10  6  8] p:[50.0, 50.0, 62.0] ->625.13
[247] a:[10  8  6] p:[56.0, 62.0, 92.0] ->938.49
[248] a:[10  6  8] p:[62.0, 62.0, 92.0] ->860.41
[249] a:[10  8  6] p:[50.0, 50.0, 98.0] ->874.75
[250] a:[10  8  6] p:[56.0, 50.0, 98.0] ->904.58
[251] a:[10  5  9] p:[50.0, 50.0, 92.0] ->878.92
[252] a:[10  7  7] p:[56.0, 62.0, 98.0] ->895.39
[253] a:[10  7  7] p:[62.0, 62.0, 92.0] ->855.49
[254] a:[10  9  5] p:[56.0, 62.0, 98.0] ->906.13
[255] a:[10  8  6] p:[56.0, 50.0, 92.0] ->929.17
[256] a:[10  7  7] p:[56.0, 62.0, 92.0] ->922.16
[257] a:[10  8  6] p:[56.0, 56.0, 92.0] ->930.63
[258] a:[10  8  6] p:[56.0, 62.0, 98.0] ->913.9
[259] a:[10  7  7] p:[56.0, 62.0, 62.0] ->708.09
[260] a:[10  6  8] p:[50.0, 62.0, 92.0] ->897.25
[261] a:[10  6  8] p:[56.0, 62.0, 92.0] ->927.08
[262] a:[10  8  6] p:[56.0, 50.0, 92.0] ->929.17
[263] a:[10  8  6] p:[68.0, 50.0, 98.0] ->521.87
[264] a:[10  8  6] p:[62.0, 50.0, 92.0] ->862.5
[265] a:[10  8  6] p:[62.0, 62.0, 98.0] ->847.22
[266] a:[10  6  8] p:[56.0, 56.0, 50.0] ->725.43
[267] a:[10  8  6] p:[56.0, 50.0, 92.0] ->929.17
[268] a:[10  6  8] p:[56.0, 62.0, 92.0] ->927.08
[269] a:[10  9  5] p:[62.0, 56.0, 68.0] ->806.31
[270] a:[10  8  6] p:[56.0, 62.0, 92.0] ->938.49
[271] a:[10  8  6] p:[56.0, 56.0, 68.0] ->876.61
[272] a:[10  6  8] p:[56.0, 62.0, 74.0] ->730.45
[273] a:[10  7  7] p:[56.0, 50.0, 92.0] ->914.25
[274] a:[10  6  8] p:[62.0, 56.0, 92.0] ->855.51
[275] a:[10  7  7] p:[50.0, 50.0, 92.0] ->884.42
[276] a:[10  8  6] p:[56.0, 56.0, 92.0] ->930.63
[277] a:[10  8  6] p:[56.0, 50.0, 68.0] ->875.15
[278] a:[10  6  8] p:[50.0, 50.0, 92.0] ->891.45
[279] a:[10  9  5] p:[56.0, 68.0, 92.0] ->715.94
[280] a:[10  7  7] p:[50.0, 56.0, 92.0] ->885.65
[281] a:[10  7  7] p:[56.0, 56.0, 86.0] ->859.21
[282] a:[10  6  8] p:[56.0, 62.0, 92.0] ->927.08
[283] a:[10  9  5] p:[50.0, 56.0, 92.0] ->887.98
[284] a:[10  8  6] p:[56.0, 62.0, 68.0] ->884.47
[285] a:[10  9  5] p:[56.0, 56.0, 92.0] ->917.81
[286] a:[10  8  6] p:[50.0, 62.0, 92.0] ->908.66
[287] a:[10  8  6] p:[50.0, 56.0, 92.0] ->900.8
[288] a:[10  9  5] p:[56.0, 62.0, 92.0] ->926.54
[289] a:[10  8  6] p:[56.0, 56.0, 92.0] ->930.63
[290] a:[10  7  7] p:[56.0, 50.0, 98.0] ->887.48
[291] a:[10  7  7] p:[56.0, 62.0, 98.0] ->895.39
[292] a:[10  9  5] p:[50.0, 62.0, 92.0] ->896.71
[293] a:[10  7  7] p:[50.0, 62.0, 98.0] ->865.57
[294] a:[10  8  6] p:[56.0, 56.0, 98.0] ->906.04
[295] a:[10  7  7] p:[62.0, 56.0, 92.0] ->848.81
[296] a:[10  9  5] p:[50.0, 62.0, 92.0] ->896.71
[297] a:[10  8  6] p:[50.0, 50.0, 92.0] ->899.34
[298] a:[10  8  6] p:[50.0, 56.0, 92.0] ->900.8
[299] a:[10 10  4] p:[50.0, 98.0, 92.0] ->664.84

Starting experiment 2

Ideal pricing solution: [56.0, 62.0, 92.0]
Ideal advertising solution: [10  8  6]
Ideal result: 938.49

[0] a:[ 4 10  8] p:[68.0, 86.0, 74.0] ->165.49
[1] a:[6 4 1] p:[62.0, 50.0, 56.0] ->242.8
[2] a:[ 5 10  1] p:[98.0, 104.0, 62.0] ->45.38
[3] a:[1 1 3] p:[68.0, 92.0, 68.0] ->82.41
[4] a:[5 3 3] p:[80.0, 50.0, 92.0] ->168.69
[5] a:[ 3 10  3] p:[50.0, 68.0, 68.0] ->160.65
[6] a:[ 6 10  0] p:[104.0, 74.0, 98.0] ->112.25
[7] a:[ 1 10  3] p:[92.0, 80.0, 104.0] ->86.61
[8] a:[ 2 10  7] p:[86.0, 56.0, 104.0] ->408.29
[9] a:[5 9 8] p:[62.0, 98.0, 74.0] ->267.95
[10] a:[ 6 10  8] p:[74.0, 56.0, 68.0] ->515.81
[11] a:[ 6 10  8] p:[92.0, 50.0, 98.0] ->586.17
[12] a:[ 6 10  8] p:[56.0, 62.0, 80.0] ->558.97
[13] a:[ 6 10  8] p:[50.0, 62.0, 92.0] ->739.04
[14] a:[ 6 10  8] p:[86.0, 104.0, 86.0] ->275.14
[15] a:[ 6 10  8] p:[56.0, 86.0, 50.0] ->316.08
[16] a:[ 6 10  8] p:[50.0, 68.0, 98.0] ->484.72
[17] a:[ 6 10  8] p:[104.0, 50.0, 68.0] ->524.93
[18] a:[ 6 10  8] p:[62.0, 92.0, 68.0] ->427.19
[19] a:[7 9 8] p:[50.0, 62.0, 56.0] ->571.85
[20] a:[ 6 10  8] p:[50.0, 74.0, 86.0] ->414.71
[21] a:[7 9 8] p:[50.0, 56.0, 86.0] ->714.11
[22] a:[7 9 8] p:[56.0, 56.0, 50.0] ->602.02
[23] a:[7 9 8] p:[62.0, 62.0, 50.0] ->577.98
[24] a:[ 7 10  7] p:[74.0, 92.0, 68.0] ->256.09
[25] a:[ 7 10  7] p:[98.0, 98.0, 62.0] ->145.09
[26] a:[7 9 8] p:[50.0, 56.0, 104.0] ->641.76
[27] a:[8 8 8] p:[92.0, 68.0, 92.0] ->441.94
[28] a:[8 9 7] p:[50.0, 62.0, 80.0] ->667.77
[29] a:[8 9 7] p:[56.0, 92.0, 104.0] ->511.27
[30] a:[8 8 8] p:[50.0, 62.0, 86.0] ->784.25
[31] a:[8 9 7] p:[104.0, 56.0, 104.0] ->431.13
[32] a:[8 8 8] p:[50.0, 50.0, 50.0] ->648.19
[33] a:[9 7 8] p:[56.0, 98.0, 98.0] ->727.0
[34] a:[9 7 8] p:[98.0, 50.0, 92.0] ->578.08
[35] a:[9 8 7] p:[50.0, 56.0, 92.0] ->858.06
[36] a:[9 7 8] p:[86.0, 104.0, 50.0] ->172.26
[37] a:[9 7 8] p:[62.0, 50.0, 68.0] ->777.18
[38] a:[10  5  9] p:[56.0, 86.0, 98.0] ->779.04
[39] a:[10  7  7] p:[56.0, 62.0, 86.0] ->865.89
[40] a:[10  8  6] p:[68.0, 62.0, 80.0] ->415.37
[41] a:[10  5  9] p:[62.0, 50.0, 98.0] ->806.71
[42] a:[10  5  9] p:[56.0, 62.0, 92.0] ->913.29
[43] a:[10  7  7] p:[62.0, 62.0, 74.0] ->697.44
[44] a:[10  9  5] p:[62.0, 50.0, 98.0] ->829.12
[45] a:[10  5  9] p:[56.0, 62.0, 98.0] ->877.92
[46] a:[10  7  7] p:[62.0, 62.0, 50.0] ->697.34
[47] a:[10  8  6] p:[98.0, 56.0, 98.0] ->521.53
[48] a:[10  7  7] p:[62.0, 50.0, 68.0] ->788.77
[49] a:[10  7  7] p:[62.0, 62.0, 98.0] ->828.72
[50] a:[10  7  7] p:[80.0, 62.0, 86.0] ->450.61
[51] a:[10  5  9] p:[50.0, 80.0, 74.0] ->569.15
[52] a:[10 10  4] p:[50.0, 74.0, 92.0] ->622.92
[53] a:[10  6  8] p:[50.0, 56.0, 68.0] ->819.2
[54] a:[10  5  9] p:[98.0, 62.0, 92.0] ->528.79
[55] a:[10  5  9] p:[62.0, 98.0, 104.0] ->606.55
[56] a:[10  7  7] p:[50.0, 80.0, 92.0] ->708.3
[57] a:[10  8  6] p:[56.0, 68.0, 80.0] ->608.3
[58] a:[10  6  8] p:[56.0, 62.0, 92.0] ->927.08
[59] a:[10  4 10] p:[80.0, 50.0, 86.0] ->418.32
[60] a:[10  7  7] p:[104.0, 56.0, 104.0] ->386.58
[61] a:[10  6  8] p:[56.0, 50.0, 86.0] ->851.27
[62] a:[10  6  8] p:[104.0, 50.0, 92.0] ->506.8
[63] a:[10  8  6] p:[74.0, 56.0, 98.0] ->459.6
[64] a:[10  6  8] p:[56.0, 56.0, 62.0] ->655.86
[65] a:[10  9  5] p:[62.0, 86.0, 74.0] ->514.22
[66] a:[10  6  8] p:[56.0, 50.0, 92.0] ->921.28
[67] a:[10  5  9] p:[56.0, 50.0, 74.0] ->699.93
[68] a:[10  6  8] p:[56.0, 56.0, 92.0] ->922.19
[69] a:[10  6  8] p:[62.0, 56.0, 62.0] ->589.19
[70] a:[10  5  9] p:[56.0, 68.0, 92.0] ->820.8
[71] a:[10  6  8] p:[50.0, 56.0, 86.0] ->822.35
[72] a:[10  7  7] p:[62.0, 50.0, 68.0] ->788.77
[73] a:[10  4 10] p:[56.0, 50.0, 98.0] ->876.12
[74] a:[10  9  5] p:[50.0, 104.0, 98.0] ->624.27
[75] a:[10  8  6] p:[62.0, 98.0, 92.0] ->689.43
[76] a:[10  7  7] p:[104.0, 86.0, 68.0] ->276.38
[77] a:[10  9  5] p:[56.0, 80.0, 92.0] ->686.32
[78] a:[10  4 10] p:[50.0, 98.0, 92.0] ->818.06
[79] a:[10  6  8] p:[62.0, 56.0, 98.0] ->822.21
[80] a:[10  6  8] p:[50.0, 62.0, 68.0] ->824.09
[81] a:[10  8  6] p:[50.0, 56.0, 92.0] ->900.8
[82] a:[10  7  7] p:[56.0, 62.0, 56.0] ->744.53
[83] a:[10  8  6] p:[68.0, 68.0, 92.0] ->366.0
[84] a:[10  7  7] p:[86.0, 56.0, 56.0] ->325.47
[85] a:[10  6  8] p:[56.0, 50.0, 98.0] ->887.98
[86] a:[10  4 10] p:[50.0, 50.0, 92.0] ->884.87
[87] a:[10  8  6] p:[98.0, 62.0, 98.0] ->529.39
[88] a:[10  4 10] p:[92.0, 62.0, 80.0] ->346.79
[89] a:[10  6  8] p:[98.0, 62.0, 92.0] ->542.58
[90] a:[10 10  4] p:[50.0, 74.0, 92.0] ->622.92
[91] a:[10  5  9] p:[56.0, 56.0, 98.0] ->874.09
[92] a:[10  7  7] p:[56.0, 50.0, 80.0] ->761.4
[93] a:[10  4 10] p:[50.0, 50.0, 68.0] ->800.13
[94] a:[10  7  7] p:[50.0, 50.0, 50.0] ->726.26
[95] a:[10  8  6] p:[56.0, 62.0, 80.0] ->798.08
[96] a:[10  7  7] p:[56.0, 86.0, 92.0] ->749.66
[97] a:[10  5  9] p:[56.0, 50.0, 92.0] ->908.75
[98] a:[10  6  8] p:[56.0, 50.0, 92.0] ->921.28
[99] a:[10  6  8] p:[62.0, 62.0, 92.0] ->860.41
[100] a:[10  8  6] p:[56.0, 56.0, 68.0] ->876.61
[101] a:[10  7  7] p:[56.0, 62.0, 92.0] ->922.16
[102] a:[10  6  8] p:[50.0, 50.0, 50.0] ->694.69
[103] a:[10  8  6] p:[50.0, 62.0, 98.0] ->884.07
[104] a:[10  9  5] p:[50.0, 50.0, 92.0] ->886.37
[105] a:[10  7  7] p:[50.0, 62.0, 86.0] ->836.06
[106] a:[10  8  6] p:[56.0, 62.0, 98.0] ->913.9
[107] a:[10  9  5] p:[92.0, 50.0, 86.0] ->522.05
[108] a:[10  7  7] p:[50.0, 50.0, 68.0] ->825.61
[109] a:[10  6  8] p:[50.0, 50.0, 86.0] ->821.44
[110] a:[10  6  8] p:[56.0, 62.0, 98.0] ->893.77
[111] a:[10  8  6] p:[62.0, 50.0, 92.0] ->862.5
[112] a:[10  5  9] p:[56.0, 92.0, 62.0] ->535.79
[113] a:[10  5  9] p:[68.0, 62.0, 86.0] ->456.23
[114] a:[10  6  8] p:[50.0, 62.0, 104.0] ->754.89
[115] a:[10  9  5] p:[62.0, 56.0, 98.0] ->830.73
[116] a:[10  6  8] p:[56.0, 62.0, 92.0] ->927.08
[117] a:[10  8  6] p:[62.0, 56.0, 92.0] ->863.95
[118] a:[10  5  9] p:[50.0, 92.0, 92.0] ->788.79
[119] a:[10  7  7] p:[50.0, 80.0, 98.0] ->681.53
[120] a:[10  4 10] p:[50.0, 50.0, 74.0] ->657.1
[121] a:[10  4 10] p:[50.0, 50.0, 104.0] ->719.97
[122] a:[10  8  6] p:[56.0, 104.0, 86.0] ->659.68
[123] a:[10  8  6] p:[50.0, 56.0, 86.0] ->849.1
[124] a:[10  4 10] p:[50.0, 50.0, 92.0] ->884.87
[125] a:[10  7  7] p:[56.0, 62.0, 98.0] ->895.39
[126] a:[10  7  7] p:[56.0, 80.0, 98.0] ->711.35
[127] a:[10  9  5] p:[62.0, 62.0, 98.0] ->839.46
[128] a:[10  9  5] p:[62.0, 62.0, 62.0] ->696.67
[129] a:[10  4 10] p:[62.0, 50.0, 92.0] ->848.03
[130] a:[10  7  7] p:[56.0, 50.0, 68.0] ->855.44
[131] a:[10  8  6] p:[56.0, 56.0, 86.0] ->878.93
[132] a:[10  6  8] p:[56.0, 56.0, 92.0] ->922.19
[133] a:[10  8  6] p:[56.0, 56.0, 86.0] ->878.93
[134] a:[10  6  8] p:[92.0, 50.0, 92.0] ->570.04
[135] a:[10  8  6] p:[56.0, 56.0, 98.0] ->906.04
[136] a:[10  8  6] p:[86.0, 56.0, 56.0] ->355.07
[137] a:[10  4 10] p:[56.0, 50.0, 80.0] ->694.43
[138] a:[10  6  8] p:[56.0, 62.0, 104.0] ->784.72
[139] a:[10  8  6] p:[56.0, 56.0, 68.0] ->876.61
[140] a:[10  7  7] p:[56.0, 50.0, 50.0] ->756.09
[141] a:[10  5  9] p:[104.0, 50.0, 92.0] ->494.27
[142] a:[10  4 10] p:[56.0, 62.0, 92.0] ->918.3
[143] a:[10  8  6] p:[68.0, 50.0, 92.0] ->546.46
[144] a:[10  7  7] p:[56.0, 62.0, 86.0] ->865.89
[145] a:[10  8  6] p:[56.0, 56.0, 68.0] ->876.61
[146] a:[10  5  9] p:[62.0, 62.0, 68.0] ->768.92
[147] a:[10  4 10] p:[50.0, 62.0, 92.0] ->888.47
[148] a:[10  6  8] p:[50.0, 50.0, 92.0] ->891.45
[149] a:[10  8  6] p:[50.0, 62.0, 98.0] ->884.07
[150] a:[10  8  6] p:[50.0, 62.0, 92.0] ->908.66
[151] a:[10  9  5] p:[62.0, 62.0, 92.0] ->859.86
[152] a:[10  8  6] p:[50.0, 68.0, 86.0] ->667.19
[153] a:[10  8  6] p:[56.0, 50.0, 98.0] ->904.58
[154] a:[10  9  5] p:[80.0, 50.0, 98.0] ->480.51
[155] a:[10  5  9] p:[56.0, 62.0, 68.0] ->835.6
[156] a:[10  7  7] p:[50.0, 50.0, 68.0] ->825.61
[157] a:[10  4 10] p:[56.0, 56.0, 92.0] ->915.26
[158] a:[10  7  7] p:[50.0, 62.0, 92.0] ->892.34
[159] a:[10  7  7] p:[50.0, 56.0, 92.0] ->885.65
[160] a:[10  8  6] p:[50.0, 62.0, 104.0] ->803.54
[161] a:[10  9  5] p:[50.0, 50.0, 92.0] ->886.37
[162] a:[10  8  6] p:[56.0, 98.0, 92.0] ->756.1
[163] a:[10  5  9] p:[62.0, 50.0, 62.0] ->559.25
[164] a:[10  7  7] p:[56.0, 62.0, 86.0] ->865.89
[165] a:[10  8  6] p:[50.0, 56.0, 92.0] ->900.8
[166] a:[10  8  6] p:[50.0, 56.0, 98.0] ->876.21
[167] a:[10  8  6] p:[50.0, 56.0, 92.0] ->900.8
[168] a:[10  8  6] p:[74.0, 56.0, 92.0] ->484.19
[169] a:[10  7  7] p:[56.0, 50.0, 98.0] ->887.48
[170] a:[10  7  7] p:[50.0, 50.0, 98.0] ->857.65
[171] a:[10  6  8] p:[56.0, 62.0, 98.0] ->893.77
[172] a:[10  8  6] p:[56.0, 62.0, 74.0] ->793.3
[173] a:[10  6  8] p:[56.0, 50.0, 68.0] ->848.12
[174] a:[10  4 10] p:[56.0, 62.0, 68.0] ->833.55
[175] a:[10  8  6] p:[56.0, 62.0, 104.0] ->833.37
[176] a:[10  8  6] p:[80.0, 92.0, 92.0] ->328.95
[177] a:[10  5  9] p:[50.0, 56.0, 68.0] ->801.94
[178] a:[10  8  6] p:[56.0, 50.0, 98.0] ->904.58
[179] a:[10  5  9] p:[62.0, 62.0, 98.0] ->811.25
[180] a:[10  8  6] p:[56.0, 50.0, 68.0] ->875.15
[181] a:[10  8  6] p:[80.0, 62.0, 98.0] ->498.61
[182] a:[10  5  9] p:[50.0, 62.0, 86.0] ->809.11
[183] a:[10  8  6] p:[62.0, 56.0, 92.0] ->863.95
[184] a:[10  8  6] p:[92.0, 62.0, 98.0] ->562.65
[185] a:[10  6  8] p:[56.0, 56.0, 86.0] ->852.18
[186] a:[10  7  7] p:[50.0, 62.0, 56.0] ->714.7
[187] a:[10  9  5] p:[56.0, 86.0, 68.0] ->656.55
[188] a:[10  7  7] p:[56.0, 62.0, 68.0] ->863.36
[189] a:[10  8  6] p:[50.0, 50.0, 98.0] ->874.75
[190] a:[10  4 10] p:[62.0, 62.0, 86.0] ->770.53
[191] a:[10  7  7] p:[56.0, 50.0, 98.0] ->887.48
[192] a:[10  8  6] p:[92.0, 62.0, 92.0] ->587.24
[193] a:[10  7  7] p:[56.0, 62.0, 68.0] ->863.36
[194] a:[10  6  8] p:[56.0, 62.0, 86.0] ->857.07
[195] a:[10  9  5] p:[62.0, 74.0, 86.0] ->574.63
[196] a:[10  8  6] p:[68.0, 50.0, 80.0] ->406.05
[197] a:[10  6  8] p:[50.0, 50.0, 92.0] ->891.45
[198] a:[10  8  6] p:[56.0, 50.0, 92.0] ->929.17
[199] a:[10  7  7] p:[50.0, 56.0, 98.0] ->858.88
[200] a:[10  8  6] p:[56.0, 56.0, 98.0] ->906.04
[201] a:[10  8  6] p:[56.0, 62.0, 98.0] ->913.9
[202] a:[10  5  9] p:[62.0, 104.0, 86.0] ->661.59
[203] a:[10  8  6] p:[56.0, 104.0, 80.0] ->570.96
[204] a:[10  8  6] p:[56.0, 62.0, 98.0] ->913.9
[205] a:[10  7  7] p:[50.0, 62.0, 92.0] ->892.34
[206] a:[10  7  7] p:[50.0, 50.0, 92.0] ->884.42
[207] a:[10  8  6] p:[62.0, 74.0, 68.0] ->599.42
[208] a:[10  8  6] p:[50.0, 56.0, 68.0] ->846.78
[209] a:[10  7  7] p:[62.0, 50.0, 92.0] ->847.57
[210] a:[10  8  6] p:[62.0, 62.0, 56.0] ->708.63
[211] a:[10  6  8] p:[98.0, 62.0, 86.0] ->472.56
[212] a:[10  9  5] p:[74.0, 62.0, 92.0] ->480.1
[213] a:[10  6  8] p:[56.0, 86.0, 98.0] ->767.5
[214] a:[10  4 10] p:[56.0, 50.0, 92.0] ->914.7
[215] a:[10  9  5] p:[56.0, 56.0, 86.0] ->874.91
[216] a:[10  8  6] p:[50.0, 56.0, 92.0] ->900.8
[217] a:[10  8  6] p:[56.0, 56.0, 68.0] ->876.61
[218] a:[10  4 10] p:[56.0, 50.0, 92.0] ->914.7
[219] a:[10  9  5] p:[56.0, 50.0, 92.0] ->916.2
[220] a:[10  6  8] p:[62.0, 56.0, 92.0] ->855.51
[221] a:[10  7  7] p:[62.0, 50.0, 98.0] ->820.8
[222] a:[10  5  9] p:[50.0, 62.0, 92.0] ->883.46
[223] a:[10  8  6] p:[62.0, 56.0, 92.0] ->863.95
[224] a:[10  7  7] p:[56.0, 50.0, 92.0] ->914.25
[225] a:[10  6  8] p:[92.0, 62.0, 92.0] ->575.83
[226] a:[10  6  8] p:[56.0, 50.0, 92.0] ->921.28
[227] a:[10  7  7] p:[56.0, 56.0, 56.0] ->737.85
[228] a:[10  8  6] p:[50.0, 62.0, 68.0] ->854.64
[229] a:[10  9  5] p:[56.0, 56.0, 92.0] ->917.81
[230] a:[10  8  6] p:[56.0, 50.0, 86.0] ->877.48
[231] a:[10  7  7] p:[50.0, 56.0, 92.0] ->885.65
[232] a:[10  4 10] p:[62.0, 92.0, 92.0] ->776.63
[233] a:[10  8  6] p:[56.0, 62.0, 92.0] ->938.49
[234] a:[10  8  6] p:[56.0, 56.0, 92.0] ->930.63
[235] a:[10  8  6] p:[50.0, 50.0, 92.0] ->899.34
[236] a:[10  6  8] p:[50.0, 50.0, 98.0] ->858.15
[237] a:[10  7  7] p:[62.0, 62.0, 98.0] ->828.72
[238] a:[10  5  9] p:[62.0, 50.0, 98.0] ->806.71
[239] a:[10  8  6] p:[56.0, 62.0, 68.0] ->884.47
[240] a:[10  5  9] p:[56.0, 50.0, 92.0] ->908.75
[241] a:[10  8  6] p:[50.0, 62.0, 92.0] ->908.66
[242] a:[10  6  8] p:[56.0, 62.0, 98.0] ->893.77
[243] a:[10  7  7] p:[56.0, 62.0, 92.0] ->922.16
[244] a:[10  8  6] p:[56.0, 50.0, 98.0] ->904.58
[245] a:[10  7  7] p:[62.0, 62.0, 74.0] ->697.44
[246] a:[10  8  6] p:[62.0, 50.0, 86.0] ->810.8
[247] a:[10  7  7] p:[56.0, 50.0, 92.0] ->914.25
[248] a:[10  8  6] p:[56.0, 62.0, 86.0] ->886.79
[249] a:[10  7  7] p:[56.0, 62.0, 86.0] ->865.89
[250] a:[10  8  6] p:[56.0, 56.0, 92.0] ->930.63
[251] a:[10  7  7] p:[62.0, 62.0, 98.0] ->828.72
[252] a:[10  7  7] p:[50.0, 62.0, 92.0] ->892.34
[253] a:[10  8  6] p:[56.0, 56.0, 92.0] ->930.63
[254] a:[10  7  7] p:[50.0, 50.0, 80.0] ->731.57
[255] a:[10  8  6] p:[62.0, 56.0, 68.0] ->809.93
[256] a:[10  8  6] p:[56.0, 62.0, 104.0] ->833.37
[257] a:[10  7  7] p:[56.0, 62.0, 68.0] ->863.36
[258] a:[10  8  6] p:[56.0, 62.0, 92.0] ->938.49
[259] a:[10  8  6] p:[50.0, 62.0, 56.0] ->745.48
[260] a:[10  8  6] p:[56.0, 62.0, 92.0] ->938.49
[261] a:[10  4 10] p:[56.0, 62.0, 104.0] ->753.4
[262] a:[10  8  6] p:[56.0, 50.0, 104.0] ->824.06
[263] a:[10  8  6] p:[56.0, 50.0, 98.0] ->904.58
[264] a:[10  7  7] p:[56.0, 56.0, 92.0] ->915.48
[265] a:[10  8  6] p:[50.0, 50.0, 86.0] ->847.65
[266] a:[10  9  5] p:[56.0, 62.0, 92.0] ->926.54
[267] a:[10  7  7] p:[56.0, 56.0, 68.0] ->856.68
[268] a:[10  8  6] p:[56.0, 50.0, 98.0] ->904.58
[269] a:[10  8  6] p:[50.0, 62.0, 92.0] ->908.66
[270] a:[10  7  7] p:[56.0, 50.0, 80.0] ->761.4
[271] a:[10  8  6] p:[56.0, 62.0, 92.0] ->938.49
[272] a:[10  8  6] p:[50.0, 56.0, 92.0] ->900.8
[273] a:[10  9  5] p:[56.0, 56.0, 92.0] ->917.81
[274] a:[10  8  6] p:[104.0, 50.0, 98.0] ->490.1
[275] a:[10  5  9] p:[56.0, 50.0, 92.0] ->908.75
[276] a:[10  5  9] p:[56.0, 56.0, 86.0] ->835.11
[277] a:[10  9  5] p:[56.0, 56.0, 98.0] ->897.41
[278] a:[10  6  8] p:[56.0, 56.0, 92.0] ->922.19
[279] a:[10  8  6] p:[56.0, 56.0, 92.0] ->930.63
[280] a:[10  7  7] p:[50.0, 62.0, 92.0] ->892.34
[281] a:[10  7  7] p:[56.0, 62.0, 92.0] ->922.16
[282] a:[10  8  6] p:[50.0, 62.0, 92.0] ->908.66
[283] a:[10  7  7] p:[50.0, 56.0, 86.0] ->829.38
[284] a:[10  8  6] p:[56.0, 62.0, 92.0] ->938.49
[285] a:[10  6  8] p:[56.0, 50.0, 92.0] ->921.28
[286] a:[10  9  5] p:[56.0, 62.0, 68.0] ->881.71
[287] a:[10  7  7] p:[56.0, 50.0, 92.0] ->914.25
[288] a:[10  8  6] p:[50.0, 56.0, 92.0] ->900.8
[289] a:[10  7  7] p:[56.0, 62.0, 92.0] ->922.16
[290] a:[10  7  7] p:[56.0, 98.0, 92.0] ->767.1
[291] a:[10  8  6] p:[86.0, 50.0, 92.0] ->516.79
[292] a:[10  9  5] p:[56.0, 56.0, 92.0] ->917.81
[293] a:[10  8  6] p:[56.0, 62.0, 98.0] ->913.9
[294] a:[10  8  6] p:[56.0, 50.0, 92.0] ->929.17
[295] a:[10  7  7] p:[50.0, 62.0, 92.0] ->892.34
[296] a:[10  8  6] p:[56.0, 50.0, 92.0] ->929.17
[297] a:[10  8  6] p:[56.0, 50.0, 92.0] ->929.17
[298] a:[10 10  4] p:[50.0, 68.0, 92.0] ->656.23
[299] a:[10  7  7] p:[56.0, 62.0, 92.0] ->922.16

Starting experiment 3

Ideal pricing solution: [56.0, 62.0, 92.0]
Ideal advertising solution: [10  8  6]
Ideal result: 938.49

[0] a:[2 4 6] p:[74.0, 74.0, 104.0] ->132.1
[1] a:[2 4 4] p:[80.0, 92.0, 74.0] ->76.37
[2] a:[2 4 5] p:[56.0, 104.0, 98.0] ->186.28
[3] a:[ 2  5 10] p:[86.0, 68.0, 62.0] ->75.18
[4] a:[1 8 3] p:[56.0, 74.0, 86.0] ->106.78
[5] a:[1 5 2] p:[74.0, 98.0, 68.0] ->82.25
[6] a:[6 4 8] p:[98.0, 50.0, 56.0] ->205.12
[7] a:[1 7 7] p:[56.0, 56.0, 56.0] ->273.09
[8] a:[9 7 8] p:[62.0, 56.0, 62.0] ->585.25
[9] a:[1 8 9] p:[68.0, 80.0, 86.0] ->279.6
[10] a:[3 8 9] p:[104.0, 86.0, 80.0] ->167.52
[11] a:[4 8 9] p:[56.0, 86.0, 56.0] ->174.09
[12] a:[ 3  8 10] p:[50.0, 74.0, 68.0] ->317.26
[13] a:[ 4  8 10] p:[98.0, 56.0, 92.0] ->599.06
[14] a:[ 1  8 10] p:[92.0, 62.0, 50.0] ->372.37
[15] a:[ 1  9 10] p:[62.0, 98.0, 62.0] ->118.17
[16] a:[ 1  9 10] p:[62.0, 62.0, 92.0] ->629.07
[17] a:[8 8 8] p:[56.0, 80.0, 98.0] ->625.15
[18] a:[ 9  0 10] p:[80.0, 92.0, 92.0] ->405.65
[19] a:[8 7 9] p:[98.0, 98.0, 98.0] ->400.87
[20] a:[8 7 9] p:[74.0, 62.0, 98.0] ->513.06
[21] a:[8 8 8] p:[104.0, 68.0, 92.0] ->398.15
[22] a:[8 7 9] p:[62.0, 62.0, 56.0] ->576.68
[23] a:[8 7 9] p:[50.0, 56.0, 80.0] ->628.26
[24] a:[7 8 9] p:[98.0, 62.0, 98.0] ->575.55
[25] a:[8 7 9] p:[50.0, 50.0, 104.0] ->677.79
[26] a:[ 8  6 10] p:[50.0, 56.0, 86.0] ->725.11
[27] a:[7 8 9] p:[56.0, 68.0, 74.0] ->401.28
[28] a:[8 7 9] p:[92.0, 56.0, 68.0] ->529.96
[29] a:[8 8 8] p:[62.0, 62.0, 50.0] ->631.99
[30] a:[8 8 8] p:[68.0, 56.0, 104.0] ->459.71
[31] a:[7 8 9] p:[56.0, 62.0, 92.0] ->799.87
[32] a:[7 8 9] p:[56.0, 104.0, 62.0] ->289.93
[33] a:[8 7 9] p:[50.0, 56.0, 86.0] ->755.85
[34] a:[8 7 9] p:[62.0, 98.0, 74.0] ->447.49
[35] a:[8 7 9] p:[62.0, 92.0, 92.0] ->646.21
[36] a:[8 7 9] p:[56.0, 86.0, 80.0] ->483.09
[37] a:[8 7 9] p:[104.0, 80.0, 86.0] ->312.16
[38] a:[8 8 8] p:[56.0, 50.0, 74.0] ->668.97
[39] a:[8 8 8] p:[62.0, 50.0, 104.0] ->677.08
[40] a:[ 8  6 10] p:[98.0, 80.0, 104.0] ->265.9
[41] a:[8 8 8] p:[62.0, 92.0, 86.0] ->564.48
[42] a:[8 8 8] p:[50.0, 56.0, 68.0] ->773.25
[43] a:[9 7 8] p:[92.0, 92.0, 98.0] ->416.02
[44] a:[9 7 8] p:[62.0, 104.0, 98.0] ->631.86
[45] a:[8 8 8] p:[62.0, 50.0, 68.0] ->746.28
[46] a:[8 7 9] p:[56.0, 62.0, 68.0] ->779.84
[47] a:[8 8 8] p:[56.0, 50.0, 98.0] ->832.3
[48] a:[9 6 9] p:[56.0, 68.0, 92.0] ->760.89
[49] a:[8 7 9] p:[80.0, 68.0, 92.0] ->408.64
[50] a:[9 9 6] p:[56.0, 50.0, 50.0] ->742.42
[51] a:[8 8 8] p:[56.0, 50.0, 86.0] ->795.59
[52] a:[9 7 8] p:[86.0, 62.0, 68.0] ->488.96
[53] a:[9 9 6] p:[104.0, 62.0, 92.0] ->542.99
[54] a:[9 7 8] p:[50.0, 50.0, 50.0] ->685.14
[55] a:[9 8 7] p:[62.0, 62.0, 98.0] ->807.58
[56] a:[9 7 8] p:[50.0, 62.0, 92.0] ->889.82
[57] a:[9 8 7] p:[50.0, 56.0, 92.0] ->858.06
[58] a:[9 7 8] p:[62.0, 92.0, 62.0] ->426.77
[59] a:[9 7 8] p:[98.0, 92.0, 92.0] ->420.84
[60] a:[9 8 7] p:[56.0, 104.0, 98.0] ->637.58
[61] a:[10  7  7] p:[50.0, 62.0, 68.0] ->833.53
[62] a:[9 8 7] p:[50.0, 56.0, 92.0] ->858.06
[63] a:[10  9  5] p:[56.0, 56.0, 74.0] ->797.33
[64] a:[9 7 8] p:[56.0, 62.0, 104.0] ->773.01
[65] a:[10  7  7] p:[56.0, 50.0, 92.0] ->914.25
[66] a:[9 7 8] p:[56.0, 50.0, 98.0] ->874.15
[67] a:[10  7  7] p:[80.0, 98.0, 98.0] ->325.05
[68] a:[9 7 8] p:[56.0, 50.0, 98.0] ->874.15
[69] a:[10  5  9] p:[80.0, 56.0, 56.0] ->259.48
[70] a:[10  6  8] p:[56.0, 50.0, 80.0] ->731.13
[71] a:[10  6  8] p:[62.0, 50.0, 86.0] ->784.6
[72] a:[10  8  6] p:[56.0, 62.0, 86.0] ->886.79
[73] a:[10  8  6] p:[56.0, 62.0, 50.0] ->793.2
[74] a:[10  6  8] p:[92.0, 50.0, 98.0] ->536.73
[75] a:[10  7  7] p:[74.0, 50.0, 92.0] ->467.81
[76] a:[10  9  5] p:[56.0, 56.0, 68.0] ->872.98
[77] a:[10  6  8] p:[50.0, 62.0, 50.0] ->700.49
[78] a:[10  6  8] p:[50.0, 62.0, 68.0] ->824.09
[79] a:[10  8  6] p:[56.0, 56.0, 50.0] ->785.34
[80] a:[10  9  5] p:[56.0, 98.0, 86.0] ->681.24
[81] a:[10  9  5] p:[50.0, 50.0, 92.0] ->886.37
[82] a:[10  8  6] p:[62.0, 56.0, 98.0] ->839.36
[83] a:[10  9  5] p:[62.0, 50.0, 92.0] ->849.53
[84] a:[10  6  8] p:[56.0, 56.0, 92.0] ->922.19
[85] a:[10  9  5] p:[62.0, 62.0, 92.0] ->859.86
[86] a:[10  9  5] p:[56.0, 50.0, 98.0] ->895.79
[87] a:[10  9  5] p:[62.0, 56.0, 80.0] ->734.62
[88] a:[10  5  9] p:[62.0, 62.0, 92.0] ->846.62
[89] a:[10 10  4] p:[56.0, 50.0, 68.0] ->859.19
[90] a:[10 10  4] p:[62.0, 74.0, 98.0] ->569.22
[91] a:[10  5  9] p:[50.0, 56.0, 98.0] ->844.26
[92] a:[10  6  8] p:[50.0, 62.0, 74.0] ->700.62
[93] a:[10  7  7] p:[62.0, 62.0, 50.0] ->697.34
[94] a:[10  9  5] p:[62.0, 56.0, 80.0] ->734.62
[95] a:[10 10  4] p:[62.0, 50.0, 92.0] ->829.54
[96] a:[10  7  7] p:[50.0, 98.0, 62.0] ->523.2
[97] a:[10  8  6] p:[62.0, 56.0, 92.0] ->863.95
[98] a:[10  4 10] p:[62.0, 50.0, 92.0] ->848.03
[99] a:[10  8  6] p:[56.0, 56.0, 98.0] ->906.04
[100] a:[10  8  6] p:[56.0, 62.0, 92.0] ->938.49
[101] a:[10  7  7] p:[56.0, 56.0, 92.0] ->915.48
[102] a:[10  8  6] p:[50.0, 62.0, 86.0] ->856.96
[103] a:[10  7  7] p:[50.0, 56.0, 104.0] ->771.23
[104] a:[10  7  7] p:[50.0, 62.0, 98.0] ->865.57
[105] a:[10  7  7] p:[56.0, 50.0, 92.0] ->914.25
[106] a:[10  6  8] p:[86.0, 56.0, 98.0] ->476.5
[107] a:[10  5  9] p:[50.0, 68.0, 68.0] ->713.28
[108] a:[10  6  8] p:[62.0, 56.0, 92.0] ->855.51
[109] a:[10  7  7] p:[62.0, 56.0, 86.0] ->792.53
[110] a:[10  8  6] p:[62.0, 62.0, 62.0] ->675.16
[111] a:[10  4 10] p:[50.0, 50.0, 92.0] ->884.87
[112] a:[10  8  6] p:[50.0, 50.0, 92.0] ->899.34
[113] a:[10  6  8] p:[86.0, 50.0, 98.0] ->475.6
[114] a:[10  7  7] p:[56.0, 50.0, 56.0] ->736.61
[115] a:[10  6  8] p:[80.0, 50.0, 92.0] ->506.0
[116] a:[10  9  5] p:[56.0, 56.0, 86.0] ->874.91
[117] a:[10  5  9] p:[56.0, 56.0, 98.0] ->874.09
[118] a:[10  5  9] p:[56.0, 56.0, 50.0] ->700.51
[119] a:[10  5  9] p:[56.0, 62.0, 104.0] ->762.11
[120] a:[10  8  6] p:[62.0, 56.0, 74.0] ->718.76
[121] a:[10  6  8] p:[50.0, 50.0, 92.0] ->891.45
[122] a:[10  8  6] p:[62.0, 56.0, 68.0] ->809.93
[123] a:[10  8  6] p:[68.0, 56.0, 92.0] ->547.92
[124] a:[10  8  6] p:[56.0, 56.0, 92.0] ->930.63
[125] a:[10  5  9] p:[56.0, 50.0, 98.0] ->873.38
[126] a:[10  8  6] p:[86.0, 50.0, 92.0] ->516.79
[127] a:[10  7  7] p:[68.0, 62.0, 98.0] ->512.68
[128] a:[10  8  6] p:[92.0, 56.0, 98.0] ->554.79
[129] a:[10  8  6] p:[56.0, 50.0, 68.0] ->875.15
[130] a:[10  7  7] p:[62.0, 62.0, 56.0] ->677.85
[131] a:[10  8  6] p:[50.0, 50.0, 98.0] ->874.75
[132] a:[10  8  6] p:[56.0, 80.0, 92.0] ->722.02
[133] a:[10  4 10] p:[56.0, 50.0, 68.0] ->829.96
[134] a:[10  8  6] p:[50.0, 62.0, 68.0] ->854.64
[135] a:[10  8  6] p:[68.0, 56.0, 68.0] ->493.9
[136] a:[10  6  8] p:[50.0, 56.0, 104.0] ->750.0
[137] a:[10  6  8] p:[50.0, 56.0, 92.0] ->892.36
[138] a:[10  9  5] p:[56.0, 62.0, 92.0] ->926.54
[139] a:[10  7  7] p:[62.0, 56.0, 74.0] ->690.76
[140] a:[10  5  9] p:[56.0, 56.0, 92.0] ->909.46
[141] a:[10 10  4] p:[62.0, 50.0, 92.0] ->829.54
[142] a:[10  7  7] p:[50.0, 56.0, 86.0] ->829.38
[143] a:[10  8  6] p:[104.0, 56.0, 86.0] ->464.45
[144] a:[10  8  6] p:[56.0, 74.0, 98.0] ->695.52
[145] a:[10  7  7] p:[62.0, 62.0, 68.0] ->796.69
[146] a:[10  8  6] p:[50.0, 98.0, 92.0] ->726.27
[147] a:[10  9  5] p:[50.0, 62.0, 68.0] ->851.88
[148] a:[10  7  7] p:[56.0, 56.0, 92.0] ->915.48
[149] a:[10  7  7] p:[56.0, 86.0, 98.0] ->722.89
[150] a:[10  8  6] p:[56.0, 50.0, 86.0] ->877.48
[151] a:[10 10  4] p:[50.0, 68.0, 92.0] ->656.23
[152] a:[10  8  6] p:[50.0, 50.0, 68.0] ->845.32
[153] a:[10  9  5] p:[56.0, 56.0, 50.0] ->797.25
[154] a:[10  7  7] p:[50.0, 50.0, 92.0] ->884.42
[155] a:[10  6  8] p:[62.0, 62.0, 68.0] ->787.25
[156] a:[10 10  4] p:[56.0, 50.0, 92.0] ->896.22
[157] a:[10  7  7] p:[50.0, 50.0, 80.0] ->731.57
[158] a:[10  7  7] p:[50.0, 62.0, 68.0] ->833.53
[159] a:[10  7  7] p:[92.0, 50.0, 68.0] ->504.19
[160] a:[10  8  6] p:[50.0, 56.0, 92.0] ->900.8
[161] a:[10  6  8] p:[56.0, 56.0, 92.0] ->922.19
[162] a:[10  8  6] p:[62.0, 62.0, 92.0] ->871.81
[163] a:[10  9  5] p:[62.0, 56.0, 86.0] ->808.24
[164] a:[10  6  8] p:[50.0, 62.0, 68.0] ->824.09
[165] a:[10  7  7] p:[56.0, 56.0, 98.0] ->888.71
[166] a:[10  7  7] p:[56.0, 50.0, 86.0] ->857.97
[167] a:[10  9  5] p:[50.0, 50.0, 98.0] ->865.96
[168] a:[10  5  9] p:[56.0, 62.0, 104.0] ->762.11
[169] a:[10  8  6] p:[56.0, 50.0, 92.0] ->929.17
[170] a:[10  6  8] p:[62.0, 56.0, 92.0] ->855.51
[171] a:[10  7  7] p:[50.0, 62.0, 92.0] ->892.34
[172] a:[10  8  6] p:[56.0, 62.0, 92.0] ->938.49
[173] a:[10  4 10] p:[50.0, 50.0, 74.0] ->657.1
[174] a:[10  6  8] p:[74.0, 56.0, 74.0] ->279.12
[175] a:[10  8  6] p:[56.0, 50.0, 92.0] ->929.17
[176] a:[10  9  5] p:[104.0, 62.0, 92.0] ->512.06
[177] a:[10  7  7] p:[56.0, 50.0, 92.0] ->914.25
[178] a:[10  8  6] p:[62.0, 62.0, 92.0] ->871.81
[179] a:[10  7  7] p:[98.0, 50.0, 92.0] ->529.74
[180] a:[10  6  8] p:[50.0, 50.0, 104.0] ->749.1
[181] a:[10  9  5] p:[62.0, 104.0, 92.0] ->607.83
[182] a:[10  8  6] p:[56.0, 50.0, 56.0] ->765.99
[183] a:[10  8  6] p:[62.0, 62.0, 104.0] ->766.7
[184] a:[10  6  8] p:[56.0, 50.0, 92.0] ->921.28
[185] a:[10  7  7] p:[56.0, 62.0, 98.0] ->895.39
[186] a:[10  8  6] p:[62.0, 62.0, 92.0] ->871.81
[187] a:[10  6  8] p:[62.0, 74.0, 68.0] ->651.34
[188] a:[10  8  6] p:[56.0, 50.0, 98.0] ->904.58
[189] a:[10  8  6] p:[50.0, 62.0, 98.0] ->884.07
[190] a:[10  7  7] p:[56.0, 50.0, 92.0] ->914.25
[191] a:[10  8  6] p:[56.0, 62.0, 92.0] ->938.49
[192] a:[10  6  8] p:[74.0, 62.0, 86.0] ->410.63
[193] a:[10  7  7] p:[56.0, 50.0, 92.0] ->914.25
[194] a:[10  4 10] p:[56.0, 50.0, 92.0] ->914.7
[195] a:[10  8  6] p:[56.0, 50.0, 92.0] ->929.17
[196] a:[10  8  6] p:[50.0, 86.0, 68.0] ->651.74
[197] a:[10  7  7] p:[68.0, 50.0, 98.0] ->504.76
[198] a:[10  7  7] p:[62.0, 62.0, 68.0] ->796.69
[199] a:[10  7  7] p:[56.0, 68.0, 92.0] ->760.81
[200] a:[10  8  6] p:[104.0, 62.0, 92.0] ->524.01
[201] a:[10  8  6] p:[56.0, 50.0, 86.0] ->877.48
[202] a:[10  8  6] p:[56.0, 50.0, 92.0] ->929.17
[203] a:[10  6  8] p:[56.0, 62.0, 98.0] ->893.77
[204] a:[10  8  6] p:[56.0, 56.0, 98.0] ->906.04
[205] a:[10  6  8] p:[56.0, 62.0, 92.0] ->927.08
[206] a:[10  8  6] p:[50.0, 50.0, 68.0] ->845.32
[207] a:[10  6  8] p:[62.0, 56.0, 86.0] ->785.5
[208] a:[10  7  7] p:[56.0, 56.0, 98.0] ->888.71
[209] a:[10  7  7] p:[50.0, 62.0, 92.0] ->892.34
[210] a:[10  8  6] p:[62.0, 50.0, 92.0] ->862.5
[211] a:[10  8  6] p:[62.0, 56.0, 98.0] ->839.36
[212] a:[10  8  6] p:[56.0, 56.0, 92.0] ->930.63
[213] a:[10  9  5] p:[56.0, 62.0, 68.0] ->881.71
[214] a:[10  8  6] p:[50.0, 56.0, 92.0] ->900.8
[215] a:[10  4 10] p:[50.0, 56.0, 62.0] ->576.94
[216] a:[10  7  7] p:[56.0, 62.0, 50.0] ->764.01
[217] a:[10  6  8] p:[56.0, 56.0, 68.0] ->849.03
[218] a:[10  8  6] p:[56.0, 50.0, 92.0] ->929.17
[219] a:[10  8  6] p:[50.0, 50.0, 92.0] ->899.34
[220] a:[10  8  6] p:[50.0, 98.0, 98.0] ->701.68
[221] a:[10  6  8] p:[56.0, 56.0, 50.0] ->725.43
[222] a:[10  8  6] p:[56.0, 56.0, 92.0] ->930.63
[223] a:[10  9  5] p:[62.0, 56.0, 92.0] ->851.14
[224] a:[10  8  6] p:[50.0, 62.0, 98.0] ->884.07
[225] a:[10  7  7] p:[56.0, 56.0, 92.0] ->915.48
[226] a:[10  8  6] p:[50.0, 50.0, 98.0] ->874.75
[227] a:[10  7  7] p:[50.0, 62.0, 86.0] ->836.06
[228] a:[10  9  5] p:[62.0, 62.0, 92.0] ->859.86
[229] a:[10  6  8] p:[56.0, 80.0, 92.0] ->792.36
[230] a:[10  7  7] p:[62.0, 62.0, 86.0] ->799.22
[231] a:[10  7  7] p:[50.0, 62.0, 92.0] ->892.34
[232] a:[10  7  7] p:[50.0, 62.0, 98.0] ->865.57
[233] a:[10  6  8] p:[56.0, 56.0, 92.0] ->922.19
[234] a:[10  6  8] p:[56.0, 56.0, 92.0] ->922.19
[235] a:[10  8  6] p:[56.0, 62.0, 92.0] ->938.49
[236] a:[10  8  6] p:[56.0, 62.0, 92.0] ->938.49
[237] a:[10  7  7] p:[80.0, 50.0, 92.0] ->498.96
[238] a:[10  6  8] p:[50.0, 50.0, 92.0] ->891.45
[239] a:[10  9  5] p:[56.0, 50.0, 92.0] ->916.2
[240] a:[10  9  5] p:[56.0, 50.0, 92.0] ->916.2
[241] a:[10  8  6] p:[56.0, 62.0, 92.0] ->938.49
[242] a:[10  7  7] p:[50.0, 50.0, 92.0] ->884.42
[243] a:[10  4 10] p:[56.0, 62.0, 80.0] ->698.03
[244] a:[10  4 10] p:[56.0, 56.0, 92.0] ->915.26
[245] a:[10  8  6] p:[50.0, 50.0, 104.0] ->794.23
[246] a:[10  6  8] p:[50.0, 86.0, 92.0] ->770.98
[247] a:[10  8  6] p:[98.0, 62.0, 98.0] ->529.39
[248] a:[10  9  5] p:[50.0, 62.0, 86.0] ->853.81
[249] a:[10  8  6] p:[56.0, 56.0, 92.0] ->930.63
[250] a:[10  7  7] p:[92.0, 56.0, 92.0] ->564.24
[251] a:[10  8  6] p:[56.0, 50.0, 92.0] ->929.17
[252] a:[10  9  5] p:[56.0, 50.0, 86.0] ->873.3
[253] a:[10  8  6] p:[56.0, 56.0, 92.0] ->930.63
[254] a:[10  8  6] p:[50.0, 62.0, 98.0] ->884.07
[255] a:[10  8  6] p:[50.0, 92.0, 86.0] ->662.71
[256] a:[10  8  6] p:[56.0, 50.0, 86.0] ->877.48
[257] a:[10  7  7] p:[56.0, 50.0, 92.0] ->914.25
[258] a:[10  9  5] p:[50.0, 98.0, 92.0] ->694.31
[259] a:[10  8  6] p:[50.0, 62.0, 68.0] ->854.64
[260] a:[10  7  7] p:[56.0, 56.0, 92.0] ->915.48
[261] a:[10  8  6] p:[56.0, 62.0, 86.0] ->886.79
[262] a:[10  9  5] p:[56.0, 62.0, 92.0] ->926.54
[263] a:[10 10  4] p:[50.0, 50.0, 86.0] ->830.96
[264] a:[10  8  6] p:[50.0, 62.0, 92.0] ->908.66
[265] a:[10  7  7] p:[50.0, 50.0, 68.0] ->825.61
[266] a:[10  9  5] p:[50.0, 62.0, 68.0] ->851.88
[267] a:[10  9  5] p:[56.0, 62.0, 98.0] ->906.13
[268] a:[10  7  7] p:[50.0, 62.0, 74.0] ->734.29
[269] a:[10  8  6] p:[50.0, 50.0, 98.0] ->874.75
[270] a:[10  9  5] p:[62.0, 62.0, 98.0] ->839.46
[271] a:[10  8  6] p:[62.0, 50.0, 86.0] ->810.8
[272] a:[10  6  8] p:[56.0, 56.0, 92.0] ->922.19
[273] a:[10  7  7] p:[62.0, 50.0, 98.0] ->820.8
[274] a:[10  9  5] p:[68.0, 62.0, 68.0] ->499.0
[275] a:[10  6  8] p:[68.0, 104.0, 92.0] ->403.02
[276] a:[10  7  7] p:[50.0, 56.0, 92.0] ->885.65
[277] a:[10  7  7] p:[50.0, 50.0, 86.0] ->828.14
[278] a:[10  9  5] p:[56.0, 86.0, 86.0] ->658.48
[279] a:[10  8  6] p:[56.0, 62.0, 92.0] ->938.49
[280] a:[10  8  6] p:[56.0, 62.0, 98.0] ->913.9
[281] a:[10  9  5] p:[50.0, 50.0, 92.0] ->886.37
[282] a:[10  7  7] p:[56.0, 62.0, 92.0] ->922.16
[283] a:[10  8  6] p:[56.0, 62.0, 98.0] ->913.9
[284] a:[10  9  5] p:[50.0, 62.0, 92.0] ->896.71
[285] a:[10  5  9] p:[50.0, 104.0, 80.0] ->570.84
[286] a:[10  9  5] p:[50.0, 62.0, 92.0] ->896.71
[287] a:[10  8  6] p:[56.0, 50.0, 92.0] ->929.17
[288] a:[10 10  4] p:[56.0, 56.0, 80.0] ->801.69
[289] a:[10  9  5] p:[50.0, 50.0, 98.0] ->865.96
[290] a:[10  8  6] p:[56.0, 62.0, 68.0] ->884.47
[291] a:[10  8  6] p:[56.0, 62.0, 92.0] ->938.49
[292] a:[10  9  5] p:[56.0, 62.0, 68.0] ->881.71
[293] a:[10  9  5] p:[56.0, 68.0, 98.0] ->695.53
[294] a:[10  7  7] p:[56.0, 62.0, 92.0] ->922.16
[295] a:[10  8  6] p:[56.0, 62.0, 92.0] ->938.49
[296] a:[10  8  6] p:[56.0, 62.0, 92.0] ->938.49
[297] a:[10  8  6] p:[56.0, 50.0, 92.0] ->929.17
[298] a:[10  8  6] p:[56.0, 56.0, 86.0] ->878.93
[299] a:[10  7  7] p:[62.0, 86.0, 92.0] ->682.99

Starting experiment 4

Ideal pricing solution: [56.0, 62.0, 92.0]
Ideal advertising solution: [10  8  6]
Ideal result: 938.49

[0] a:[1 1 6] p:[68.0, 56.0, 80.0] ->108.13
[1] a:[1 3 8] p:[56.0, 68.0, 56.0] ->102.58
[2] a:[1 4 6] p:[92.0, 104.0, 98.0] ->209.55
[3] a:[2 6 7] p:[74.0, 50.0, 92.0] ->393.31
[4] a:[1 7 2] p:[62.0, 50.0, 50.0] ->226.61
[5] a:[4 3 4] p:[50.0, 80.0, 104.0] ->129.11
[6] a:[1 1 5] p:[74.0, 62.0, 74.0] ->89.64
[7] a:[4 1 6] p:[62.0, 104.0, 86.0] ->212.71
[8] a:[ 4  6 10] p:[62.0, 50.0, 92.0] ->537.7
[9] a:[4 7 5] p:[62.0, 50.0, 74.0] ->302.74
[10] a:[2 7 6] p:[56.0, 92.0, 80.0] ->140.34
[11] a:[4 7 3] p:[104.0, 50.0, 68.0] ->281.13
[12] a:[4 8 0] p:[68.0, 86.0, 86.0] ->104.4
[13] a:[4 8 9] p:[50.0, 80.0, 68.0] ->314.85
[14] a:[4 9 9] p:[80.0, 92.0, 98.0] ->350.27
[15] a:[ 4  9 10] p:[68.0, 98.0, 68.0] ->346.62
[16] a:[ 4  9 10] p:[86.0, 56.0, 62.0] ->313.89
[17] a:[ 5  9 10] p:[62.0, 98.0, 68.0] ->428.53
[18] a:[ 5  9 10] p:[98.0, 74.0, 56.0] ->146.45
[19] a:[ 5  9 10] p:[50.0, 104.0, 80.0] ->251.59
[20] a:[ 5  9 10] p:[56.0, 98.0, 68.0] ->443.4
[21] a:[ 5  9 10] p:[86.0, 56.0, 68.0] ->545.1
[22] a:[ 5  9 10] p:[86.0, 98.0, 86.0] ->355.07
[23] a:[ 5  9 10] p:[56.0, 56.0, 104.0] ->556.92
[24] a:[ 5  9 10] p:[50.0, 74.0, 74.0] ->253.78
[25] a:[ 4  9 10] p:[92.0, 92.0, 56.0] ->165.01
[26] a:[ 5  9 10] p:[56.0, 86.0, 104.0] ->340.48
[27] a:[ 5 10  9] p:[56.0, 74.0, 74.0] ->251.11
[28] a:[ 4  9 10] p:[74.0, 68.0, 92.0] ->417.46
[29] a:[ 1  9 10] p:[74.0, 80.0, 50.0] ->158.14
[30] a:[ 5  9 10] p:[98.0, 56.0, 98.0] ->597.48
[31] a:[ 1  9 10] p:[92.0, 50.0, 92.0] ->616.64
[32] a:[ 1  9 10] p:[56.0, 62.0, 98.0] ->590.98
[33] a:[ 1  9 10] p:[80.0, 56.0, 92.0] ->617.78
[34] a:[ 4  9 10] p:[50.0, 86.0, 92.0] ->440.18
[35] a:[ 4  9 10] p:[68.0, 92.0, 92.0] ->418.19
[36] a:[ 4 10  9] p:[56.0, 62.0, 86.0] ->577.35
[37] a:[ 5  9 10] p:[92.0, 62.0, 50.0] ->424.28
[38] a:[ 5  9 10] p:[98.0, 98.0, 92.0] ->442.39
[39] a:[ 5  9 10] p:[56.0, 50.0, 50.0] ->492.28
[40] a:[ 4  9 10] p:[56.0, 62.0, 92.0] ->668.0
[41] a:[ 5  9 10] p:[56.0, 104.0, 62.0] ->170.01
[42] a:[ 4  9 10] p:[50.0, 68.0, 86.0] ->373.64
[43] a:[ 1 10  9] p:[56.0, 80.0, 68.0] ->283.48
[44] a:[ 1 10  9] p:[56.0, 62.0, 80.0] ->411.32
[45] a:[ 5  9 10] p:[50.0, 62.0, 86.0] ->642.79
[46] a:[ 1 10  9] p:[104.0, 50.0, 68.0] ->521.67
[47] a:[ 4 10  9] p:[56.0, 50.0, 50.0] ->431.9
[48] a:[ 4 10  9] p:[50.0, 50.0, 68.0] ->560.49
[49] a:[ 4  9 10] p:[50.0, 56.0, 74.0] ->428.84
[50] a:[ 5  9 10] p:[56.0, 68.0, 104.0] ->355.04
[51] a:[ 4  9 10] p:[56.0, 92.0, 92.0] ->452.43
[52] a:[ 4 10  9] p:[56.0, 62.0, 86.0] ->577.35
[53] a:[ 4  9 10] p:[62.0, 50.0, 98.0] ->613.12
[54] a:[ 4  9 10] p:[68.0, 74.0, 86.0] ->310.33
[55] a:[ 5  9 10] p:[98.0, 56.0, 62.0] ->327.56
[56] a:[ 1  9 10] p:[104.0, 50.0, 92.0] ->616.17
[57] a:[ 5  9 10] p:[56.0, 56.0, 98.0] ->683.24
[58] a:[ 4  9 10] p:[56.0, 56.0, 86.0] ->578.18
[59] a:[ 4  9 10] p:[56.0, 74.0, 86.0] ->344.57
[60] a:[ 5 10  9] p:[62.0, 50.0, 80.0] ->486.59
[61] a:[ 1  9 10] p:[50.0, 62.0, 62.0] ->320.84
[62] a:[ 4  9 10] p:[56.0, 98.0, 62.0] ->157.11
[63] a:[ 4  9 10] p:[50.0, 56.0, 92.0] ->656.61
[64] a:[ 4 10  9] p:[56.0, 50.0, 86.0] ->566.51
[65] a:[ 4  9 10] p:[56.0, 50.0, 92.0] ->657.66
[66] a:[ 5 10  9] p:[80.0, 80.0, 56.0] ->134.84
[67] a:[ 4  9 10] p:[80.0, 50.0, 50.0] ->392.59
[68] a:[ 4  9 10] p:[56.0, 50.0, 104.0] ->492.76
[69] a:[ 1  9 10] p:[56.0, 50.0, 92.0] ->619.22
[70] a:[ 4  9 10] p:[56.0, 62.0, 92.0] ->668.0
[71] a:[ 4  9 10] p:[50.0, 50.0, 92.0] ->654.99
[72] a:[ 5 10  9] p:[62.0, 62.0, 68.0] ->621.68
[73] a:[ 4  9 10] p:[104.0, 56.0, 92.0] ->622.2
[74] a:[ 4 10  9] p:[86.0, 56.0, 92.0] ->605.66
[75] a:[ 1 10  9] p:[50.0, 62.0, 92.0] ->613.04
[76] a:[ 4  9 10] p:[56.0, 56.0, 92.0] ->659.28
[77] a:[ 4  9 10] p:[62.0, 62.0, 92.0] ->662.04
[78] a:[ 5  9 10] p:[50.0, 62.0, 92.0] ->723.89
[79] a:[ 1 10  9] p:[98.0, 62.0, 92.0] ->610.43
[80] a:[ 5  9 10] p:[56.0, 62.0, 104.0] ->565.64
[81] a:[ 5  9 10] p:[50.0, 56.0, 80.0] ->494.9
[82] a:[ 4  9 10] p:[50.0, 62.0, 104.0] ->500.43
[83] a:[ 5  9 10] p:[56.0, 50.0, 68.0] ->635.46
[84] a:[ 4  9 10] p:[68.0, 62.0, 74.0] ->405.99
[85] a:[ 5  9 10] p:[50.0, 56.0, 92.0] ->715.17
[86] a:[ 1  9 10] p:[98.0, 56.0, 86.0] ->536.91
[87] a:[ 4  9 10] p:[56.0, 50.0, 68.0] ->572.92
[88] a:[ 4 10  9] p:[56.0, 50.0, 50.0] ->431.9
[89] a:[ 5  9 10] p:[50.0, 50.0, 86.0] ->632.45
[90] a:[ 5 10  9] p:[62.0, 86.0, 92.0] ->463.09
[91] a:[ 1 10  9] p:[56.0, 86.0, 92.0] ->376.98
[92] a:[ 5  9 10] p:[50.0, 56.0, 92.0] ->715.17
[93] a:[ 4  9 10] p:[56.0, 62.0, 86.0] ->586.9
[94] a:[ 1  9 10] p:[62.0, 56.0, 98.0] ->581.77
[95] a:[ 4  9 10] p:[62.0, 62.0, 98.0] ->623.46
[96] a:[ 1  9 10] p:[62.0, 62.0, 104.0] ->464.17
[97] a:[ 5  9 10] p:[56.0, 56.0, 98.0] ->683.24
[98] a:[ 4  9 10] p:[50.0, 56.0, 98.0] ->618.03
[99] a:[ 4  9 10] p:[62.0, 62.0, 86.0] ->580.94
[100] a:[ 4  9 10] p:[50.0, 56.0, 104.0] ->491.71
[101] a:[ 4  9 10] p:[50.0, 56.0, 80.0] ->436.34
[102] a:[ 4  9 10] p:[56.0, 62.0, 74.0] ->440.23
[103] a:[ 4  9 10] p:[56.0, 50.0, 98.0] ->619.08
[104] a:[ 4  9 10] p:[62.0, 50.0, 68.0] ->566.95
[105] a:[ 1  9 10] p:[50.0, 56.0, 86.0] ->539.52
[106] a:[ 4  9 10] p:[56.0, 62.0, 86.0] ->586.9
[107] a:[ 1  9 10] p:[50.0, 86.0, 104.0] ->239.28
[108] a:[ 1  9 10] p:[50.0, 104.0, 92.0] ->377.31
[109] a:[ 5  9 10] p:[62.0, 62.0, 104.0] ->550.77
[110] a:[ 4  9 10] p:[56.0, 62.0, 56.0] ->412.0
[111] a:[ 4  9 10] p:[56.0, 62.0, 74.0] ->440.23
[112] a:[ 1  9 10] p:[56.0, 68.0, 92.0] ->418.96
[113] a:[ 1  9 10] p:[74.0, 50.0, 68.0] ->531.19
[114] a:[ 4  9 10] p:[56.0, 56.0, 74.0] ->431.51
[115] a:[ 4 10  9] p:[62.0, 50.0, 92.0] ->634.89
[116] a:[ 4  9 10] p:[50.0, 56.0, 98.0] ->618.03
[117] a:[ 4  9 10] p:[62.0, 62.0, 92.0] ->662.04
[118] a:[ 4  9 10] p:[104.0, 80.0, 86.0] ->309.61
[119] a:[ 4  9 10] p:[50.0, 56.0, 98.0] ->618.03
[120] a:[ 4  9 10] p:[62.0, 56.0, 68.0] ->568.57
[121] a:[ 5  9 10] p:[50.0, 50.0, 62.0] ->405.05
[122] a:[ 4  9 10] p:[50.0, 50.0, 68.0] ->570.25
[123] a:[ 4  9 10] p:[104.0, 62.0, 98.0] ->592.34
[124] a:[ 1 10  9] p:[62.0, 62.0, 98.0] ->577.4
[125] a:[ 5  9 10] p:[56.0, 56.0, 104.0] ->556.92
[126] a:[ 4  9 10] p:[56.0, 62.0, 98.0] ->629.42
[127] a:[ 5  9 10] p:[50.0, 50.0, 68.0] ->628.81
[128] a:[ 5  9 10] p:[50.0, 62.0, 98.0] ->685.31
[129] a:[ 5  9 10] p:[56.0, 50.0, 92.0] ->720.2
[130] a:[ 4  9 10] p:[56.0, 56.0, 92.0] ->659.28
[131] a:[ 5  9 10] p:[56.0, 104.0, 92.0] ->478.51
[132] a:[ 5  9 10] p:[56.0, 56.0, 92.0] ->721.82
[133] a:[ 4  9 10] p:[50.0, 62.0, 92.0] ->665.33
[134] a:[ 1 10  9] p:[98.0, 62.0, 92.0] ->610.43
[135] a:[ 1  9 10] p:[56.0, 50.0, 92.0] ->619.22
[136] a:[ 1  9 10] p:[50.0, 56.0, 68.0] ->535.87
[137] a:[ 4  9 10] p:[62.0, 62.0, 92.0] ->662.04
[138] a:[ 4  9 10] p:[86.0, 62.0, 104.0] ->466.21
[139] a:[ 1  9 10] p:[56.0, 56.0, 92.0] ->620.83
[140] a:[ 4  9 10] p:[62.0, 62.0, 98.0] ->623.46
[141] a:[ 1  9 10] p:[80.0, 56.0, 50.0] ->389.86
[142] a:[ 5  9 10] p:[62.0, 62.0, 50.0] ->487.75
[143] a:[ 5  9 10] p:[62.0, 62.0, 98.0] ->677.09
[144] a:[ 1  9 10] p:[62.0, 62.0, 68.0] ->544.32
[145] a:[ 4 10  9] p:[80.0, 92.0, 98.0] ->352.96
[146] a:[ 4  9 10] p:[56.0, 56.0, 92.0] ->659.28
[147] a:[ 4  9 10] p:[56.0, 50.0, 98.0] ->619.08
[148] a:[ 4  9 10] p:[56.0, 50.0, 92.0] ->657.66
[149] a:[ 4  9 10] p:[56.0, 62.0, 92.0] ->668.0
[150] a:[ 5  9 10] p:[62.0, 56.0, 92.0] ->706.95
[151] a:[ 1  9 10] p:[56.0, 56.0, 98.0] ->582.26
[152] a:[ 5  9 10] p:[56.0, 50.0, 98.0] ->681.63
[153] a:[ 5  9 10] p:[56.0, 62.0, 92.0] ->730.54
[154] a:[ 1  9 10] p:[92.0, 62.0, 98.0] ->588.4
[155] a:[ 4 10  9] p:[50.0, 62.0, 92.0] ->649.03
[156] a:[ 4  9 10] p:[56.0, 56.0, 56.0] ->403.28
[157] a:[ 4  9 10] p:[56.0, 56.0, 98.0] ->620.7
[158] a:[ 1  9 10] p:[56.0, 56.0, 92.0] ->620.83
[159] a:[ 5  9 10] p:[50.0, 62.0, 92.0] ->723.89
[160] a:[ 1  9 10] p:[50.0, 62.0, 68.0] ->544.59
[161] a:[ 1  9 10] p:[56.0, 62.0, 98.0] ->590.98
[162] a:[ 4  9 10] p:[50.0, 62.0, 92.0] ->665.33
[163] a:[ 5  9 10] p:[56.0, 56.0, 92.0] ->721.82
[164] a:[ 4  9 10] p:[56.0, 62.0, 86.0] ->586.9
[165] a:[ 1  9 10] p:[56.0, 62.0, 92.0] ->629.56
[166] a:[ 4  9 10] p:[50.0, 50.0, 56.0] ->399.0
[167] a:[ 4  9 10] p:[86.0, 92.0, 86.0] ->334.44
[168] a:[ 4  9 10] p:[56.0, 50.0, 98.0] ->619.08
[169] a:[ 4 10  9] p:[62.0, 56.0, 92.0] ->636.58
[170] a:[ 5  9 10] p:[62.0, 50.0, 92.0] ->705.33
[171] a:[ 4  9 10] p:[62.0, 50.0, 98.0] ->613.12
[172] a:[ 5  9 10] p:[56.0, 62.0, 92.0] ->730.54
[173] a:[ 4  9 10] p:[56.0, 62.0, 92.0] ->668.0
[174] a:[ 1  9 10] p:[56.0, 62.0, 92.0] ->629.56
[175] a:[ 1  9 10] p:[62.0, 56.0, 92.0] ->620.34
[176] a:[ 5  9 10] p:[62.0, 50.0, 98.0] ->666.75
[177] a:[ 5  9 10] p:[56.0, 50.0, 68.0] ->635.46
[178] a:[ 4  9 10] p:[56.0, 62.0, 86.0] ->586.9
[179] a:[ 4  9 10] p:[56.0, 74.0, 92.0] ->425.67
[180] a:[ 4  9 10] p:[56.0, 50.0, 98.0] ->619.08
[181] a:[ 5  9 10] p:[74.0, 50.0, 92.0] ->620.63
[182] a:[ 5  9 10] p:[50.0, 56.0, 98.0] ->676.59
[183] a:[ 1  9 10] p:[56.0, 56.0, 92.0] ->620.83
[184] a:[ 5 10  9] p:[62.0, 62.0, 98.0] ->664.0
[185] a:[ 4  9 10] p:[56.0, 50.0, 98.0] ->619.08
[186] a:[ 4  9 10] p:[50.0, 56.0, 92.0] ->656.61
[187] a:[ 4  9 10] p:[56.0, 62.0, 98.0] ->629.42
[188] a:[ 4  9 10] p:[56.0, 80.0, 68.0] ->343.04
[189] a:[ 4  9 10] p:[62.0, 98.0, 98.0] ->421.06
[190] a:[ 1  9 10] p:[56.0, 56.0, 98.0] ->582.26
[191] a:[ 5  9 10] p:[50.0, 68.0, 98.0] ->474.71
[192] a:[ 4  9 10] p:[56.0, 50.0, 68.0] ->572.92
[193] a:[ 4  9 10] p:[50.0, 62.0, 86.0] ->584.23
[194] a:[ 5  9 10] p:[50.0, 68.0, 92.0] ->513.29
[195] a:[ 4 10  9] p:[56.0, 62.0, 92.0] ->651.7
[196] a:[ 4  9 10] p:[56.0, 56.0, 56.0] ->403.28
[197] a:[ 4  9 10] p:[62.0, 62.0, 98.0] ->623.46
[198] a:[ 4  9 10] p:[56.0, 62.0, 92.0] ->668.0
[199] a:[ 5  9 10] p:[56.0, 62.0, 92.0] ->730.54
[200] a:[ 5  9 10] p:[56.0, 62.0, 92.0] ->730.54
[201] a:[ 4  9 10] p:[56.0, 50.0, 92.0] ->657.66
[202] a:[ 5  9 10] p:[56.0, 56.0, 86.0] ->640.72
[203] a:[ 5  9 10] p:[50.0, 62.0, 86.0] ->642.79
[204] a:[ 4  9 10] p:[56.0, 56.0, 92.0] ->659.28
[205] a:[ 4  9 10] p:[56.0, 62.0, 92.0] ->668.0
[206] a:[ 4  9 10] p:[56.0, 62.0, 92.0] ->668.0
[207] a:[ 4  9 10] p:[56.0, 56.0, 98.0] ->620.7
[208] a:[ 4  9 10] p:[56.0, 62.0, 92.0] ->668.0
[209] a:[ 5  9 10] p:[50.0, 50.0, 68.0] ->628.81
[210] a:[ 5  9 10] p:[56.0, 50.0, 86.0] ->639.11
[211] a:[ 5  9 10] p:[92.0, 62.0, 86.0] ->571.1
[212] a:[ 4  9 10] p:[50.0, 56.0, 98.0] ->618.03
[213] a:[ 4  9 10] p:[62.0, 56.0, 98.0] ->614.73
[214] a:[ 5  9 10] p:[56.0, 86.0, 92.0] ->505.39
[215] a:[ 1  9 10] p:[50.0, 62.0, 92.0] ->629.34
[216] a:[ 5  9 10] p:[62.0, 56.0, 92.0] ->706.95
[217] a:[ 5  9 10] p:[56.0, 50.0, 50.0] ->492.28
[218] a:[ 1  9 10] p:[56.0, 98.0, 92.0] ->427.16
[219] a:[ 4 10  9] p:[92.0, 50.0, 92.0] ->609.43
[220] a:[ 4  9 10] p:[56.0, 56.0, 86.0] ->578.18
[221] a:[ 4  9 10] p:[56.0, 62.0, 92.0] ->668.0
[222] a:[ 4  9 10] p:[50.0, 62.0, 92.0] ->665.33
[223] a:[ 1  9 10] p:[62.0, 62.0, 92.0] ->629.07
[224] a:[ 4  9 10] p:[56.0, 62.0, 98.0] ->629.42
[225] a:[ 4  9 10] p:[56.0, 62.0, 74.0] ->440.23
[226] a:[ 4  9 10] p:[50.0, 62.0, 92.0] ->665.33
[227] a:[ 5  9 10] p:[50.0, 56.0, 68.0] ->630.42
[228] a:[ 5  9 10] p:[50.0, 56.0, 92.0] ->715.17
[229] a:[ 1  9 10] p:[92.0, 62.0, 92.0] ->626.97
[230] a:[ 4  9 10] p:[56.0, 86.0, 92.0] ->442.84
[231] a:[ 5  9 10] p:[50.0, 62.0, 98.0] ->685.31
[232] a:[ 1  9 10] p:[56.0, 56.0, 92.0] ->620.83
[233] a:[ 1  9 10] p:[56.0, 50.0, 86.0] ->538.12
[234] a:[ 5  9 10] p:[56.0, 62.0, 92.0] ->730.54
[235] a:[ 1  9 10] p:[50.0, 62.0, 104.0] ->464.44
[236] a:[ 4  9 10] p:[50.0, 62.0, 92.0] ->665.33
[237] a:[ 1  9 10] p:[56.0, 62.0, 92.0] ->629.56
[238] a:[ 4  9 10] p:[56.0, 92.0, 92.0] ->452.43
[239] a:[ 5  9 10] p:[56.0, 62.0, 68.0] ->645.8
[240] a:[ 4  9 10] p:[56.0, 50.0, 92.0] ->657.66
[241] a:[ 4  9 10] p:[56.0, 50.0, 92.0] ->657.66
[242] a:[ 4  9 10] p:[62.0, 62.0, 98.0] ->623.46
[243] a:[ 4  9 10] p:[50.0, 62.0, 92.0] ->665.33
[244] a:[ 5  9 10] p:[56.0, 56.0, 92.0] ->721.82
[245] a:[ 4  9 10] p:[56.0, 62.0, 92.0] ->668.0
[246] a:[ 4  9 10] p:[56.0, 62.0, 68.0] ->583.25
[247] a:[ 4  9 10] p:[56.0, 56.0, 92.0] ->659.28
[248] a:[ 5  9 10] p:[56.0, 56.0, 92.0] ->721.82
[249] a:[ 4  9 10] p:[62.0, 50.0, 98.0] ->613.12
[250] a:[ 4  9 10] p:[56.0, 62.0, 92.0] ->668.0
[251] a:[ 4  9 10] p:[56.0, 50.0, 92.0] ->657.66
[252] a:[ 4  9 10] p:[56.0, 56.0, 92.0] ->659.28
[253] a:[ 1  9 10] p:[50.0, 56.0, 92.0] ->620.62
[254] a:[ 4  9 10] p:[56.0, 62.0, 86.0] ->586.9
[255] a:[ 5  9 10] p:[56.0, 50.0, 98.0] ->681.63
[256] a:[ 1  9 10] p:[56.0, 56.0, 68.0] ->536.09
[257] a:[ 4  9 10] p:[50.0, 62.0, 92.0] ->665.33
[258] a:[ 1  9 10] p:[56.0, 62.0, 92.0] ->629.56
[259] a:[ 1  9 10] p:[50.0, 50.0, 68.0] ->534.26
[260] a:[ 5  9 10] p:[56.0, 50.0, 98.0] ->681.63
[261] a:[ 4  9 10] p:[62.0, 56.0, 92.0] ->653.31
[262] a:[ 4  9 10] p:[56.0, 62.0, 98.0] ->629.42
[263] a:[ 5  9 10] p:[104.0, 50.0, 104.0] ->462.86
[264] a:[ 5  9 10] p:[56.0, 56.0, 68.0] ->637.07
[265] a:[ 4  9 10] p:[56.0, 50.0, 56.0] ->401.67
[266] a:[ 5  9 10] p:[56.0, 56.0, 68.0] ->637.07
[267] a:[ 5 10  9] p:[56.0, 50.0, 92.0] ->703.4
[268] a:[ 4  9 10] p:[56.0, 56.0, 86.0] ->578.18
[269] a:[ 1  9 10] p:[56.0, 56.0, 74.0] ->393.06
[270] a:[ 4  9 10] p:[56.0, 50.0, 56.0] ->401.67
[271] a:[ 5  9 10] p:[56.0, 62.0, 92.0] ->730.54
[272] a:[ 1  9 10] p:[50.0, 56.0, 50.0] ->392.7
[273] a:[ 5  9 10] p:[56.0, 62.0, 92.0] ->730.54
[274] a:[ 4  9 10] p:[50.0, 56.0, 98.0] ->618.03
[275] a:[ 4  9 10] p:[56.0, 62.0, 98.0] ->629.42
[276] a:[ 4  9 10] p:[56.0, 56.0, 92.0] ->659.28
[277] a:[ 1  9 10] p:[56.0, 56.0, 80.0] ->400.57
[278] a:[ 1  9 10] p:[56.0, 56.0, 92.0] ->620.83
[279] a:[ 4  9 10] p:[50.0, 50.0, 68.0] ->570.25
[280] a:[ 5  9 10] p:[62.0, 62.0, 98.0] ->677.09
[281] a:[ 1  9 10] p:[56.0, 56.0, 98.0] ->582.26
[282] a:[ 4  9 10] p:[56.0, 80.0, 98.0] ->389.21
[283] a:[ 1  9 10] p:[50.0, 56.0, 50.0] ->392.7
[284] a:[ 4  9 10] p:[56.0, 62.0, 92.0] ->668.0
[285] a:[ 1  9 10] p:[56.0, 56.0, 92.0] ->620.83
[286] a:[ 5  9 10] p:[56.0, 62.0, 86.0] ->649.44
[287] a:[ 5  9 10] p:[74.0, 50.0, 92.0] ->620.63
[288] a:[ 4  9 10] p:[50.0, 56.0, 92.0] ->656.61
[289] a:[ 1  9 10] p:[62.0, 50.0, 92.0] ->618.73
[290] a:[ 4  9 10] p:[50.0, 56.0, 92.0] ->656.61
[291] a:[ 4  9 10] p:[56.0, 62.0, 92.0] ->668.0
[292] a:[ 1 10  9] p:[62.0, 98.0, 92.0] ->400.37
[293] a:[ 5  9 10] p:[68.0, 50.0, 92.0] ->634.84
[294] a:[ 1  9 10] p:[62.0, 62.0, 92.0] ->629.07
[295] a:[ 4  9 10] p:[62.0, 62.0, 98.0] ->623.46
[296] a:[ 4  9 10] p:[50.0, 56.0, 80.0] ->436.34
[297] a:[ 4  9 10] p:[56.0, 62.0, 92.0] ->668.0
[298] a:[ 1  9 10] p:[56.0, 50.0, 98.0] ->580.64
[299] a:[ 5  9 10] p:[62.0, 56.0, 68.0] ->622.2

Starting experiment 5

Ideal pricing solution: [56.0, 62.0, 92.0]
Ideal advertising solution: [10  8  6]
Ideal result: 938.49

[0] a:[1 1 8] p:[62.0, 50.0, 92.0] ->331.18
[1] a:[2 8 8] p:[74.0, 56.0, 86.0] ->473.43
[2] a:[4 3 1] p:[62.0, 62.0, 56.0] ->110.07
[3] a:[3 9 8] p:[98.0, 80.0, 74.0] ->144.57
[4] a:[1 8 0] p:[86.0, 62.0, 80.0] ->271.52
[5] a:[1 9 6] p:[74.0, 104.0, 92.0] ->245.1
[6] a:[4 8 7] p:[68.0, 68.0, 92.0] ->308.27
[7] a:[ 3 10  7] p:[104.0, 98.0, 104.0] ->206.17
[8] a:[ 5 10  8] p:[68.0, 50.0, 50.0] ->402.22
[9] a:[ 5 10  8] p:[50.0, 56.0, 92.0] ->679.38
[10] a:[ 4 10  8] p:[80.0, 92.0, 68.0] ->296.12
[11] a:[5 9 9] p:[98.0, 62.0, 68.0] ->537.45
[12] a:[ 5 10  9] p:[92.0, 56.0, 86.0] ->552.4
[13] a:[5 9 9] p:[56.0, 62.0, 62.0] ->418.07
[14] a:[ 5  9 10] p:[56.0, 104.0, 104.0] ->313.61
[15] a:[ 5 10  9] p:[56.0, 86.0, 74.0] ->269.14
[16] a:[ 5 10  9] p:[50.0, 50.0, 56.0] ->462.05
[17] a:[ 5  9 10] p:[56.0, 62.0, 68.0] ->645.8
[18] a:[ 5 10  9] p:[68.0, 74.0, 92.0] ->374.57
[19] a:[ 5  9 10] p:[50.0, 62.0, 68.0] ->639.14
[20] a:[ 5  9 10] p:[56.0, 56.0, 92.0] ->721.82
[21] a:[ 5  9 10] p:[80.0, 62.0, 98.0] ->599.34
[22] a:[ 5  9 10] p:[56.0, 98.0, 98.0] ->489.57
[23] a:[ 6  8 10] p:[50.0, 86.0, 98.0] ->506.23
[24] a:[ 5  9 10] p:[92.0, 56.0, 62.0] ->334.98
[25] a:[ 6  8 10] p:[86.0, 50.0, 50.0] ->381.08
[26] a:[ 6  8 10] p:[92.0, 56.0, 98.0] ->592.55
[27] a:[ 5 10  9] p:[62.0, 92.0, 56.0] ->238.46
[28] a:[ 6  8 10] p:[104.0, 50.0, 74.0] ->380.51
[29] a:[6 9 9] p:[80.0, 50.0, 98.0] ->568.67
[30] a:[6 9 9] p:[50.0, 62.0, 68.0] ->667.05
[31] a:[6 9 9] p:[56.0, 98.0, 92.0] ->552.44
[32] a:[ 5  9 10] p:[62.0, 62.0, 92.0] ->715.67
[33] a:[6 9 9] p:[62.0, 74.0, 80.0] ->288.01
[34] a:[6 9 9] p:[74.0, 56.0, 98.0] ->559.74
[35] a:[ 6  8 10] p:[104.0, 92.0, 86.0] ->342.24
[36] a:[ 6  8 10] p:[50.0, 62.0, 74.0] ->519.93
[37] a:[6 9 9] p:[92.0, 56.0, 56.0] ->392.62
[38] a:[7 9 8] p:[50.0, 62.0, 62.0] ->526.52
[39] a:[ 6  8 10] p:[50.0, 80.0, 80.0] ->310.97
[40] a:[ 6  8 10] p:[62.0, 50.0, 50.0] ->498.01
[41] a:[6 9 9] p:[50.0, 86.0, 104.0] ->368.41
[42] a:[ 7  7 10] p:[56.0, 80.0, 86.0] ->527.94
[43] a:[7 9 8] p:[56.0, 56.0, 86.0] ->728.77
[44] a:[7 9 8] p:[62.0, 62.0, 74.0] ->578.11
[45] a:[6 9 9] p:[98.0, 62.0, 86.0] ->550.43
[46] a:[7 8 9] p:[62.0, 68.0, 104.0] ->426.15
[47] a:[ 7  7 10] p:[86.0, 68.0, 98.0] ->390.5
[48] a:[7 8 9] p:[56.0, 104.0, 92.0] ->572.76
[49] a:[7 9 8] p:[98.0, 62.0, 86.0] ->548.54
[50] a:[7 8 9] p:[62.0, 62.0, 98.0] ->731.74
[51] a:[7 8 9] p:[56.0, 98.0, 86.0] ->543.14
[52] a:[8 9 7] p:[56.0, 74.0, 74.0] ->440.88
[53] a:[8 7 9] p:[62.0, 62.0, 56.0] ->576.68
[54] a:[ 8  6 10] p:[74.0, 62.0, 104.0] ->357.74
[55] a:[8 7 9] p:[50.0, 62.0, 92.0] ->836.88
[56] a:[ 8  6 10] p:[56.0, 50.0, 80.0] ->605.69
[57] a:[8 8 8] p:[50.0, 50.0, 80.0] ->654.79
[58] a:[8 8 8] p:[50.0, 62.0, 50.0] ->657.5
[59] a:[9 9 6] p:[68.0, 50.0, 104.0] ->454.75
[60] a:[9 8 7] p:[50.0, 68.0, 98.0] ->649.37
[61] a:[8 8 8] p:[92.0, 56.0, 86.0] ->553.84
[62] a:[8 7 9] p:[98.0, 50.0, 74.0] ->374.57
[63] a:[9 6 9] p:[56.0, 62.0, 92.0] ->879.0
[64] a:[8 9 7] p:[56.0, 56.0, 92.0] ->832.54
[65] a:[9 8 7] p:[50.0, 56.0, 86.0] ->801.78
[66] a:[ 9  5 10] p:[62.0, 56.0, 68.0] ->730.11
[67] a:[9 8 7] p:[56.0, 104.0, 98.0] ->637.58
[68] a:[9 6 9] p:[62.0, 50.0, 56.0] ->581.4
[69] a:[10  6  8] p:[56.0, 98.0, 98.0] ->780.26
[70] a:[10  8  6] p:[80.0, 56.0, 92.0] ->515.34
[71] a:[10  7  7] p:[86.0, 74.0, 86.0] ->267.84
[72] a:[10  9  5] p:[50.0, 56.0, 86.0] ->845.09
[73] a:[10 10  4] p:[62.0, 56.0, 80.0] ->735.01
[74] a:[10  4 10] p:[56.0, 68.0, 50.0] ->617.11
[75] a:[10  8  6] p:[62.0, 98.0, 92.0] ->689.43
[76] a:[10  5  9] p:[56.0, 56.0, 92.0] ->909.46
[77] a:[10  9  5] p:[56.0, 56.0, 62.0] ->754.62
[78] a:[10  4 10] p:[56.0, 50.0, 86.0] ->833.6
[79] a:[10  7  7] p:[80.0, 56.0, 92.0] ->500.2
[80] a:[10  4 10] p:[56.0, 56.0, 92.0] ->915.26
[81] a:[10  8  6] p:[104.0, 62.0, 98.0] ->499.42
[82] a:[10  7  7] p:[98.0, 56.0, 104.0] ->416.55
[83] a:[10  8  6] p:[62.0, 62.0, 50.0] ->726.53
[84] a:[10  7  7] p:[56.0, 56.0, 86.0] ->859.21
[85] a:[10  5  9] p:[56.0, 98.0, 68.0] ->746.71
[86] a:[10  9  5] p:[56.0, 86.0, 92.0] ->701.38
[87] a:[10  5  9] p:[56.0, 62.0, 92.0] ->913.29
[88] a:[10 10  4] p:[50.0, 50.0, 92.0] ->866.39
[89] a:[10  4 10] p:[50.0, 56.0, 92.0] ->885.44
[90] a:[10  8  6] p:[62.0, 56.0, 86.0] ->812.26
[91] a:[10  6  8] p:[56.0, 56.0, 98.0] ->888.88
[92] a:[10  8  6] p:[56.0, 62.0, 92.0] ->938.49
[93] a:[10  6  8] p:[86.0, 50.0, 92.0] ->508.9
[94] a:[10  7  7] p:[50.0, 98.0, 92.0] ->737.27
[95] a:[10 10  4] p:[56.0, 56.0, 92.0] ->897.91
[96] a:[10  9  5] p:[50.0, 50.0, 98.0] ->865.96
[97] a:[10  8  6] p:[50.0, 50.0, 92.0] ->899.34
[98] a:[10  6  8] p:[56.0, 56.0, 68.0] ->849.03
[99] a:[10  8  6] p:[50.0, 104.0, 98.0] ->656.95
[100] a:[10  9  5] p:[50.0, 62.0, 68.0] ->851.88
[101] a:[10  7  7] p:[62.0, 56.0, 86.0] ->792.53
[102] a:[10  5  9] p:[50.0, 50.0, 62.0] ->596.09
[103] a:[10  8  6] p:[56.0, 92.0, 68.0] ->690.21
[104] a:[10  5  9] p:[56.0, 86.0, 56.0] ->579.72
[105] a:[10  6  8] p:[50.0, 56.0, 104.0] ->750.0
[106] a:[10  6  8] p:[56.0, 62.0, 74.0] ->730.45
[107] a:[10  4 10] p:[104.0, 56.0, 68.0] ->416.04
[108] a:[10  6  8] p:[50.0, 62.0, 92.0] ->897.25
[109] a:[10  9  5] p:[56.0, 56.0, 86.0] ->874.91
[110] a:[10  9  5] p:[62.0, 56.0, 56.0] ->715.72
[111] a:[10  6  8] p:[56.0, 50.0, 98.0] ->887.98
[112] a:[10  9  5] p:[50.0, 50.0, 92.0] ->886.37
[113] a:[10  9  5] p:[50.0, 50.0, 98.0] ->865.96
[114] a:[10  9  5] p:[56.0, 50.0, 62.0] ->753.01
[115] a:[10  4 10] p:[56.0, 86.0, 92.0] ->839.96
[116] a:[10  9  5] p:[62.0, 62.0, 98.0] ->839.46
[117] a:[10  6  8] p:[56.0, 92.0, 98.0] ->772.88
[118] a:[10 10  4] p:[62.0, 62.0, 92.0] ->840.39
[119] a:[10  8  6] p:[56.0, 68.0, 92.0] ->748.71
[120] a:[10  8  6] p:[92.0, 62.0, 92.0] ->587.24
[121] a:[10  8  6] p:[50.0, 86.0, 92.0] ->705.76
[122] a:[10  4 10] p:[50.0, 50.0, 92.0] ->884.87
[123] a:[10  8  6] p:[92.0, 50.0, 92.0] ->577.93
[124] a:[10  8  6] p:[56.0, 50.0, 98.0] ->904.58
[125] a:[10  8  6] p:[56.0, 56.0, 92.0] ->930.63
[126] a:[10  7  7] p:[62.0, 62.0, 92.0] ->855.49
[127] a:[10  4 10] p:[56.0, 62.0, 98.0] ->879.72
[128] a:[10  9  5] p:[56.0, 56.0, 98.0] ->897.41
[129] a:[10 10  4] p:[62.0, 92.0, 92.0] ->614.17
[130] a:[10  9  5] p:[62.0, 56.0, 50.0] ->730.58
[131] a:[10  4 10] p:[50.0, 62.0, 98.0] ->849.89
[132] a:[10  9  5] p:[50.0, 68.0, 98.0] ->665.7
[133] a:[10  8  6] p:[50.0, 104.0, 92.0] ->681.54
[134] a:[10  7  7] p:[50.0, 80.0, 86.0] ->652.02
[135] a:[10  5  9] p:[50.0, 56.0, 68.0] ->801.94
[136] a:[10  9  5] p:[56.0, 50.0, 98.0] ->895.79
[137] a:[10  6  8] p:[62.0, 62.0, 92.0] ->860.41
[138] a:[10  8  6] p:[56.0, 98.0, 98.0] ->731.51
[139] a:[10  8  6] p:[56.0, 50.0, 98.0] ->904.58
[140] a:[10  8  6] p:[74.0, 62.0, 98.0] ->467.46
[141] a:[10  7  7] p:[56.0, 56.0, 92.0] ->915.48
[142] a:[10  5  9] p:[56.0, 50.0, 92.0] ->908.75
[143] a:[10  9  5] p:[56.0, 56.0, 98.0] ->897.41
[144] a:[10  8  6] p:[56.0, 62.0, 104.0] ->833.37
[145] a:[10  8  6] p:[50.0, 62.0, 80.0] ->768.25
[146] a:[10  9  5] p:[56.0, 50.0, 92.0] ->916.2
[147] a:[10  8  6] p:[50.0, 50.0, 86.0] ->847.65
[148] a:[10  8  6] p:[104.0, 80.0, 68.0] ->253.52
[149] a:[10 10  4] p:[56.0, 62.0, 92.0] ->907.06
[150] a:[10  9  5] p:[80.0, 62.0, 104.0] ->424.02
[151] a:[10  9  5] p:[50.0, 62.0, 92.0] ->896.71
[152] a:[10  5  9] p:[56.0, 56.0, 92.0] ->909.46
[153] a:[10  5  9] p:[62.0, 80.0, 68.0] ->663.43
[154] a:[10  8  6] p:[56.0, 50.0, 92.0] ->929.17
[155] a:[10  8  6] p:[56.0, 56.0, 92.0] ->930.63
[156] a:[10  9  5] p:[62.0, 62.0, 98.0] ->839.46
[157] a:[10  8  6] p:[56.0, 92.0, 98.0] ->719.64
[158] a:[10  9  5] p:[50.0, 98.0, 86.0] ->651.41
[159] a:[10  7  7] p:[62.0, 56.0, 92.0] ->848.81
[160] a:[10  7  7] p:[56.0, 50.0, 92.0] ->914.25
[161] a:[10  7  7] p:[50.0, 50.0, 80.0] ->731.57
[162] a:[10  7  7] p:[56.0, 56.0, 92.0] ->915.48
[163] a:[10  9  5] p:[62.0, 62.0, 98.0] ->839.46
[164] a:[10  9  5] p:[56.0, 56.0, 92.0] ->917.81
[165] a:[10  6  8] p:[56.0, 56.0, 92.0] ->922.19
[166] a:[10  9  5] p:[56.0, 86.0, 98.0] ->680.97
[167] a:[10  4 10] p:[56.0, 62.0, 92.0] ->918.3
[168] a:[10  8  6] p:[56.0, 56.0, 98.0] ->906.04
[169] a:[10  8  6] p:[50.0, 74.0, 86.0] ->638.59
[170] a:[10  4 10] p:[56.0, 56.0, 68.0] ->830.52
[171] a:[10  8  6] p:[50.0, 50.0, 92.0] ->899.34
[172] a:[10  6  8] p:[56.0, 56.0, 92.0] ->922.19
[173] a:[10  9  5] p:[56.0, 56.0, 86.0] ->874.91
[174] a:[10  8  6] p:[56.0, 62.0, 50.0] ->793.2
[175] a:[10  9  5] p:[92.0, 62.0, 92.0] ->575.29
[176] a:[10  8  6] p:[56.0, 62.0, 62.0] ->741.84
[177] a:[10  9  5] p:[62.0, 50.0, 92.0] ->849.53
[178] a:[10  5  9] p:[56.0, 50.0, 92.0] ->908.75
[179] a:[10  8  6] p:[56.0, 50.0, 98.0] ->904.58
[180] a:[10  8  6] p:[68.0, 50.0, 92.0] ->546.46
[181] a:[10  5  9] p:[98.0, 62.0, 86.0] ->454.44
[182] a:[10  8  6] p:[56.0, 62.0, 92.0] ->938.49
[183] a:[10  9  5] p:[62.0, 56.0, 92.0] ->851.14
[184] a:[10  6  8] p:[50.0, 50.0, 68.0] ->818.29
[185] a:[10  8  6] p:[50.0, 56.0, 92.0] ->900.8
[186] a:[10  7  7] p:[56.0, 50.0, 98.0] ->887.48
[187] a:[10  4 10] p:[56.0, 62.0, 50.0] ->690.38
[188] a:[10  9  5] p:[56.0, 62.0, 68.0] ->881.71
[189] a:[10  8  6] p:[50.0, 62.0, 98.0] ->884.07
[190] a:[10  7  7] p:[56.0, 68.0, 92.0] ->760.81
[191] a:[10  9  5] p:[86.0, 62.0, 92.0] ->514.16
[192] a:[10  7  7] p:[56.0, 62.0, 92.0] ->922.16
[193] a:[10  9  5] p:[56.0, 62.0, 98.0] ->906.13
[194] a:[10  8  6] p:[50.0, 56.0, 86.0] ->849.1
[195] a:[10  9  5] p:[50.0, 56.0, 68.0] ->843.16
[196] a:[10  7  7] p:[56.0, 56.0, 92.0] ->915.48
[197] a:[10  4 10] p:[56.0, 56.0, 56.0] ->659.27
[198] a:[10  8  6] p:[62.0, 50.0, 98.0] ->837.91
[199] a:[10  9  5] p:[56.0, 74.0, 98.0] ->663.79
[200] a:[10  7  7] p:[56.0, 62.0, 80.0] ->769.32
[201] a:[10  8  6] p:[56.0, 62.0, 104.0] ->833.37
[202] a:[10  9  5] p:[56.0, 50.0, 92.0] ->916.2
[203] a:[10  8  6] p:[50.0, 62.0, 56.0] ->745.48
[204] a:[10  8  6] p:[50.0, 62.0, 92.0] ->908.66
[205] a:[10  9  5] p:[50.0, 50.0, 92.0] ->886.37
[206] a:[10  6  8] p:[56.0, 50.0, 92.0] ->921.28
[207] a:[10  8  6] p:[50.0, 56.0, 92.0] ->900.8
[208] a:[10  8  6] p:[56.0, 62.0, 98.0] ->913.9
[209] a:[10  4 10] p:[62.0, 62.0, 92.0] ->851.63
[210] a:[10  8  6] p:[56.0, 56.0, 92.0] ->930.63
[211] a:[10  8  6] p:[50.0, 62.0, 86.0] ->856.96
[212] a:[10  5  9] p:[56.0, 62.0, 68.0] ->835.6
[213] a:[10  7  7] p:[50.0, 62.0, 74.0] ->734.29
[214] a:[10  7  7] p:[56.0, 56.0, 104.0] ->801.06
[215] a:[10  9  5] p:[56.0, 62.0, 86.0] ->883.64
[216] a:[10  8  6] p:[62.0, 92.0, 98.0] ->652.97
[217] a:[10  8  6] p:[56.0, 62.0, 92.0] ->938.49
[218] a:[10  8  6] p:[56.0, 56.0, 86.0] ->878.93
[219] a:[10  8  6] p:[56.0, 62.0, 92.0] ->938.49
[220] a:[10  8  6] p:[50.0, 92.0, 56.0] ->551.22
[221] a:[10  8  6] p:[62.0, 56.0, 92.0] ->863.95
[222] a:[10  8  6] p:[56.0, 50.0, 104.0] ->824.06
[223] a:[10  8  6] p:[50.0, 50.0, 92.0] ->899.34
[224] a:[10  8  6] p:[56.0, 62.0, 92.0] ->938.49
[225] a:[10  8  6] p:[50.0, 50.0, 80.0] ->758.94
[226] a:[10  7  7] p:[56.0, 50.0, 92.0] ->914.25
[227] a:[10  8  6] p:[50.0, 56.0, 68.0] ->846.78
[228] a:[10  6  8] p:[62.0, 62.0, 92.0] ->860.41
[229] a:[10  4 10] p:[56.0, 62.0, 68.0] ->833.55
[230] a:[10  9  5] p:[50.0, 56.0, 98.0] ->867.58
[231] a:[10  8  6] p:[50.0, 62.0, 92.0] ->908.66
[232] a:[10  9  5] p:[56.0, 62.0, 86.0] ->883.64
[233] a:[10 10  4] p:[56.0, 62.0, 92.0] ->907.06
[234] a:[10  4 10] p:[50.0, 50.0, 92.0] ->884.87
[235] a:[10  7  7] p:[50.0, 62.0, 92.0] ->892.34
[236] a:[10  7  7] p:[56.0, 50.0, 86.0] ->857.97
[237] a:[10  5  9] p:[62.0, 62.0, 68.0] ->768.92
[238] a:[10  8  6] p:[50.0, 50.0, 92.0] ->899.34
[239] a:[10  7  7] p:[56.0, 56.0, 92.0] ->915.48
[240] a:[10  5  9] p:[56.0, 50.0, 98.0] ->873.38
[241] a:[10  7  7] p:[62.0, 56.0, 92.0] ->848.81
[242] a:[10  7  7] p:[56.0, 56.0, 92.0] ->915.48
[243] a:[10  8  6] p:[56.0, 62.0, 92.0] ->938.49
[244] a:[10  9  5] p:[56.0, 62.0, 56.0] ->791.12
[245] a:[10  9  5] p:[56.0, 62.0, 92.0] ->926.54
[246] a:[10  8  6] p:[56.0, 50.0, 92.0] ->929.17
[247] a:[10  8  6] p:[62.0, 56.0, 92.0] ->863.95
[248] a:[10  8  6] p:[50.0, 56.0, 68.0] ->846.78
[249] a:[10  7  7] p:[56.0, 56.0, 68.0] ->856.68
[250] a:[10  7  7] p:[62.0, 62.0, 92.0] ->855.49
[251] a:[10  8  6] p:[56.0, 62.0, 92.0] ->938.49
[252] a:[10  8  6] p:[50.0, 62.0, 80.0] ->768.25
[253] a:[10  8  6] p:[50.0, 50.0, 92.0] ->899.34
[254] a:[10  6  8] p:[50.0, 62.0, 92.0] ->897.25
[255] a:[10  7  7] p:[56.0, 62.0, 92.0] ->922.16
[256] a:[10  8  6] p:[56.0, 62.0, 98.0] ->913.9
[257] a:[10  7  7] p:[50.0, 62.0, 92.0] ->892.34
[258] a:[10  5  9] p:[56.0, 74.0, 92.0] ->806.87
[259] a:[10  6  8] p:[50.0, 50.0, 92.0] ->891.45
[260] a:[10  7  7] p:[56.0, 62.0, 92.0] ->922.16
[261] a:[10  7  7] p:[50.0, 62.0, 86.0] ->836.06
[262] a:[10  8  6] p:[56.0, 50.0, 92.0] ->929.17
[263] a:[10  7  7] p:[56.0, 62.0, 92.0] ->922.16
[264] a:[10  6  8] p:[56.0, 62.0, 92.0] ->927.08
[265] a:[10  9  5] p:[56.0, 50.0, 92.0] ->916.2
[266] a:[10  8  6] p:[56.0, 56.0, 92.0] ->930.63
[267] a:[10  9  5] p:[56.0, 56.0, 68.0] ->872.98
[268] a:[10  8  6] p:[56.0, 56.0, 86.0] ->878.93
[269] a:[10  9  5] p:[56.0, 56.0, 86.0] ->874.91
[270] a:[10  8  6] p:[56.0, 56.0, 92.0] ->930.63
[271] a:[10  6  8] p:[56.0, 56.0, 92.0] ->922.19
[272] a:[10  8  6] p:[56.0, 62.0, 98.0] ->913.9
[273] a:[10  9  5] p:[62.0, 62.0, 92.0] ->859.86
[274] a:[10  6  8] p:[92.0, 62.0, 92.0] ->575.83
[275] a:[10  7  7] p:[56.0, 62.0, 92.0] ->922.16
[276] a:[10  7  7] p:[62.0, 56.0, 98.0] ->822.04
[277] a:[10  8  6] p:[56.0, 56.0, 86.0] ->878.93
[278] a:[10  5  9] p:[56.0, 62.0, 80.0] ->711.35
[279] a:[10  8  6] p:[56.0, 62.0, 92.0] ->938.49
[280] a:[10  8  6] p:[56.0, 50.0, 98.0] ->904.58
[281] a:[10  8  6] p:[56.0, 62.0, 92.0] ->938.49
[282] a:[10  8  6] p:[56.0, 56.0, 92.0] ->930.63
[283] a:[10  8  6] p:[56.0, 50.0, 92.0] ->929.17
[284] a:[10  9  5] p:[62.0, 50.0, 68.0] ->804.7
[285] a:[10  7  7] p:[92.0, 56.0, 104.0] ->449.81
[286] a:[10  9  5] p:[50.0, 68.0, 92.0] ->686.11
[287] a:[10  7  7] p:[68.0, 50.0, 92.0] ->531.53
[288] a:[10  9  5] p:[56.0, 62.0, 92.0] ->926.54
[289] a:[10  7  7] p:[56.0, 50.0, 92.0] ->914.25
[290] a:[10  4 10] p:[56.0, 56.0, 104.0] ->750.36
[291] a:[10  9  5] p:[56.0, 98.0, 92.0] ->724.14
[292] a:[10  6  8] p:[56.0, 50.0, 68.0] ->848.12
[293] a:[10  8  6] p:[62.0, 62.0, 86.0] ->820.12
[294] a:[10  8  6] p:[62.0, 62.0, 92.0] ->871.81
[295] a:[10  8  6] p:[56.0, 50.0, 92.0] ->929.17
[296] a:[10  8  6] p:[56.0, 50.0, 98.0] ->904.58
[297] a:[10  9  5] p:[62.0, 50.0, 92.0] ->849.53
[298] a:[10  9  5] p:[62.0, 56.0, 92.0] ->851.14
[299] a:[10  8  6] p:[56.0, 50.0, 68.0] ->875.15
