
Starting experiment 1

Ideal pricing solution: [56.0, 56.0, 56.0]
Ideal advertising solution: [10 10  4]
Ideal result: 786.08

[0] a:[1 0 9] p:[50.0, 50.0, 50.0] ->136.83
[1] a:[ 2  2 10] p:[56.0, 56.0, 56.0] ->147.47
[2] a:[2 9 7] p:[62.0, 62.0, 62.0] ->312.86
[3] a:[1 4 4] p:[68.0, 68.0, 68.0] ->141.68
[4] a:[1 8 2] p:[74.0, 74.0, 74.0] ->49.84
[5] a:[1 7 2] p:[80.0, 80.0, 80.0] ->49.88
[6] a:[1 8 5] p:[86.0, 86.0, 86.0] ->184.84
[7] a:[5 9 3] p:[92.0, 92.0, 92.0] ->182.66
[8] a:[ 1  8 10] p:[98.0, 98.0, 98.0] ->374.54
[9] a:[ 1  9 10] p:[104.0, 104.0, 104.0] ->209.82
[10] a:[ 3  9 10] p:[50.0, 50.0, 50.0] ->409.43
[11] a:[ 3 10 10] p:[56.0, 56.0, 56.0] ->396.36
[12] a:[ 1 10 10] p:[62.0, 62.0, 62.0] ->337.66
[13] a:[ 2 10 10] p:[68.0, 68.0, 68.0] ->334.29
[14] a:[ 1 10 10] p:[74.0, 74.0, 74.0] ->156.95
[15] a:[ 4 10 10] p:[80.0, 80.0, 80.0] ->172.21
[16] a:[ 4 10 10] p:[86.0, 86.0, 86.0] ->323.54
[17] a:[ 5  9 10] p:[92.0, 92.0, 92.0] ->440.15
[18] a:[ 5  9 10] p:[98.0, 98.0, 98.0] ->404.15
[19] a:[ 5 10  9] p:[104.0, 104.0, 104.0] ->204.72
[20] a:[ 4 10 10] p:[50.0, 50.0, 50.0] ->447.03
[21] a:[ 4 10 10] p:[56.0, 56.0, 56.0] ->424.41
[22] a:[ 5 10  9] p:[62.0, 62.0, 62.0] ->418.67
[23] a:[ 5 10  9] p:[68.0, 68.0, 68.0] ->328.22
[24] a:[ 5 10  9] p:[74.0, 74.0, 74.0] ->151.35
[25] a:[ 4 10 10] p:[80.0, 80.0, 80.0] ->171.7
[26] a:[ 4 10 10] p:[86.0, 86.0, 86.0] ->326.66
[27] a:[ 5 10  9] p:[92.0, 92.0, 92.0] ->408.25
[28] a:[ 6  8 10] p:[98.0, 98.0, 98.0] ->406.3
[29] a:[ 5  9 10] p:[104.0, 104.0, 104.0] ->221.43
[30] a:[ 5 10  9] p:[50.0, 50.0, 50.0] ->487.31
[31] a:[ 5 10  9] p:[56.0, 56.0, 56.0] ->462.04
[32] a:[ 5 10  9] p:[62.0, 62.0, 62.0] ->412.62
[33] a:[ 5  9 10] p:[68.0, 68.0, 68.0] ->352.03
[34] a:[ 5  9 10] p:[74.0, 74.0, 74.0] ->162.59
[35] a:[ 4 10 10] p:[80.0, 80.0, 80.0] ->171.74
[36] a:[ 6  8 10] p:[86.0, 86.0, 86.0] ->333.4
[37] a:[ 6  8 10] p:[92.0, 92.0, 92.0] ->448.13
[38] a:[ 6  8 10] p:[98.0, 98.0, 98.0] ->410.21
[39] a:[ 5 10  9] p:[104.0, 104.0, 104.0] ->206.51
[40] a:[ 6 10  8] p:[50.0, 50.0, 50.0] ->536.38
[41] a:[ 7  7 10] p:[56.0, 56.0, 56.0] ->529.73
[42] a:[6 9 9] p:[62.0, 62.0, 62.0] ->447.64
[43] a:[ 6  8 10] p:[68.0, 68.0, 68.0] ->349.69
[44] a:[ 7  7 10] p:[74.0, 74.0, 74.0] ->162.03
[45] a:[ 6  8 10] p:[80.0, 80.0, 80.0] ->180.3
[46] a:[ 4 10 10] p:[86.0, 86.0, 86.0] ->325.68
[47] a:[ 7  7 10] p:[92.0, 92.0, 92.0] ->459.57
[48] a:[ 4 10 10] p:[98.0, 98.0, 98.0] ->394.44
[49] a:[ 7  7 10] p:[104.0, 104.0, 104.0] ->233.55
[50] a:[ 7  7 10] p:[50.0, 50.0, 50.0] ->547.07
[51] a:[ 8 10  6] p:[56.0, 56.0, 56.0] ->660.39
[52] a:[ 8 10  6] p:[62.0, 62.0, 62.0] ->591.4
[53] a:[ 8  6 10] p:[68.0, 68.0, 68.0] ->364.66
[54] a:[ 5  9 10] p:[74.0, 74.0, 74.0] ->160.02
[55] a:[ 9  5 10] p:[80.0, 80.0, 80.0] ->194.12
[56] a:[ 6  8 10] p:[86.0, 86.0, 86.0] ->334.86
[57] a:[ 8  6 10] p:[92.0, 92.0, 92.0] ->469.48
[58] a:[ 9  5 10] p:[98.0, 98.0, 98.0] ->416.88
[59] a:[ 5  9 10] p:[104.0, 104.0, 104.0] ->222.73
[60] a:[ 9 10  5] p:[50.0, 50.0, 50.0] ->724.71
[61] a:[10 10  4] p:[56.0, 56.0, 56.0] ->791.91
[62] a:[10 10  4] p:[62.0, 62.0, 62.0] ->708.51
[63] a:[10 10  4] p:[68.0, 68.0, 68.0] ->268.18
[64] a:[ 4 10 10] p:[74.0, 74.0, 74.0] ->159.01
[65] a:[10  4 10] p:[80.0, 80.0, 80.0] ->199.4
[66] a:[ 6  8 10] p:[86.0, 86.0, 86.0] ->334.56
[67] a:[ 4 10 10] p:[92.0, 92.0, 92.0] ->424.01
[68] a:[10  4 10] p:[98.0, 98.0, 98.0] ->426.83
[69] a:[ 4 10 10] p:[104.0, 104.0, 104.0] ->217.28
[70] a:[ 4 10 10] p:[50.0, 50.0, 50.0] ->436.53
[71] a:[10 10  4] p:[56.0, 56.0, 56.0] ->783.78
[72] a:[10 10  4] p:[62.0, 62.0, 62.0] ->702.41
[73] a:[10  4 10] p:[68.0, 68.0, 68.0] ->378.47
[74] a:[ 4 10 10] p:[74.0, 74.0, 74.0] ->157.99
[75] a:[10  4 10] p:[80.0, 80.0, 80.0] ->199.53
[76] a:[ 9  5 10] p:[86.0, 86.0, 86.0] ->342.41
[77] a:[ 4 10 10] p:[92.0, 92.0, 92.0] ->427.93
[78] a:[10  4 10] p:[98.0, 98.0, 98.0] ->424.37
[79] a:[10  4 10] p:[104.0, 104.0, 104.0] ->250.82
[80] a:[10 10  4] p:[50.0, 50.0, 50.0] ->765.38
[81] a:[10 10  4] p:[56.0, 56.0, 56.0] ->784.86
[82] a:[10 10  4] p:[62.0, 62.0, 62.0] ->707.3
[83] a:[10  4 10] p:[68.0, 68.0, 68.0] ->379.21
[84] a:[10 10  4] p:[74.0, 74.0, 74.0] ->106.73
[85] a:[10  4 10] p:[80.0, 80.0, 80.0] ->197.89
[86] a:[ 1 10 10] p:[86.0, 86.0, 86.0] ->319.27
[87] a:[10  4 10] p:[92.0, 92.0, 92.0] ->497.81
[88] a:[ 4 10 10] p:[98.0, 98.0, 98.0] ->390.75
[89] a:[10 10  4] p:[104.0, 104.0, 104.0] ->155.44
[90] a:[10  5  9] p:[50.0, 50.0, 50.0] ->665.66
[91] a:[10 10  4] p:[56.0, 56.0, 56.0] ->790.48
[92] a:[10 10  4] p:[62.0, 62.0, 62.0] ->704.62
[93] a:[ 1 10 10] p:[68.0, 68.0, 68.0] ->336.06
[94] a:[ 1 10 10] p:[74.0, 74.0, 74.0] ->159.76
[95] a:[ 4 10 10] p:[80.0, 80.0, 80.0] ->170.67
[96] a:[ 7  7 10] p:[86.0, 86.0, 86.0] ->337.69
[97] a:[10  4 10] p:[92.0, 92.0, 92.0] ->489.54
[98] a:[10  4 10] p:[98.0, 98.0, 98.0] ->425.83
[99] a:[10  4 10] p:[104.0, 104.0, 104.0] ->252.89
[100] a:[ 1 10 10] p:[50.0, 50.0, 50.0] ->404.53
[101] a:[10 10  4] p:[56.0, 56.0, 56.0] ->785.79
[102] a:[10 10  4] p:[62.0, 62.0, 62.0] ->703.01
[103] a:[ 1 10 10] p:[68.0, 68.0, 68.0] ->335.68
[104] a:[10  4 10] p:[74.0, 74.0, 74.0] ->160.06
[105] a:[ 1 10 10] p:[80.0, 80.0, 80.0] ->167.94
[106] a:[ 1 10 10] p:[86.0, 86.0, 86.0] ->322.52
[107] a:[10  4 10] p:[92.0, 92.0, 92.0] ->493.34
[108] a:[ 4 10 10] p:[98.0, 98.0, 98.0] ->396.16
[109] a:[10  4 10] p:[104.0, 104.0, 104.0] ->252.48
[110] a:[10  4 10] p:[50.0, 50.0, 50.0] ->660.38
[111] a:[10 10  4] p:[56.0, 56.0, 56.0] ->784.88
[112] a:[10 10  4] p:[62.0, 62.0, 62.0] ->704.24
[113] a:[10  4 10] p:[68.0, 68.0, 68.0] ->380.92
[114] a:[10  4 10] p:[74.0, 74.0, 74.0] ->159.12
[115] a:[10  4 10] p:[80.0, 80.0, 80.0] ->201.07
[116] a:[10  4 10] p:[86.0, 86.0, 86.0] ->345.05
[117] a:[10  4 10] p:[92.0, 92.0, 92.0] ->494.29
[118] a:[10  4 10] p:[98.0, 98.0, 98.0] ->424.57
[119] a:[10  4 10] p:[104.0, 104.0, 104.0] ->254.96
[120] a:[10 10  4] p:[50.0, 50.0, 50.0] ->764.96
[121] a:[10  9  5] p:[56.0, 56.0, 56.0] ->783.82
[122] a:[10 10  4] p:[62.0, 62.0, 62.0] ->715.84
[123] a:[10  4 10] p:[68.0, 68.0, 68.0] ->378.18
[124] a:[10  4 10] p:[74.0, 74.0, 74.0] ->160.04
[125] a:[10  4 10] p:[80.0, 80.0, 80.0] ->199.45
[126] a:[10  4 10] p:[86.0, 86.0, 86.0] ->342.68
[127] a:[ 1 10 10] p:[92.0, 92.0, 92.0] ->419.31
[128] a:[9 7 8] p:[98.0, 98.0, 98.0] ->401.92
[129] a:[10  4 10] p:[104.0, 104.0, 104.0] ->253.93
[130] a:[10 10  4] p:[50.0, 50.0, 50.0] ->768.67
[131] a:[10 10  4] p:[56.0, 56.0, 56.0] ->787.14
[132] a:[10 10  4] p:[62.0, 62.0, 62.0] ->708.89
[133] a:[10  4 10] p:[68.0, 68.0, 68.0] ->375.16
[134] a:[10  4 10] p:[74.0, 74.0, 74.0] ->159.94
[135] a:[10  4 10] p:[80.0, 80.0, 80.0] ->200.62
[136] a:[10  4 10] p:[86.0, 86.0, 86.0] ->345.38
[137] a:[10  4 10] p:[92.0, 92.0, 92.0] ->491.66
[138] a:[10  4 10] p:[98.0, 98.0, 98.0] ->423.33
[139] a:[ 9  5 10] p:[104.0, 104.0, 104.0] ->245.31
[140] a:[10 10  4] p:[50.0, 50.0, 50.0] ->762.98
[141] a:[10 10  4] p:[56.0, 56.0, 56.0] ->787.88
[142] a:[10 10  4] p:[62.0, 62.0, 62.0] ->706.14
[143] a:[ 1 10 10] p:[68.0, 68.0, 68.0] ->335.05
[144] a:[10  4 10] p:[74.0, 74.0, 74.0] ->158.79
[145] a:[10  4 10] p:[80.0, 80.0, 80.0] ->199.18
[146] a:[10  4 10] p:[86.0, 86.0, 86.0] ->348.65
[147] a:[ 8  6 10] p:[92.0, 92.0, 92.0] ->467.25
[148] a:[10  4 10] p:[98.0, 98.0, 98.0] ->422.8
[149] a:[10  4 10] p:[104.0, 104.0, 104.0] ->252.03
[150] a:[10  6  8] p:[50.0, 50.0, 50.0] ->696.51
[151] a:[10 10  4] p:[56.0, 56.0, 56.0] ->781.96
[152] a:[10 10  4] p:[62.0, 62.0, 62.0] ->704.39
[153] a:[10  4 10] p:[68.0, 68.0, 68.0] ->376.55
[154] a:[ 4 10 10] p:[74.0, 74.0, 74.0] ->157.73
[155] a:[10  4 10] p:[80.0, 80.0, 80.0] ->197.99
[156] a:[10  4 10] p:[86.0, 86.0, 86.0] ->350.69
[157] a:[10  4 10] p:[92.0, 92.0, 92.0] ->489.97
[158] a:[10  4 10] p:[98.0, 98.0, 98.0] ->422.51
[159] a:[ 9  5 10] p:[104.0, 104.0, 104.0] ->246.66
[160] a:[10 10  4] p:[50.0, 50.0, 50.0] ->768.7
[161] a:[10 10  4] p:[56.0, 56.0, 56.0] ->790.36
[162] a:[10 10  4] p:[62.0, 62.0, 62.0] ->704.17
[163] a:[10  4 10] p:[68.0, 68.0, 68.0] ->382.13
[164] a:[ 1 10 10] p:[74.0, 74.0, 74.0] ->155.33
[165] a:[10  4 10] p:[80.0, 80.0, 80.0] ->199.16
[166] a:[ 1 10 10] p:[86.0, 86.0, 86.0] ->323.87
[167] a:[ 1 10 10] p:[92.0, 92.0, 92.0] ->408.81
[168] a:[10  4 10] p:[98.0, 98.0, 98.0] ->425.36
[169] a:[10  4 10] p:[104.0, 104.0, 104.0] ->252.19
[170] a:[10 10  4] p:[50.0, 50.0, 50.0] ->766.1
[171] a:[10 10  4] p:[56.0, 56.0, 56.0] ->784.77
[172] a:[10 10  4] p:[62.0, 62.0, 62.0] ->706.47
[173] a:[10  4 10] p:[68.0, 68.0, 68.0] ->376.54
[174] a:[10  4 10] p:[74.0, 74.0, 74.0] ->160.13
[175] a:[10  4 10] p:[80.0, 80.0, 80.0] ->199.53
[176] a:[10  4 10] p:[86.0, 86.0, 86.0] ->343.08
[177] a:[10  4 10] p:[92.0, 92.0, 92.0] ->494.63
[178] a:[10  4 10] p:[98.0, 98.0, 98.0] ->423.22
[179] a:[10  4 10] p:[104.0, 104.0, 104.0] ->248.58
[180] a:[10 10  4] p:[50.0, 50.0, 50.0] ->769.6
[181] a:[10 10  4] p:[56.0, 56.0, 56.0] ->789.67
[182] a:[10 10  4] p:[62.0, 62.0, 62.0] ->703.92
[183] a:[10  4 10] p:[68.0, 68.0, 68.0] ->377.88
[184] a:[10  7  7] p:[74.0, 74.0, 74.0] ->132.63
[185] a:[10  4 10] p:[80.0, 80.0, 80.0] ->198.92
[186] a:[ 1 10 10] p:[86.0, 86.0, 86.0] ->317.86
[187] a:[10  4 10] p:[92.0, 92.0, 92.0] ->490.63
[188] a:[ 4 10 10] p:[98.0, 98.0, 98.0] ->393.9
[189] a:[10  4 10] p:[104.0, 104.0, 104.0] ->250.45
[190] a:[10 10  4] p:[50.0, 50.0, 50.0] ->771.19
[191] a:[10 10  4] p:[56.0, 56.0, 56.0] ->785.48
[192] a:[10 10  4] p:[62.0, 62.0, 62.0] ->706.51
[193] a:[10  4 10] p:[68.0, 68.0, 68.0] ->378.67
[194] a:[9 9 6] p:[74.0, 74.0, 74.0] ->128.15
[195] a:[10  4 10] p:[80.0, 80.0, 80.0] ->199.99
[196] a:[10  4 10] p:[86.0, 86.0, 86.0] ->346.7
[197] a:[10  4 10] p:[92.0, 92.0, 92.0] ->497.42
[198] a:[10  4 10] p:[98.0, 98.0, 98.0] ->421.84
[199] a:[10  4 10] p:[104.0, 104.0, 104.0] ->250.46
[200] a:[10 10  4] p:[50.0, 50.0, 50.0] ->763.16
[201] a:[10 10  4] p:[56.0, 56.0, 56.0] ->787.72
[202] a:[10 10  4] p:[62.0, 62.0, 62.0] ->709.46
[203] a:[10  4 10] p:[68.0, 68.0, 68.0] ->377.35
[204] a:[ 5  9 10] p:[74.0, 74.0, 74.0] ->160.93
[205] a:[10  4 10] p:[80.0, 80.0, 80.0] ->198.03
[206] a:[ 1 10 10] p:[86.0, 86.0, 86.0] ->319.98
[207] a:[10  4 10] p:[92.0, 92.0, 92.0] ->490.45
[208] a:[10  4 10] p:[98.0, 98.0, 98.0] ->424.47
[209] a:[10  4 10] p:[104.0, 104.0, 104.0] ->252.3
[210] a:[10 10  4] p:[50.0, 50.0, 50.0] ->764.33
[211] a:[10 10  4] p:[56.0, 56.0, 56.0] ->788.89
[212] a:[10 10  4] p:[62.0, 62.0, 62.0] ->701.78
[213] a:[ 5  9 10] p:[68.0, 68.0, 68.0] ->348.29
[214] a:[ 1 10 10] p:[74.0, 74.0, 74.0] ->157.72
[215] a:[10  8  6] p:[80.0, 80.0, 80.0] ->167.4
[216] a:[10  4 10] p:[86.0, 86.0, 86.0] ->345.66
[217] a:[10  4 10] p:[92.0, 92.0, 92.0] ->491.84
[218] a:[10  4 10] p:[98.0, 98.0, 98.0] ->423.56
[219] a:[10  4 10] p:[104.0, 104.0, 104.0] ->251.51
[220] a:[10 10  4] p:[50.0, 50.0, 50.0] ->768.91
[221] a:[10 10  4] p:[56.0, 56.0, 56.0] ->783.84
[222] a:[10 10  4] p:[62.0, 62.0, 62.0] ->707.3
[223] a:[10  4 10] p:[68.0, 68.0, 68.0] ->376.44
[224] a:[ 1 10 10] p:[74.0, 74.0, 74.0] ->155.81
[225] a:[10  4 10] p:[80.0, 80.0, 80.0] ->200.26
[226] a:[10  4 10] p:[86.0, 86.0, 86.0] ->345.0
[227] a:[ 5  9 10] p:[92.0, 92.0, 92.0] ->434.75
[228] a:[10  4 10] p:[98.0, 98.0, 98.0] ->424.12
[229] a:[10  4 10] p:[104.0, 104.0, 104.0] ->251.84
[230] a:[10 10  4] p:[50.0, 50.0, 50.0] ->766.09
[231] a:[10 10  4] p:[56.0, 56.0, 56.0] ->792.61
[232] a:[10 10  4] p:[62.0, 62.0, 62.0] ->700.81
[233] a:[ 9  5 10] p:[68.0, 68.0, 68.0] ->371.27
[234] a:[ 4 10 10] p:[74.0, 74.0, 74.0] ->161.03
[235] a:[ 1 10 10] p:[80.0, 80.0, 80.0] ->167.59
[236] a:[10  4 10] p:[86.0, 86.0, 86.0] ->344.31
[237] a:[ 1 10 10] p:[92.0, 92.0, 92.0] ->414.56
[238] a:[10  4 10] p:[98.0, 98.0, 98.0] ->421.86
[239] a:[10  4 10] p:[104.0, 104.0, 104.0] ->248.32
[240] a:[10 10  4] p:[50.0, 50.0, 50.0] ->762.53
[241] a:[10 10  4] p:[56.0, 56.0, 56.0] ->782.99
[242] a:[10 10  4] p:[62.0, 62.0, 62.0] ->701.27
[243] a:[10  4 10] p:[68.0, 68.0, 68.0] ->380.88
[244] a:[ 1 10 10] p:[74.0, 74.0, 74.0] ->156.77
[245] a:[10  4 10] p:[80.0, 80.0, 80.0] ->200.81
[246] a:[10  4 10] p:[86.0, 86.0, 86.0] ->346.89
[247] a:[10  4 10] p:[92.0, 92.0, 92.0] ->487.8
[248] a:[10  4 10] p:[98.0, 98.0, 98.0] ->423.59
[249] a:[10  4 10] p:[104.0, 104.0, 104.0] ->250.18
[250] a:[10 10  4] p:[50.0, 50.0, 50.0] ->766.45
[251] a:[10 10  4] p:[56.0, 56.0, 56.0] ->777.94
[252] a:[10 10  4] p:[62.0, 62.0, 62.0] ->700.07
[253] a:[10  4 10] p:[68.0, 68.0, 68.0] ->378.17
[254] a:[10  4 10] p:[74.0, 74.0, 74.0] ->159.91
[255] a:[8 7 9] p:[80.0, 80.0, 80.0] ->184.92
[256] a:[10  4 10] p:[86.0, 86.0, 86.0] ->347.82
[257] a:[10  4 10] p:[92.0, 92.0, 92.0] ->491.5
[258] a:[ 1 10 10] p:[98.0, 98.0, 98.0] ->391.99
[259] a:[10  4 10] p:[104.0, 104.0, 104.0] ->249.94
[260] a:[10 10  4] p:[50.0, 50.0, 50.0] ->762.36
[261] a:[10 10  4] p:[56.0, 56.0, 56.0] ->780.07
[262] a:[10 10  4] p:[62.0, 62.0, 62.0] ->707.86
[263] a:[ 5  9 10] p:[68.0, 68.0, 68.0] ->347.75
[264] a:[10 10  4] p:[74.0, 74.0, 74.0] ->107.19
[265] a:[10  4 10] p:[80.0, 80.0, 80.0] ->199.41
[266] a:[10  4 10] p:[86.0, 86.0, 86.0] ->345.49
[267] a:[10  4 10] p:[92.0, 92.0, 92.0] ->496.33
[268] a:[ 6  8 10] p:[98.0, 98.0, 98.0] ->405.8
[269] a:[10  4 10] p:[104.0, 104.0, 104.0] ->250.6
[270] a:[10 10  4] p:[50.0, 50.0, 50.0] ->764.68
[271] a:[10 10  4] p:[56.0, 56.0, 56.0] ->791.68
[272] a:[10  9  5] p:[62.0, 62.0, 62.0] ->696.33
[273] a:[ 4 10 10] p:[68.0, 68.0, 68.0] ->340.46
[274] a:[ 4 10 10] p:[74.0, 74.0, 74.0] ->158.68
[275] a:[10  4 10] p:[80.0, 80.0, 80.0] ->202.24
[276] a:[10  4 10] p:[86.0, 86.0, 86.0] ->349.71
[277] a:[10  4 10] p:[92.0, 92.0, 92.0] ->495.54
[278] a:[10  4 10] p:[98.0, 98.0, 98.0] ->426.69
[279] a:[10  4 10] p:[104.0, 104.0, 104.0] ->250.15
[280] a:[10  9  5] p:[50.0, 50.0, 50.0] ->765.61
[281] a:[10 10  4] p:[56.0, 56.0, 56.0] ->791.09
[282] a:[10 10  4] p:[62.0, 62.0, 62.0] ->709.17
[283] a:[ 4 10 10] p:[68.0, 68.0, 68.0] ->340.91
[284] a:[ 5  9 10] p:[74.0, 74.0, 74.0] ->161.41
[285] a:[10  4 10] p:[80.0, 80.0, 80.0] ->199.94
[286] a:[10  4 10] p:[86.0, 86.0, 86.0] ->346.35
[287] a:[10  4 10] p:[92.0, 92.0, 92.0] ->488.92
[288] a:[10  4 10] p:[98.0, 98.0, 98.0] ->427.63
[289] a:[ 1 10 10] p:[104.0, 104.0, 104.0] ->208.86
[290] a:[10 10  4] p:[50.0, 50.0, 50.0] ->768.05
[291] a:[10 10  4] p:[56.0, 56.0, 56.0] ->797.12
[292] a:[10 10  4] p:[62.0, 62.0, 62.0] ->703.21
[293] a:[10  4 10] p:[68.0, 68.0, 68.0] ->374.69
[294] a:[10  4 10] p:[74.0, 74.0, 74.0] ->161.45
[295] a:[ 4 10 10] p:[80.0, 80.0, 80.0] ->170.93
[296] a:[ 7  7 10] p:[86.0, 86.0, 86.0] ->335.18
[297] a:[ 5  9 10] p:[92.0, 92.0, 92.0] ->436.01
[298] a:[10  4 10] p:[98.0, 98.0, 98.0] ->423.09
[299] a:[10  4 10] p:[104.0, 104.0, 104.0] ->252.02

Best solutions for experiment 0
Best pricing solution: [56.0, 56.0, 56.0]
Best advertising solution: [10 10  4]
Best result: 797.12
--------------------------------------------------------


Starting experiment 2

Ideal pricing solution: [56.0, 56.0, 56.0]
Ideal advertising solution: [10 10  4]
Ideal result: 786.08

[0] a:[ 2  9 10] p:[50.0, 50.0, 50.0] ->403.87
[1] a:[2 3 4] p:[56.0, 56.0, 56.0] ->114.3
[2] a:[ 5 10  4] p:[62.0, 62.0, 62.0] ->396.99
[3] a:[6 1 7] p:[68.0, 68.0, 68.0] ->221.01
[4] a:[4 7 0] p:[74.0, 74.0, 74.0] ->49.74
[5] a:[1 2 0] p:[80.0, 80.0, 80.0] ->30.45
[6] a:[ 1 10  5] p:[86.0, 86.0, 86.0] ->192.42
[7] a:[2 9 5] p:[92.0, 92.0, 92.0] ->244.14
[8] a:[5 9 1] p:[98.0, 98.0, 98.0] ->141.34
[9] a:[6 9 3] p:[104.0, 104.0, 104.0] ->89.12
[10] a:[6 9 3] p:[50.0, 50.0, 50.0] ->451.66
[11] a:[ 6 10  8] p:[56.0, 56.0, 56.0] ->523.86
[12] a:[ 6 10  8] p:[62.0, 62.0, 62.0] ->460.4
[13] a:[6 9 9] p:[68.0, 68.0, 68.0] ->335.17
[14] a:[ 4 10 10] p:[74.0, 74.0, 74.0] ->160.18
[15] a:[ 6 10  8] p:[80.0, 80.0, 80.0] ->166.73
[16] a:[ 1 10 10] p:[86.0, 86.0, 86.0] ->322.99
[17] a:[ 6 10  8] p:[92.0, 92.0, 92.0] ->405.41
[18] a:[6 9 9] p:[98.0, 98.0, 98.0] ->390.73
[19] a:[ 6 10  8] p:[104.0, 104.0, 104.0] ->202.29
[20] a:[6 9 9] p:[50.0, 50.0, 50.0] ->526.78
[21] a:[ 6 10  8] p:[56.0, 56.0, 56.0] ->515.42
[22] a:[7 9 8] p:[62.0, 62.0, 62.0] ->513.59
[23] a:[ 1 10 10] p:[68.0, 68.0, 68.0] ->334.7
[24] a:[ 4 10 10] p:[74.0, 74.0, 74.0] ->159.5
[25] a:[ 4 10 10] p:[80.0, 80.0, 80.0] ->171.3
[26] a:[ 7 10  7] p:[86.0, 86.0, 86.0] ->264.67
[27] a:[ 7  7 10] p:[92.0, 92.0, 92.0] ->457.09
[28] a:[ 4 10 10] p:[98.0, 98.0, 98.0] ->393.48
[29] a:[ 7 10  7] p:[104.0, 104.0, 104.0] ->177.96
[30] a:[ 8 10  6] p:[50.0, 50.0, 50.0] ->658.33
[31] a:[ 8 10  6] p:[56.0, 56.0, 56.0] ->656.86
[32] a:[ 8 10  6] p:[62.0, 62.0, 62.0] ->589.82
[33] a:[ 4 10 10] p:[68.0, 68.0, 68.0] ->336.56
[34] a:[ 4 10 10] p:[74.0, 74.0, 74.0] ->158.76
[35] a:[ 1 10 10] p:[80.0, 80.0, 80.0] ->166.66
[36] a:[8 7 9] p:[86.0, 86.0, 86.0] ->324.77
[37] a:[ 8  6 10] p:[92.0, 92.0, 92.0] ->467.66
[38] a:[8 7 9] p:[98.0, 98.0, 98.0] ->402.04
[39] a:[6 9 9] p:[104.0, 104.0, 104.0] ->210.41
[40] a:[ 1 10 10] p:[50.0, 50.0, 50.0] ->405.8
[41] a:[ 9 10  5] p:[56.0, 56.0, 56.0] ->723.64
[42] a:[8 9 7] p:[62.0, 62.0, 62.0] ->577.81
[43] a:[ 1 10 10] p:[68.0, 68.0, 68.0] ->333.6
[44] a:[ 9  5 10] p:[74.0, 74.0, 74.0] ->158.02
[45] a:[ 1 10 10] p:[80.0, 80.0, 80.0] ->167.13
[46] a:[ 6 10  8] p:[86.0, 86.0, 86.0] ->302.81
[47] a:[ 4 10 10] p:[92.0, 92.0, 92.0] ->426.48
[48] a:[ 8  6 10] p:[98.0, 98.0, 98.0] ->414.87
[49] a:[10  4 10] p:[104.0, 104.0, 104.0] ->251.07
[50] a:[9 8 7] p:[50.0, 50.0, 50.0] ->701.11
[51] a:[10 10  4] p:[56.0, 56.0, 56.0] ->784.02
[52] a:[10 10  4] p:[62.0, 62.0, 62.0] ->697.29
[53] a:[10  4 10] p:[68.0, 68.0, 68.0] ->376.72
[54] a:[10 10  4] p:[74.0, 74.0, 74.0] ->107.79
[55] a:[10  7  7] p:[80.0, 80.0, 80.0] ->167.97
[56] a:[10  4 10] p:[86.0, 86.0, 86.0] ->346.23
[57] a:[ 7  7 10] p:[92.0, 92.0, 92.0] ->452.95
[58] a:[10  4 10] p:[98.0, 98.0, 98.0] ->423.65
[59] a:[10  4 10] p:[104.0, 104.0, 104.0] ->248.6
[60] a:[10  4 10] p:[50.0, 50.0, 50.0] ->658.61
[61] a:[10  7  7] p:[56.0, 56.0, 56.0] ->733.49
[62] a:[10 10  4] p:[62.0, 62.0, 62.0] ->707.77
[63] a:[10  7  7] p:[68.0, 68.0, 68.0] ->322.2
[64] a:[ 7  7 10] p:[74.0, 74.0, 74.0] ->158.86
[65] a:[10  4 10] p:[80.0, 80.0, 80.0] ->200.43
[66] a:[10  4 10] p:[86.0, 86.0, 86.0] ->346.09
[67] a:[10  4 10] p:[92.0, 92.0, 92.0] ->497.72
[68] a:[10  4 10] p:[98.0, 98.0, 98.0] ->430.59
[69] a:[ 1 10 10] p:[104.0, 104.0, 104.0] ->209.49
[70] a:[10 10  4] p:[50.0, 50.0, 50.0] ->766.08
[71] a:[10  4 10] p:[56.0, 56.0, 56.0] ->660.26
[72] a:[10 10  4] p:[62.0, 62.0, 62.0] ->704.05
[73] a:[ 7  7 10] p:[68.0, 68.0, 68.0] ->358.75
[74] a:[10  4 10] p:[74.0, 74.0, 74.0] ->158.39
[75] a:[10  4 10] p:[80.0, 80.0, 80.0] ->198.74
[76] a:[10  4 10] p:[86.0, 86.0, 86.0] ->346.71
[77] a:[ 9  5 10] p:[92.0, 92.0, 92.0] ->480.54
[78] a:[ 1 10 10] p:[98.0, 98.0, 98.0] ->386.67
[79] a:[ 9  5 10] p:[104.0, 104.0, 104.0] ->244.92
[80] a:[10 10  4] p:[50.0, 50.0, 50.0] ->763.53
[81] a:[10 10  4] p:[56.0, 56.0, 56.0] ->779.71
[82] a:[10 10  4] p:[62.0, 62.0, 62.0] ->700.25
[83] a:[10  4 10] p:[68.0, 68.0, 68.0] ->378.24
[84] a:[ 1 10 10] p:[74.0, 74.0, 74.0] ->156.86
[85] a:[10  4 10] p:[80.0, 80.0, 80.0] ->200.57
[86] a:[10  4 10] p:[86.0, 86.0, 86.0] ->345.48
[87] a:[10  4 10] p:[92.0, 92.0, 92.0] ->486.29
[88] a:[10  6  8] p:[98.0, 98.0, 98.0] ->393.55
[89] a:[10  4 10] p:[104.0, 104.0, 104.0] ->248.59
[90] a:[10 10  4] p:[50.0, 50.0, 50.0] ->766.72
[91] a:[10 10  4] p:[56.0, 56.0, 56.0] ->785.49
[92] a:[10 10  4] p:[62.0, 62.0, 62.0] ->700.42
[93] a:[10  4 10] p:[68.0, 68.0, 68.0] ->378.43
[94] a:[ 1 10 10] p:[74.0, 74.0, 74.0] ->156.37
[95] a:[10  4 10] p:[80.0, 80.0, 80.0] ->201.51
[96] a:[10  4 10] p:[86.0, 86.0, 86.0] ->350.15
[97] a:[10  4 10] p:[92.0, 92.0, 92.0] ->493.54
[98] a:[10 10  4] p:[98.0, 98.0, 98.0] ->288.85
[99] a:[10  4 10] p:[104.0, 104.0, 104.0] ->251.1
[100] a:[10 10  4] p:[50.0, 50.0, 50.0] ->766.07
[101] a:[10 10  4] p:[56.0, 56.0, 56.0] ->785.9
[102] a:[10 10  4] p:[62.0, 62.0, 62.0] ->706.37
[103] a:[10  4 10] p:[68.0, 68.0, 68.0] ->384.61
[104] a:[ 1 10 10] p:[74.0, 74.0, 74.0] ->155.53
[105] a:[10  8  6] p:[80.0, 80.0, 80.0] ->167.56
[106] a:[10 10  4] p:[86.0, 86.0, 86.0] ->222.48
[107] a:[10  4 10] p:[92.0, 92.0, 92.0] ->491.84
[108] a:[10  4 10] p:[98.0, 98.0, 98.0] ->424.83
[109] a:[10  4 10] p:[104.0, 104.0, 104.0] ->250.01
[110] a:[10 10  4] p:[50.0, 50.0, 50.0] ->769.41
[111] a:[10 10  4] p:[56.0, 56.0, 56.0] ->788.55
[112] a:[10 10  4] p:[62.0, 62.0, 62.0] ->707.63
[113] a:[10  4 10] p:[68.0, 68.0, 68.0] ->376.89
[114] a:[10  4 10] p:[74.0, 74.0, 74.0] ->159.68
[115] a:[10  4 10] p:[80.0, 80.0, 80.0] ->198.93
[116] a:[ 1 10 10] p:[86.0, 86.0, 86.0] ->324.02
[117] a:[ 1 10 10] p:[92.0, 92.0, 92.0] ->414.3
[118] a:[10  4 10] p:[98.0, 98.0, 98.0] ->421.48
[119] a:[10  4 10] p:[104.0, 104.0, 104.0] ->251.0
[120] a:[10 10  4] p:[50.0, 50.0, 50.0] ->762.0
[121] a:[10 10  4] p:[56.0, 56.0, 56.0] ->783.09
[122] a:[10 10  4] p:[62.0, 62.0, 62.0] ->712.15
[123] a:[10  4 10] p:[68.0, 68.0, 68.0] ->378.59
[124] a:[10  4 10] p:[74.0, 74.0, 74.0] ->161.63
[125] a:[10  9  5] p:[80.0, 80.0, 80.0] ->155.96
[126] a:[10  4 10] p:[86.0, 86.0, 86.0] ->342.24
[127] a:[10  4 10] p:[92.0, 92.0, 92.0] ->493.05
[128] a:[10  4 10] p:[98.0, 98.0, 98.0] ->421.89
[129] a:[ 1 10 10] p:[104.0, 104.0, 104.0] ->209.86
[130] a:[10 10  4] p:[50.0, 50.0, 50.0] ->769.45
[131] a:[10  8  6] p:[56.0, 56.0, 56.0] ->760.97
[132] a:[10 10  4] p:[62.0, 62.0, 62.0] ->702.93
[133] a:[ 1 10 10] p:[68.0, 68.0, 68.0] ->333.68
[134] a:[10  4 10] p:[74.0, 74.0, 74.0] ->159.83
[135] a:[10  4 10] p:[80.0, 80.0, 80.0] ->201.38
[136] a:[10  4 10] p:[86.0, 86.0, 86.0] ->344.63
[137] a:[10  4 10] p:[92.0, 92.0, 92.0] ->495.07
[138] a:[ 6  8 10] p:[98.0, 98.0, 98.0] ->411.72
[139] a:[10  4 10] p:[104.0, 104.0, 104.0] ->250.67
[140] a:[10 10  4] p:[50.0, 50.0, 50.0] ->763.92
[141] a:[10 10  4] p:[56.0, 56.0, 56.0] ->788.59
[142] a:[10 10  4] p:[62.0, 62.0, 62.0] ->704.27
[143] a:[10  4 10] p:[68.0, 68.0, 68.0] ->378.69
[144] a:[ 4 10 10] p:[74.0, 74.0, 74.0] ->159.95
[145] a:[10  4 10] p:[80.0, 80.0, 80.0] ->199.92
[146] a:[ 1 10 10] p:[86.0, 86.0, 86.0] ->322.02
[147] a:[10  4 10] p:[92.0, 92.0, 92.0] ->490.11
[148] a:[ 1 10 10] p:[98.0, 98.0, 98.0] ->387.85
[149] a:[10  4 10] p:[104.0, 104.0, 104.0] ->249.9
[150] a:[10 10  4] p:[50.0, 50.0, 50.0] ->761.28
[151] a:[10  8  6] p:[56.0, 56.0, 56.0] ->767.29
[152] a:[10 10  4] p:[62.0, 62.0, 62.0] ->705.88
[153] a:[10  7  7] p:[68.0, 68.0, 68.0] ->320.25
[154] a:[10  4 10] p:[74.0, 74.0, 74.0] ->159.28
[155] a:[ 1 10 10] p:[80.0, 80.0, 80.0] ->168.08
[156] a:[10  4 10] p:[86.0, 86.0, 86.0] ->344.11
[157] a:[10  4 10] p:[92.0, 92.0, 92.0] ->491.6
[158] a:[ 4 10 10] p:[98.0, 98.0, 98.0] ->397.74
[159] a:[10 10  4] p:[104.0, 104.0, 104.0] ->154.89
[160] a:[10 10  4] p:[50.0, 50.0, 50.0] ->765.95
[161] a:[10 10  4] p:[56.0, 56.0, 56.0] ->781.23
[162] a:[10 10  4] p:[62.0, 62.0, 62.0] ->702.86
[163] a:[10  4 10] p:[68.0, 68.0, 68.0] ->377.07
[164] a:[ 7  7 10] p:[74.0, 74.0, 74.0] ->159.54
[165] a:[10  4 10] p:[80.0, 80.0, 80.0] ->199.59
[166] a:[ 6  8 10] p:[86.0, 86.0, 86.0] ->332.3
[167] a:[10  4 10] p:[92.0, 92.0, 92.0] ->488.49
[168] a:[10  4 10] p:[98.0, 98.0, 98.0] ->419.32
[169] a:[10  4 10] p:[104.0, 104.0, 104.0] ->251.23
[170] a:[10 10  4] p:[50.0, 50.0, 50.0] ->766.18
[171] a:[10 10  4] p:[56.0, 56.0, 56.0] ->785.02
[172] a:[10 10  4] p:[62.0, 62.0, 62.0] ->705.47
[173] a:[10  4 10] p:[68.0, 68.0, 68.0] ->381.11
[174] a:[ 1 10 10] p:[74.0, 74.0, 74.0] ->156.88
[175] a:[10  5  9] p:[80.0, 80.0, 80.0] ->192.03
[176] a:[10  4 10] p:[86.0, 86.0, 86.0] ->348.74
[177] a:[10  4 10] p:[92.0, 92.0, 92.0] ->495.33
[178] a:[10  4 10] p:[98.0, 98.0, 98.0] ->428.82
[179] a:[10  4 10] p:[104.0, 104.0, 104.0] ->253.81
[180] a:[10 10  4] p:[50.0, 50.0, 50.0] ->769.17
[181] a:[10 10  4] p:[56.0, 56.0, 56.0] ->788.24
[182] a:[10 10  4] p:[62.0, 62.0, 62.0] ->703.75
[183] a:[10  4 10] p:[68.0, 68.0, 68.0] ->378.49
[184] a:[10  4 10] p:[74.0, 74.0, 74.0] ->159.72
[185] a:[10  4 10] p:[80.0, 80.0, 80.0] ->200.48
[186] a:[10  4 10] p:[86.0, 86.0, 86.0] ->342.79
[187] a:[10  4 10] p:[92.0, 92.0, 92.0] ->493.13
[188] a:[ 5  9 10] p:[98.0, 98.0, 98.0] ->399.92
[189] a:[ 4 10 10] p:[104.0, 104.0, 104.0] ->211.66
[190] a:[10  9  5] p:[50.0, 50.0, 50.0] ->760.74
[191] a:[10 10  4] p:[56.0, 56.0, 56.0] ->785.62
[192] a:[10 10  4] p:[62.0, 62.0, 62.0] ->702.92
[193] a:[10  6  8] p:[68.0, 68.0, 68.0] ->352.26
[194] a:[ 1 10 10] p:[74.0, 74.0, 74.0] ->160.07
[195] a:[ 1 10 10] p:[80.0, 80.0, 80.0] ->169.31
[196] a:[ 5  9 10] p:[86.0, 86.0, 86.0] ->335.15
[197] a:[10  4 10] p:[92.0, 92.0, 92.0] ->489.8
[198] a:[ 6  8 10] p:[98.0, 98.0, 98.0] ->405.04
[199] a:[10  4 10] p:[104.0, 104.0, 104.0] ->250.62
[200] a:[10 10  4] p:[50.0, 50.0, 50.0] ->769.73
[201] a:[10  9  5] p:[56.0, 56.0, 56.0] ->784.76
[202] a:[10 10  4] p:[62.0, 62.0, 62.0] ->706.9
[203] a:[ 4 10 10] p:[68.0, 68.0, 68.0] ->339.73
[204] a:[10 10  4] p:[74.0, 74.0, 74.0] ->106.34
[205] a:[10  4 10] p:[80.0, 80.0, 80.0] ->197.03
[206] a:[10  4 10] p:[86.0, 86.0, 86.0] ->346.93
[207] a:[10  4 10] p:[92.0, 92.0, 92.0] ->490.28
[208] a:[10  4 10] p:[98.0, 98.0, 98.0] ->426.08
[209] a:[10  4 10] p:[104.0, 104.0, 104.0] ->250.94
[210] a:[10 10  4] p:[50.0, 50.0, 50.0] ->766.66
[211] a:[10 10  4] p:[56.0, 56.0, 56.0] ->781.33
[212] a:[10 10  4] p:[62.0, 62.0, 62.0] ->701.81
[213] a:[ 1 10 10] p:[68.0, 68.0, 68.0] ->335.51
[214] a:[ 5  9 10] p:[74.0, 74.0, 74.0] ->163.16
[215] a:[ 1 10 10] p:[80.0, 80.0, 80.0] ->167.28
[216] a:[10  4 10] p:[86.0, 86.0, 86.0] ->346.01
[217] a:[10  4 10] p:[92.0, 92.0, 92.0] ->489.86
[218] a:[ 1 10 10] p:[98.0, 98.0, 98.0] ->388.39
[219] a:[10  4 10] p:[104.0, 104.0, 104.0] ->250.92
[220] a:[10 10  4] p:[50.0, 50.0, 50.0] ->767.01
[221] a:[10 10  4] p:[56.0, 56.0, 56.0] ->785.3
[222] a:[10 10  4] p:[62.0, 62.0, 62.0] ->699.64
[223] a:[10  4 10] p:[68.0, 68.0, 68.0] ->374.93
[224] a:[10  4 10] p:[74.0, 74.0, 74.0] ->159.82
[225] a:[10  4 10] p:[80.0, 80.0, 80.0] ->201.07
[226] a:[ 4 10 10] p:[86.0, 86.0, 86.0] ->324.6
[227] a:[10  4 10] p:[92.0, 92.0, 92.0] ->492.66
[228] a:[10  4 10] p:[98.0, 98.0, 98.0] ->423.49
[229] a:[10  4 10] p:[104.0, 104.0, 104.0] ->250.07
[230] a:[10 10  4] p:[50.0, 50.0, 50.0] ->767.31
[231] a:[10 10  4] p:[56.0, 56.0, 56.0] ->788.09
[232] a:[10 10  4] p:[62.0, 62.0, 62.0] ->707.21
[233] a:[ 6  8 10] p:[68.0, 68.0, 68.0] ->352.2
[234] a:[ 1 10 10] p:[74.0, 74.0, 74.0] ->157.12
[235] a:[10  4 10] p:[80.0, 80.0, 80.0] ->198.7
[236] a:[ 1 10 10] p:[86.0, 86.0, 86.0] ->322.56
[237] a:[10  4 10] p:[92.0, 92.0, 92.0] ->492.0
[238] a:[10  4 10] p:[98.0, 98.0, 98.0] ->424.16
[239] a:[10  4 10] p:[104.0, 104.0, 104.0] ->253.37
[240] a:[10  9  5] p:[50.0, 50.0, 50.0] ->768.97
[241] a:[10 10  4] p:[56.0, 56.0, 56.0] ->792.93
[242] a:[10 10  4] p:[62.0, 62.0, 62.0] ->706.44
[243] a:[10  4 10] p:[68.0, 68.0, 68.0] ->381.17
[244] a:[ 1 10 10] p:[74.0, 74.0, 74.0] ->157.51
[245] a:[10  4 10] p:[80.0, 80.0, 80.0] ->198.48
[246] a:[10  4 10] p:[86.0, 86.0, 86.0] ->347.31
[247] a:[10  4 10] p:[92.0, 92.0, 92.0] ->489.35
[248] a:[10  4 10] p:[98.0, 98.0, 98.0] ->418.96
[249] a:[10  4 10] p:[104.0, 104.0, 104.0] ->252.44
[250] a:[10 10  4] p:[50.0, 50.0, 50.0] ->764.92
[251] a:[10 10  4] p:[56.0, 56.0, 56.0] ->789.46
[252] a:[10 10  4] p:[62.0, 62.0, 62.0] ->702.04
[253] a:[10  4 10] p:[68.0, 68.0, 68.0] ->380.06
[254] a:[10  4 10] p:[74.0, 74.0, 74.0] ->160.19
[255] a:[10  4 10] p:[80.0, 80.0, 80.0] ->197.19
[256] a:[10  4 10] p:[86.0, 86.0, 86.0] ->347.77
[257] a:[10  4 10] p:[92.0, 92.0, 92.0] ->489.26
[258] a:[10  4 10] p:[98.0, 98.0, 98.0] ->424.23
[259] a:[10  4 10] p:[104.0, 104.0, 104.0] ->252.85
[260] a:[10 10  4] p:[50.0, 50.0, 50.0] ->771.57
[261] a:[10 10  4] p:[56.0, 56.0, 56.0] ->786.83
[262] a:[10 10  4] p:[62.0, 62.0, 62.0] ->704.64
[263] a:[ 5  9 10] p:[68.0, 68.0, 68.0] ->349.86
[264] a:[10  4 10] p:[74.0, 74.0, 74.0] ->159.06
[265] a:[10  4 10] p:[80.0, 80.0, 80.0] ->201.28
[266] a:[10  4 10] p:[86.0, 86.0, 86.0] ->345.68
[267] a:[10  4 10] p:[92.0, 92.0, 92.0] ->490.38
[268] a:[ 4 10 10] p:[98.0, 98.0, 98.0] ->398.69
[269] a:[10  4 10] p:[104.0, 104.0, 104.0] ->249.38
[270] a:[10 10  4] p:[50.0, 50.0, 50.0] ->768.25
[271] a:[10 10  4] p:[56.0, 56.0, 56.0] ->788.46
[272] a:[10 10  4] p:[62.0, 62.0, 62.0] ->705.84
[273] a:[10  4 10] p:[68.0, 68.0, 68.0] ->375.38
[274] a:[10  4 10] p:[74.0, 74.0, 74.0] ->160.61
[275] a:[10  4 10] p:[80.0, 80.0, 80.0] ->197.48
[276] a:[10  4 10] p:[86.0, 86.0, 86.0] ->347.87
[277] a:[10  4 10] p:[92.0, 92.0, 92.0] ->491.11
[278] a:[10  4 10] p:[98.0, 98.0, 98.0] ->426.36
[279] a:[10  4 10] p:[104.0, 104.0, 104.0] ->250.2
[280] a:[10 10  4] p:[50.0, 50.0, 50.0] ->772.63
[281] a:[10 10  4] p:[56.0, 56.0, 56.0] ->784.52
[282] a:[10 10  4] p:[62.0, 62.0, 62.0] ->709.36
[283] a:[10  4 10] p:[68.0, 68.0, 68.0] ->372.12
[284] a:[ 5  9 10] p:[74.0, 74.0, 74.0] ->161.88
[285] a:[10  4 10] p:[80.0, 80.0, 80.0] ->198.58
[286] a:[10  4 10] p:[86.0, 86.0, 86.0] ->346.74
[287] a:[10  4 10] p:[92.0, 92.0, 92.0] ->492.46
[288] a:[ 1 10 10] p:[98.0, 98.0, 98.0] ->393.56
[289] a:[ 6  8 10] p:[104.0, 104.0, 104.0] ->223.54
[290] a:[10 10  4] p:[50.0, 50.0, 50.0] ->763.63
[291] a:[10 10  4] p:[56.0, 56.0, 56.0] ->787.13
[292] a:[10 10  4] p:[62.0, 62.0, 62.0] ->709.71
[293] a:[10  4 10] p:[68.0, 68.0, 68.0] ->378.64
[294] a:[ 1 10 10] p:[74.0, 74.0, 74.0] ->158.0
[295] a:[10  4 10] p:[80.0, 80.0, 80.0] ->199.74
[296] a:[ 1 10 10] p:[86.0, 86.0, 86.0] ->324.12
[297] a:[10  4 10] p:[92.0, 92.0, 92.0] ->493.48
[298] a:[10  4 10] p:[98.0, 98.0, 98.0] ->422.96
[299] a:[10  4 10] p:[104.0, 104.0, 104.0] ->253.61

Best solutions for experiment 1
Best pricing solution: [56.0, 56.0, 56.0]
Best advertising solution: [10 10  4]
Best result: 792.93
--------------------------------------------------------


Starting experiment 3

Ideal pricing solution: [56.0, 56.0, 56.0]
Ideal advertising solution: [10 10  4]
Ideal result: 786.08

[0] a:[3 5 3] p:[50.0, 50.0, 50.0] ->173.97
[1] a:[2 3 4] p:[56.0, 56.0, 56.0] ->115.73
[2] a:[1 9 8] p:[62.0, 62.0, 62.0] ->317.09
[3] a:[7 4 4] p:[68.0, 68.0, 68.0] ->186.53
[4] a:[ 2  8 10] p:[74.0, 74.0, 74.0] ->153.62
[5] a:[3 8 3] p:[80.0, 80.0, 80.0] ->68.7
[6] a:[ 3 10  6] p:[86.0, 86.0, 86.0] ->223.66
[7] a:[1 9 0] p:[92.0, 92.0, 92.0] ->124.02
[8] a:[6 9 6] p:[98.0, 98.0, 98.0] ->295.07
[9] a:[6 9 7] p:[104.0, 104.0, 104.0] ->169.56
[10] a:[ 6 10  8] p:[50.0, 50.0, 50.0] ->527.2
[11] a:[6 9 9] p:[56.0, 56.0, 56.0] ->505.73
[12] a:[ 6 10  8] p:[62.0, 62.0, 62.0] ->460.0
[13] a:[ 5 10  9] p:[68.0, 68.0, 68.0] ->331.39
[14] a:[ 6 10  8] p:[74.0, 74.0, 74.0] ->148.04
[15] a:[ 1 10 10] p:[80.0, 80.0, 80.0] ->165.65
[16] a:[6 9 9] p:[86.0, 86.0, 86.0] ->314.62
[17] a:[6 9 9] p:[92.0, 92.0, 92.0] ->421.3
[18] a:[ 4 10 10] p:[98.0, 98.0, 98.0] ->391.46
[19] a:[ 6 10  8] p:[104.0, 104.0, 104.0] ->204.41
[20] a:[ 6 10  8] p:[50.0, 50.0, 50.0] ->532.2
[21] a:[ 6 10  8] p:[56.0, 56.0, 56.0] ->518.17
[22] a:[ 7  7 10] p:[62.0, 62.0, 62.0] ->454.63
[23] a:[ 1 10 10] p:[68.0, 68.0, 68.0] ->333.53
[24] a:[ 5 10  9] p:[74.0, 74.0, 74.0] ->151.23
[25] a:[ 4 10 10] p:[80.0, 80.0, 80.0] ->172.98
[26] a:[ 4 10 10] p:[86.0, 86.0, 86.0] ->327.04
[27] a:[ 7  7 10] p:[92.0, 92.0, 92.0] ->453.94
[28] a:[ 1 10 10] p:[98.0, 98.0, 98.0] ->390.62
[29] a:[ 4 10 10] p:[104.0, 104.0, 104.0] ->216.64
[30] a:[ 4 10 10] p:[50.0, 50.0, 50.0] ->434.83
[31] a:[7 8 9] p:[56.0, 56.0, 56.0] ->557.58
[32] a:[ 7  7 10] p:[62.0, 62.0, 62.0] ->446.54
[33] a:[ 1 10 10] p:[68.0, 68.0, 68.0] ->331.59
[34] a:[ 6 10  8] p:[74.0, 74.0, 74.0] ->145.9
[35] a:[ 4 10 10] p:[80.0, 80.0, 80.0] ->169.63
[36] a:[ 4 10 10] p:[86.0, 86.0, 86.0] ->329.2
[37] a:[ 8  6 10] p:[92.0, 92.0, 92.0] ->468.9
[38] a:[ 1 10 10] p:[98.0, 98.0, 98.0] ->387.65
[39] a:[7 8 9] p:[104.0, 104.0, 104.0] ->216.95
[40] a:[ 8 10  6] p:[50.0, 50.0, 50.0] ->661.68
[41] a:[8 8 8] p:[56.0, 56.0, 56.0] ->648.16
[42] a:[ 9 10  5] p:[62.0, 62.0, 62.0] ->654.72
[43] a:[ 9  5 10] p:[68.0, 68.0, 68.0] ->371.49
[44] a:[ 7  7 10] p:[74.0, 74.0, 74.0] ->159.11
[45] a:[ 4 10 10] p:[80.0, 80.0, 80.0] ->172.93
[46] a:[9 9 6] p:[86.0, 86.0, 86.0] ->270.01
[47] a:[10  0 10] p:[92.0, 92.0, 92.0] ->470.99
[48] a:[ 4 10 10] p:[98.0, 98.0, 98.0] ->393.98
[49] a:[ 9 10  5] p:[104.0, 104.0, 104.0] ->165.42
[50] a:[ 4 10 10] p:[50.0, 50.0, 50.0] ->432.36
[51] a:[10 10  4] p:[56.0, 56.0, 56.0] ->789.72
[52] a:[10  4 10] p:[62.0, 62.0, 62.0] ->543.74
[53] a:[10  4 10] p:[68.0, 68.0, 68.0] ->373.93
[54] a:[10  4 10] p:[74.0, 74.0, 74.0] ->159.76
[55] a:[10  4 10] p:[80.0, 80.0, 80.0] ->198.93
[56] a:[10  4 10] p:[86.0, 86.0, 86.0] ->349.11
[57] a:[10  4 10] p:[92.0, 92.0, 92.0] ->487.5
[58] a:[ 1 10 10] p:[98.0, 98.0, 98.0] ->384.33
[59] a:[10  4 10] p:[104.0, 104.0, 104.0] ->252.61
[60] a:[10 10  4] p:[50.0, 50.0, 50.0] ->767.99
[61] a:[10  9  5] p:[56.0, 56.0, 56.0] ->783.09
[62] a:[10 10  4] p:[62.0, 62.0, 62.0] ->708.01
[63] a:[10 10  4] p:[68.0, 68.0, 68.0] ->263.76
[64] a:[10  4 10] p:[74.0, 74.0, 74.0] ->160.57
[65] a:[9 9 6] p:[80.0, 80.0, 80.0] ->162.07
[66] a:[10 10  4] p:[86.0, 86.0, 86.0] ->225.37
[67] a:[10  4 10] p:[92.0, 92.0, 92.0] ->489.73
[68] a:[10  4 10] p:[98.0, 98.0, 98.0] ->426.04
[69] a:[10  4 10] p:[104.0, 104.0, 104.0] ->252.02
[70] a:[10 10  4] p:[50.0, 50.0, 50.0] ->766.33
[71] a:[10 10  4] p:[56.0, 56.0, 56.0] ->789.37
[72] a:[10 10  4] p:[62.0, 62.0, 62.0] ->706.76
[73] a:[10  4 10] p:[68.0, 68.0, 68.0] ->377.1
[74] a:[10  8  6] p:[74.0, 74.0, 74.0] ->129.54
[75] a:[10  4 10] p:[80.0, 80.0, 80.0] ->200.3
[76] a:[ 1 10 10] p:[86.0, 86.0, 86.0] ->323.47
[77] a:[ 1 10 10] p:[92.0, 92.0, 92.0] ->415.14
[78] a:[10  4 10] p:[98.0, 98.0, 98.0] ->420.92
[79] a:[10  4 10] p:[104.0, 104.0, 104.0] ->250.15
[80] a:[10 10  4] p:[50.0, 50.0, 50.0] ->767.68
[81] a:[10 10  4] p:[56.0, 56.0, 56.0] ->788.09
[82] a:[10 10  4] p:[62.0, 62.0, 62.0] ->701.55
[83] a:[10  4 10] p:[68.0, 68.0, 68.0] ->377.91
[84] a:[ 1 10 10] p:[74.0, 74.0, 74.0] ->157.37
[85] a:[10  7  7] p:[80.0, 80.0, 80.0] ->170.48
[86] a:[10  4 10] p:[86.0, 86.0, 86.0] ->347.51
[87] a:[10  4 10] p:[92.0, 92.0, 92.0] ->492.91
[88] a:[10  4 10] p:[98.0, 98.0, 98.0] ->430.0
[89] a:[10  4 10] p:[104.0, 104.0, 104.0] ->249.38
[90] a:[10 10  4] p:[50.0, 50.0, 50.0] ->766.14
[91] a:[10 10  4] p:[56.0, 56.0, 56.0] ->786.45
[92] a:[10 10  4] p:[62.0, 62.0, 62.0] ->706.29
[93] a:[ 1 10 10] p:[68.0, 68.0, 68.0] ->335.56
[94] a:[10  4 10] p:[74.0, 74.0, 74.0] ->159.3
[95] a:[10 10  4] p:[80.0, 80.0, 80.0] ->143.8
[96] a:[ 1 10 10] p:[86.0, 86.0, 86.0] ->319.6
[97] a:[10  4 10] p:[92.0, 92.0, 92.0] ->489.85
[98] a:[10  4 10] p:[98.0, 98.0, 98.0] ->427.12
[99] a:[ 1 10 10] p:[104.0, 104.0, 104.0] ->211.06
[100] a:[10  7  7] p:[50.0, 50.0, 50.0] ->726.9
[101] a:[10 10  4] p:[56.0, 56.0, 56.0] ->789.22
[102] a:[10 10  4] p:[62.0, 62.0, 62.0] ->702.67
[103] a:[10  4 10] p:[68.0, 68.0, 68.0] ->379.12
[104] a:[ 1 10 10] p:[74.0, 74.0, 74.0] ->157.92
[105] a:[10  4 10] p:[80.0, 80.0, 80.0] ->200.7
[106] a:[ 1 10 10] p:[86.0, 86.0, 86.0] ->325.32
[107] a:[10  4 10] p:[92.0, 92.0, 92.0] ->498.14
[108] a:[ 1 10 10] p:[98.0, 98.0, 98.0] ->391.66
[109] a:[10  4 10] p:[104.0, 104.0, 104.0] ->250.8
[110] a:[10 10  4] p:[50.0, 50.0, 50.0] ->766.2
[111] a:[10 10  4] p:[56.0, 56.0, 56.0] ->785.31
[112] a:[10 10  4] p:[62.0, 62.0, 62.0] ->704.69
[113] a:[10  4 10] p:[68.0, 68.0, 68.0] ->380.11
[114] a:[10  4 10] p:[74.0, 74.0, 74.0] ->162.4
[115] a:[10  4 10] p:[80.0, 80.0, 80.0] ->199.77
[116] a:[ 1 10 10] p:[86.0, 86.0, 86.0] ->318.52
[117] a:[10  4 10] p:[92.0, 92.0, 92.0] ->495.85
[118] a:[10  4 10] p:[98.0, 98.0, 98.0] ->425.16
[119] a:[ 1 10 10] p:[104.0, 104.0, 104.0] ->213.37
[120] a:[10 10  4] p:[50.0, 50.0, 50.0] ->771.11
[121] a:[10 10  4] p:[56.0, 56.0, 56.0] ->784.71
[122] a:[10 10  4] p:[62.0, 62.0, 62.0] ->708.05
[123] a:[10  4 10] p:[68.0, 68.0, 68.0] ->380.45
[124] a:[ 1 10 10] p:[74.0, 74.0, 74.0] ->158.08
[125] a:[10  4 10] p:[80.0, 80.0, 80.0] ->199.71
[126] a:[10  4 10] p:[86.0, 86.0, 86.0] ->347.36
[127] a:[10  7  7] p:[92.0, 92.0, 92.0] ->403.96
[128] a:[ 1 10 10] p:[98.0, 98.0, 98.0] ->387.21
[129] a:[10  4 10] p:[104.0, 104.0, 104.0] ->251.77
[130] a:[10  4 10] p:[50.0, 50.0, 50.0] ->657.41
[131] a:[10 10  4] p:[56.0, 56.0, 56.0] ->789.27
[132] a:[10 10  4] p:[62.0, 62.0, 62.0] ->702.81
[133] a:[10  4 10] p:[68.0, 68.0, 68.0] ->376.19
[134] a:[10  4 10] p:[74.0, 74.0, 74.0] ->158.16
[135] a:[10 10  4] p:[80.0, 80.0, 80.0] ->143.27
[136] a:[10  4 10] p:[86.0, 86.0, 86.0] ->342.31
[137] a:[10  4 10] p:[92.0, 92.0, 92.0] ->493.09
[138] a:[ 1 10 10] p:[98.0, 98.0, 98.0] ->386.3
[139] a:[10  4 10] p:[104.0, 104.0, 104.0] ->250.31
[140] a:[10 10  4] p:[50.0, 50.0, 50.0] ->765.05
[141] a:[10 10  4] p:[56.0, 56.0, 56.0] ->789.3
[142] a:[10 10  4] p:[62.0, 62.0, 62.0] ->712.87
[143] a:[ 1 10 10] p:[68.0, 68.0, 68.0] ->334.36
[144] a:[ 4 10 10] p:[74.0, 74.0, 74.0] ->159.0
[145] a:[ 4 10 10] p:[80.0, 80.0, 80.0] ->170.69
[146] a:[ 6  8 10] p:[86.0, 86.0, 86.0] ->332.8
[147] a:[10  4 10] p:[92.0, 92.0, 92.0] ->486.68
[148] a:[ 1 10 10] p:[98.0, 98.0, 98.0] ->391.94
[149] a:[ 1 10 10] p:[104.0, 104.0, 104.0] ->209.91
[150] a:[10 10  4] p:[50.0, 50.0, 50.0] ->769.79
[151] a:[10 10  4] p:[56.0, 56.0, 56.0] ->785.38
[152] a:[10 10  4] p:[62.0, 62.0, 62.0] ->709.72
[153] a:[ 9  5 10] p:[68.0, 68.0, 68.0] ->373.3
[154] a:[10  4 10] p:[74.0, 74.0, 74.0] ->160.82
[155] a:[ 1 10 10] p:[80.0, 80.0, 80.0] ->166.42
[156] a:[10  4 10] p:[86.0, 86.0, 86.0] ->345.86
[157] a:[10  4 10] p:[92.0, 92.0, 92.0] ->494.28
[158] a:[10  4 10] p:[98.0, 98.0, 98.0] ->417.41
[159] a:[ 1 10 10] p:[104.0, 104.0, 104.0] ->207.96
[160] a:[10 10  4] p:[50.0, 50.0, 50.0] ->766.05
[161] a:[10  8  6] p:[56.0, 56.0, 56.0] ->764.52
[162] a:[10 10  4] p:[62.0, 62.0, 62.0] ->704.57
[163] a:[10  4 10] p:[68.0, 68.0, 68.0] ->374.68
[164] a:[ 1 10 10] p:[74.0, 74.0, 74.0] ->156.62
[165] a:[10  4 10] p:[80.0, 80.0, 80.0] ->199.2
[166] a:[10  5  9] p:[86.0, 86.0, 86.0] ->325.19
[167] a:[10  4 10] p:[92.0, 92.0, 92.0] ->495.43
[168] a:[10  4 10] p:[98.0, 98.0, 98.0] ->423.64
[169] a:[10  4 10] p:[104.0, 104.0, 104.0] ->248.72
[170] a:[10 10  4] p:[50.0, 50.0, 50.0] ->766.46
[171] a:[10 10  4] p:[56.0, 56.0, 56.0] ->780.12
[172] a:[10 10  4] p:[62.0, 62.0, 62.0] ->703.93
[173] a:[ 6  8 10] p:[68.0, 68.0, 68.0] ->354.68
[174] a:[10  4 10] p:[74.0, 74.0, 74.0] ->160.84
[175] a:[10  4 10] p:[80.0, 80.0, 80.0] ->199.77
[176] a:[ 4 10 10] p:[86.0, 86.0, 86.0] ->326.0
[177] a:[10  4 10] p:[92.0, 92.0, 92.0] ->493.42
[178] a:[10  4 10] p:[98.0, 98.0, 98.0] ->423.06
[179] a:[10  4 10] p:[104.0, 104.0, 104.0] ->247.92
[180] a:[10  8  6] p:[50.0, 50.0, 50.0] ->756.72
[181] a:[10 10  4] p:[56.0, 56.0, 56.0] ->789.44
[182] a:[10 10  4] p:[62.0, 62.0, 62.0] ->704.98
[183] a:[10  4 10] p:[68.0, 68.0, 68.0] ->378.92
[184] a:[10  4 10] p:[74.0, 74.0, 74.0] ->158.97
[185] a:[9 9 6] p:[80.0, 80.0, 80.0] ->161.05
[186] a:[10  4 10] p:[86.0, 86.0, 86.0] ->343.45
[187] a:[10  4 10] p:[92.0, 92.0, 92.0] ->490.69
[188] a:[ 1 10 10] p:[98.0, 98.0, 98.0] ->388.33
[189] a:[10  4 10] p:[104.0, 104.0, 104.0] ->250.8
[190] a:[10 10  4] p:[50.0, 50.0, 50.0] ->769.1
[191] a:[10 10  4] p:[56.0, 56.0, 56.0] ->784.34
[192] a:[10 10  4] p:[62.0, 62.0, 62.0] ->709.53
[193] a:[10  4 10] p:[68.0, 68.0, 68.0] ->377.43
[194] a:[10  4 10] p:[74.0, 74.0, 74.0] ->158.76
[195] a:[10  4 10] p:[80.0, 80.0, 80.0] ->199.14
[196] a:[10  4 10] p:[86.0, 86.0, 86.0] ->346.89
[197] a:[10  4 10] p:[92.0, 92.0, 92.0] ->498.62
[198] a:[ 9  5 10] p:[98.0, 98.0, 98.0] ->418.09
[199] a:[10  4 10] p:[104.0, 104.0, 104.0] ->251.74
[200] a:[10 10  4] p:[50.0, 50.0, 50.0] ->770.97
[201] a:[10 10  4] p:[56.0, 56.0, 56.0] ->787.53
[202] a:[10 10  4] p:[62.0, 62.0, 62.0] ->703.04
[203] a:[10  4 10] p:[68.0, 68.0, 68.0] ->377.97
[204] a:[9 9 6] p:[74.0, 74.0, 74.0] ->128.37
[205] a:[ 5  9 10] p:[80.0, 80.0, 80.0] ->177.87
[206] a:[10  4 10] p:[86.0, 86.0, 86.0] ->349.31
[207] a:[10  4 10] p:[92.0, 92.0, 92.0] ->490.54
[208] a:[10  4 10] p:[98.0, 98.0, 98.0] ->423.42
[209] a:[10  4 10] p:[104.0, 104.0, 104.0] ->252.57
[210] a:[10  9  5] p:[50.0, 50.0, 50.0] ->767.7
[211] a:[10 10  4] p:[56.0, 56.0, 56.0] ->786.98
[212] a:[10 10  4] p:[62.0, 62.0, 62.0] ->702.2
[213] a:[10  7  7] p:[68.0, 68.0, 68.0] ->318.82
[214] a:[ 5  9 10] p:[74.0, 74.0, 74.0] ->160.51
[215] a:[10  4 10] p:[80.0, 80.0, 80.0] ->197.28
[216] a:[ 1 10 10] p:[86.0, 86.0, 86.0] ->321.39
[217] a:[10  4 10] p:[92.0, 92.0, 92.0] ->489.58
[218] a:[ 1 10 10] p:[98.0, 98.0, 98.0] ->386.29
[219] a:[ 5  9 10] p:[104.0, 104.0, 104.0] ->222.27
[220] a:[10  7  7] p:[50.0, 50.0, 50.0] ->727.93
[221] a:[10 10  4] p:[56.0, 56.0, 56.0] ->782.83
[222] a:[10 10  4] p:[62.0, 62.0, 62.0] ->705.1
[223] a:[10  4 10] p:[68.0, 68.0, 68.0] ->376.9
[224] a:[ 1 10 10] p:[74.0, 74.0, 74.0] ->159.3
[225] a:[6 9 9] p:[80.0, 80.0, 80.0] ->171.44
[226] a:[ 6  8 10] p:[86.0, 86.0, 86.0] ->333.95
[227] a:[10  4 10] p:[92.0, 92.0, 92.0] ->495.91
[228] a:[ 8  6 10] p:[98.0, 98.0, 98.0] ->414.55
[229] a:[10  4 10] p:[104.0, 104.0, 104.0] ->250.68
[230] a:[10 10  4] p:[50.0, 50.0, 50.0] ->763.16
[231] a:[10 10  4] p:[56.0, 56.0, 56.0] ->782.59
[232] a:[10 10  4] p:[62.0, 62.0, 62.0] ->716.05
[233] a:[10  4 10] p:[68.0, 68.0, 68.0] ->375.48
[234] a:[ 9  5 10] p:[74.0, 74.0, 74.0] ->160.47
[235] a:[ 4 10 10] p:[80.0, 80.0, 80.0] ->173.8
[236] a:[ 1 10 10] p:[86.0, 86.0, 86.0] ->319.86
[237] a:[10  4 10] p:[92.0, 92.0, 92.0] ->496.63
[238] a:[ 4 10 10] p:[98.0, 98.0, 98.0] ->396.03
[239] a:[10  4 10] p:[104.0, 104.0, 104.0] ->252.36
[240] a:[10 10  4] p:[50.0, 50.0, 50.0] ->765.45
[241] a:[10  9  5] p:[56.0, 56.0, 56.0] ->789.13
[242] a:[10 10  4] p:[62.0, 62.0, 62.0] ->708.44
[243] a:[10  4 10] p:[68.0, 68.0, 68.0] ->379.12
[244] a:[10  4 10] p:[74.0, 74.0, 74.0] ->159.56
[245] a:[10  4 10] p:[80.0, 80.0, 80.0] ->198.86
[246] a:[10  4 10] p:[86.0, 86.0, 86.0] ->345.95
[247] a:[10  4 10] p:[92.0, 92.0, 92.0] ->492.12
[248] a:[10  4 10] p:[98.0, 98.0, 98.0] ->426.95
[249] a:[10  4 10] p:[104.0, 104.0, 104.0] ->251.17
[250] a:[10 10  4] p:[50.0, 50.0, 50.0] ->770.87
[251] a:[10 10  4] p:[56.0, 56.0, 56.0] ->784.17
[252] a:[10 10  4] p:[62.0, 62.0, 62.0] ->702.61
[253] a:[10  4 10] p:[68.0, 68.0, 68.0] ->379.53
[254] a:[ 4 10 10] p:[74.0, 74.0, 74.0] ->157.03
[255] a:[10  4 10] p:[80.0, 80.0, 80.0] ->199.37
[256] a:[ 4 10 10] p:[86.0, 86.0, 86.0] ->324.12
[257] a:[ 9  5 10] p:[92.0, 92.0, 92.0] ->481.84
[258] a:[ 1 10 10] p:[98.0, 98.0, 98.0] ->387.72
[259] a:[10  4 10] p:[104.0, 104.0, 104.0] ->253.03
[260] a:[10 10  4] p:[50.0, 50.0, 50.0] ->766.43
[261] a:[10 10  4] p:[56.0, 56.0, 56.0] ->785.52
[262] a:[10 10  4] p:[62.0, 62.0, 62.0] ->707.46
[263] a:[10  4 10] p:[68.0, 68.0, 68.0] ->376.52
[264] a:[ 1 10 10] p:[74.0, 74.0, 74.0] ->158.41
[265] a:[10  4 10] p:[80.0, 80.0, 80.0] ->199.5
[266] a:[ 1 10 10] p:[86.0, 86.0, 86.0] ->322.31
[267] a:[10  4 10] p:[92.0, 92.0, 92.0] ->494.03
[268] a:[10  4 10] p:[98.0, 98.0, 98.0] ->425.4
[269] a:[10  4 10] p:[104.0, 104.0, 104.0] ->252.78
[270] a:[10 10  4] p:[50.0, 50.0, 50.0] ->770.31
[271] a:[10 10  4] p:[56.0, 56.0, 56.0] ->786.88
[272] a:[10 10  4] p:[62.0, 62.0, 62.0] ->708.61
[273] a:[10  4 10] p:[68.0, 68.0, 68.0] ->379.0
[274] a:[10  4 10] p:[74.0, 74.0, 74.0] ->159.28
[275] a:[ 4 10 10] p:[80.0, 80.0, 80.0] ->171.02
[276] a:[10  4 10] p:[86.0, 86.0, 86.0] ->345.7
[277] a:[10  4 10] p:[92.0, 92.0, 92.0] ->484.99
[278] a:[ 9  5 10] p:[98.0, 98.0, 98.0] ->416.4
[279] a:[10  4 10] p:[104.0, 104.0, 104.0] ->253.2
[280] a:[10 10  4] p:[50.0, 50.0, 50.0] ->752.73
[281] a:[10 10  4] p:[56.0, 56.0, 56.0] ->792.31
[282] a:[10 10  4] p:[62.0, 62.0, 62.0] ->704.53
[283] a:[ 5  9 10] p:[68.0, 68.0, 68.0] ->349.42
[284] a:[ 4 10 10] p:[74.0, 74.0, 74.0] ->158.0
[285] a:[10  4 10] p:[80.0, 80.0, 80.0] ->198.61
[286] a:[10  4 10] p:[86.0, 86.0, 86.0] ->350.1
[287] a:[10  4 10] p:[92.0, 92.0, 92.0] ->491.79
[288] a:[10  4 10] p:[98.0, 98.0, 98.0] ->429.74
[289] a:[10  4 10] p:[104.0, 104.0, 104.0] ->251.8
[290] a:[10 10  4] p:[50.0, 50.0, 50.0] ->765.27
[291] a:[10 10  4] p:[56.0, 56.0, 56.0] ->783.85
[292] a:[10 10  4] p:[62.0, 62.0, 62.0] ->703.98
[293] a:[10  4 10] p:[68.0, 68.0, 68.0] ->376.0
[294] a:[10  4 10] p:[74.0, 74.0, 74.0] ->158.83
[295] a:[10  4 10] p:[80.0, 80.0, 80.0] ->199.47
[296] a:[10  4 10] p:[86.0, 86.0, 86.0] ->344.78
[297] a:[10  4 10] p:[92.0, 92.0, 92.0] ->494.15
[298] a:[10  4 10] p:[98.0, 98.0, 98.0] ->426.52
[299] a:[10  4 10] p:[104.0, 104.0, 104.0] ->247.9

Best solutions for experiment 2
Best pricing solution: [56.0, 56.0, 56.0]
Best advertising solution: [10 10  4]
Best result: 792.31
--------------------------------------------------------


Starting experiment 4

Ideal pricing solution: [56.0, 56.0, 56.0]
Ideal advertising solution: [10 10  4]
Ideal result: 786.08

[0] a:[1 4 3] p:[50.0, 50.0, 50.0] ->133.79
[1] a:[3 9 4] p:[56.0, 56.0, 56.0] ->327.02
[2] a:[2 5 2] p:[62.0, 62.0, 62.0] ->140.33
[3] a:[6 2 7] p:[68.0, 68.0, 68.0] ->228.01
[4] a:[3 5 8] p:[74.0, 74.0, 74.0] ->121.27
[5] a:[1 4 0] p:[80.0, 80.0, 80.0] ->39.08
[6] a:[2 9 5] p:[86.0, 86.0, 86.0] ->190.93
[7] a:[2 4 9] p:[92.0, 92.0, 92.0] ->347.72
[8] a:[ 2 10  9] p:[98.0, 98.0, 98.0] ->366.28
[9] a:[1 9 9] p:[104.0, 104.0, 104.0] ->192.21
[10] a:[ 1 10  9] p:[50.0, 50.0, 50.0] ->394.18
[11] a:[ 4 10  9] p:[56.0, 56.0, 56.0] ->412.4
[12] a:[ 4 10 10] p:[62.0, 62.0, 62.0] ->359.63
[13] a:[ 2 10 10] p:[68.0, 68.0, 68.0] ->332.62
[14] a:[ 1 10 10] p:[74.0, 74.0, 74.0] ->155.65
[15] a:[ 1 10 10] p:[80.0, 80.0, 80.0] ->167.43
[16] a:[ 1 10 10] p:[86.0, 86.0, 86.0] ->321.71
[17] a:[ 4 10 10] p:[92.0, 92.0, 92.0] ->423.12
[18] a:[ 5 10  9] p:[98.0, 98.0, 98.0] ->381.61
[19] a:[ 7  7 10] p:[104.0, 104.0, 104.0] ->229.89
[20] a:[ 6  8 10] p:[50.0, 50.0, 50.0] ->512.7
[21] a:[ 7  7 10] p:[56.0, 56.0, 56.0] ->520.24
[22] a:[ 6 10  8] p:[62.0, 62.0, 62.0] ->455.43
[23] a:[6 9 9] p:[68.0, 68.0, 68.0] ->336.24
[24] a:[ 4 10 10] p:[74.0, 74.0, 74.0] ->156.87
[25] a:[ 6 10  8] p:[80.0, 80.0, 80.0] ->165.52
[26] a:[ 4 10 10] p:[86.0, 86.0, 86.0] ->325.85
[27] a:[ 7 10  7] p:[92.0, 92.0, 92.0] ->363.83
[28] a:[ 4 10 10] p:[98.0, 98.0, 98.0] ->398.91
[29] a:[ 4 10 10] p:[104.0, 104.0, 104.0] ->213.47
[30] a:[7 8 9] p:[50.0, 50.0, 50.0] ->574.16
[31] a:[7 9 8] p:[56.0, 56.0, 56.0] ->576.04
[32] a:[7 9 8] p:[62.0, 62.0, 62.0] ->515.65
[33] a:[7 8 9] p:[68.0, 68.0, 68.0] ->341.18
[34] a:[ 7  7 10] p:[74.0, 74.0, 74.0] ->160.65
[35] a:[ 7 10  7] p:[80.0, 80.0, 80.0] ->151.83
[36] a:[ 7  7 10] p:[86.0, 86.0, 86.0] ->338.32
[37] a:[ 1 10 10] p:[92.0, 92.0, 92.0] ->417.45
[38] a:[ 4 10 10] p:[98.0, 98.0, 98.0] ->398.35
[39] a:[ 7  7 10] p:[104.0, 104.0, 104.0] ->229.95
[40] a:[ 8 10  6] p:[50.0, 50.0, 50.0] ->660.06
[41] a:[ 8 10  6] p:[56.0, 56.0, 56.0] ->661.64
[42] a:[ 8 10  6] p:[62.0, 62.0, 62.0] ->586.07
[43] a:[ 7  7 10] p:[68.0, 68.0, 68.0] ->359.1
[44] a:[ 5  9 10] p:[74.0, 74.0, 74.0] ->162.23
[45] a:[ 8  6 10] p:[80.0, 80.0, 80.0] ->187.8
[46] a:[ 7  7 10] p:[86.0, 86.0, 86.0] ->335.58
[47] a:[ 8  6 10] p:[92.0, 92.0, 92.0] ->469.14
[48] a:[ 1 10 10] p:[98.0, 98.0, 98.0] ->391.91
[49] a:[ 9  5 10] p:[104.0, 104.0, 104.0] ->246.82
[50] a:[ 9 10  5] p:[50.0, 50.0, 50.0] ->718.43
[51] a:[10 10  4] p:[56.0, 56.0, 56.0] ->783.82
[52] a:[10  9  5] p:[62.0, 62.0, 62.0] ->696.53
[53] a:[10  4 10] p:[68.0, 68.0, 68.0] ->380.39
[54] a:[ 5  9 10] p:[74.0, 74.0, 74.0] ->160.83
[55] a:[10  4 10] p:[80.0, 80.0, 80.0] ->202.68
[56] a:[10  4 10] p:[86.0, 86.0, 86.0] ->349.49
[57] a:[10 10  4] p:[92.0, 92.0, 92.0] ->329.8
[58] a:[ 4 10 10] p:[98.0, 98.0, 98.0] ->398.01
[59] a:[10  7  7] p:[104.0, 104.0, 104.0] ->202.46
[60] a:[10 10  4] p:[50.0, 50.0, 50.0] ->762.2
[61] a:[10 10  4] p:[56.0, 56.0, 56.0] ->785.03
[62] a:[10 10  4] p:[62.0, 62.0, 62.0] ->711.12
[63] a:[10  4 10] p:[68.0, 68.0, 68.0] ->372.95
[64] a:[10  4 10] p:[74.0, 74.0, 74.0] ->157.73
[65] a:[10  4 10] p:[80.0, 80.0, 80.0] ->199.48
[66] a:[10  0 10] p:[86.0, 86.0, 86.0] ->334.57
[67] a:[10  4 10] p:[92.0, 92.0, 92.0] ->497.85
[68] a:[10  4 10] p:[98.0, 98.0, 98.0] ->421.66
[69] a:[ 1 10 10] p:[104.0, 104.0, 104.0] ->209.02
[70] a:[10  7  7] p:[50.0, 50.0, 50.0] ->730.88
[71] a:[10  7  7] p:[56.0, 56.0, 56.0] ->740.38
[72] a:[10  9  5] p:[62.0, 62.0, 62.0] ->694.11
[73] a:[10  4 10] p:[68.0, 68.0, 68.0] ->379.45
[74] a:[10 10  4] p:[74.0, 74.0, 74.0] ->106.0
[75] a:[10  9  5] p:[80.0, 80.0, 80.0] ->155.31
[76] a:[10  4 10] p:[86.0, 86.0, 86.0] ->348.45
[77] a:[ 4 10 10] p:[92.0, 92.0, 92.0] ->422.32
[78] a:[10  4 10] p:[98.0, 98.0, 98.0] ->420.01
[79] a:[10 10  4] p:[104.0, 104.0, 104.0] ->159.05
[80] a:[10  9  5] p:[50.0, 50.0, 50.0] ->766.05
[81] a:[10 10  4] p:[56.0, 56.0, 56.0] ->788.8
[82] a:[10 10  4] p:[62.0, 62.0, 62.0] ->698.86
[83] a:[ 4 10 10] p:[68.0, 68.0, 68.0] ->338.8
[84] a:[10  4 10] p:[74.0, 74.0, 74.0] ->159.68
[85] a:[10  4 10] p:[80.0, 80.0, 80.0] ->198.07
[86] a:[ 1 10 10] p:[86.0, 86.0, 86.0] ->318.5
[87] a:[10  4 10] p:[92.0, 92.0, 92.0] ->494.7
[88] a:[ 5  9 10] p:[98.0, 98.0, 98.0] ->400.94
[89] a:[10  4 10] p:[104.0, 104.0, 104.0] ->250.85
[90] a:[10 10  4] p:[50.0, 50.0, 50.0] ->767.8
[91] a:[10  4 10] p:[56.0, 56.0, 56.0] ->650.74
[92] a:[10 10  4] p:[62.0, 62.0, 62.0] ->707.76
[93] a:[10  4 10] p:[68.0, 68.0, 68.0] ->376.5
[94] a:[9 8 7] p:[74.0, 74.0, 74.0] ->132.95
[95] a:[10  4 10] p:[80.0, 80.0, 80.0] ->199.34
[96] a:[ 1 10 10] p:[86.0, 86.0, 86.0] ->321.6
[97] a:[ 1 10 10] p:[92.0, 92.0, 92.0] ->414.5
[98] a:[10  4 10] p:[98.0, 98.0, 98.0] ->425.37
[99] a:[10  4 10] p:[104.0, 104.0, 104.0] ->253.64
[100] a:[10 10  4] p:[50.0, 50.0, 50.0] ->770.77
[101] a:[10  7  7] p:[56.0, 56.0, 56.0] ->735.67
[102] a:[10 10  4] p:[62.0, 62.0, 62.0] ->704.92
[103] a:[10  4 10] p:[68.0, 68.0, 68.0] ->375.72
[104] a:[10  4 10] p:[74.0, 74.0, 74.0] ->159.88
[105] a:[10 10  4] p:[80.0, 80.0, 80.0] ->143.56
[106] a:[10  4 10] p:[86.0, 86.0, 86.0] ->343.08
[107] a:[10  4 10] p:[92.0, 92.0, 92.0] ->496.81
[108] a:[10  4 10] p:[98.0, 98.0, 98.0] ->423.33
[109] a:[10  4 10] p:[104.0, 104.0, 104.0] ->252.64
[110] a:[10 10  4] p:[50.0, 50.0, 50.0] ->767.0
[111] a:[10 10  4] p:[56.0, 56.0, 56.0] ->790.63
[112] a:[10 10  4] p:[62.0, 62.0, 62.0] ->706.84
[113] a:[10  4 10] p:[68.0, 68.0, 68.0] ->381.99
[114] a:[10  8  6] p:[74.0, 74.0, 74.0] ->128.26
[115] a:[10 10  4] p:[80.0, 80.0, 80.0] ->143.38
[116] a:[10 10  4] p:[86.0, 86.0, 86.0] ->217.85
[117] a:[10  4 10] p:[92.0, 92.0, 92.0] ->492.85
[118] a:[10  4 10] p:[98.0, 98.0, 98.0] ->423.43
[119] a:[10  4 10] p:[104.0, 104.0, 104.0] ->249.48
[120] a:[10 10  4] p:[50.0, 50.0, 50.0] ->770.8
[121] a:[10 10  4] p:[56.0, 56.0, 56.0] ->787.67
[122] a:[10 10  4] p:[62.0, 62.0, 62.0] ->701.12
[123] a:[10  4 10] p:[68.0, 68.0, 68.0] ->376.45
[124] a:[10 10  4] p:[74.0, 74.0, 74.0] ->105.99
[125] a:[10  4 10] p:[80.0, 80.0, 80.0] ->199.99
[126] a:[10  4 10] p:[86.0, 86.0, 86.0] ->349.63
[127] a:[10  4 10] p:[92.0, 92.0, 92.0] ->494.66
[128] a:[ 1 10 10] p:[98.0, 98.0, 98.0] ->392.35
[129] a:[10  4 10] p:[104.0, 104.0, 104.0] ->251.27
[130] a:[10 10  4] p:[50.0, 50.0, 50.0] ->771.32
[131] a:[10 10  4] p:[56.0, 56.0, 56.0] ->789.9
[132] a:[10 10  4] p:[62.0, 62.0, 62.0] ->703.66
[133] a:[10  4 10] p:[68.0, 68.0, 68.0] ->373.36
[134] a:[ 5  9 10] p:[74.0, 74.0, 74.0] ->161.42
[135] a:[ 1 10 10] p:[80.0, 80.0, 80.0] ->166.54
[136] a:[ 1 10 10] p:[86.0, 86.0, 86.0] ->321.5
[137] a:[9 6 9] p:[92.0, 92.0, 92.0] ->455.89
[138] a:[10  4 10] p:[98.0, 98.0, 98.0] ->424.29
[139] a:[ 4 10 10] p:[104.0, 104.0, 104.0] ->216.16
[140] a:[10 10  4] p:[50.0, 50.0, 50.0] ->766.09
[141] a:[10 10  4] p:[56.0, 56.0, 56.0] ->780.26
[142] a:[10 10  4] p:[62.0, 62.0, 62.0] ->701.88
[143] a:[ 5  9 10] p:[68.0, 68.0, 68.0] ->353.19
[144] a:[10  4 10] p:[74.0, 74.0, 74.0] ->160.74
[145] a:[10  4 10] p:[80.0, 80.0, 80.0] ->198.65
[146] a:[10  4 10] p:[86.0, 86.0, 86.0] ->349.17
[147] a:[10  4 10] p:[92.0, 92.0, 92.0] ->490.61
[148] a:[ 1 10 10] p:[98.0, 98.0, 98.0] ->387.26
[149] a:[10  4 10] p:[104.0, 104.0, 104.0] ->252.39
[150] a:[10 10  4] p:[50.0, 50.0, 50.0] ->762.14
[151] a:[10 10  4] p:[56.0, 56.0, 56.0] ->790.39
[152] a:[10 10  4] p:[62.0, 62.0, 62.0] ->708.75
[153] a:[10  4 10] p:[68.0, 68.0, 68.0] ->379.16
[154] a:[10  4 10] p:[74.0, 74.0, 74.0] ->161.29
[155] a:[10 10  4] p:[80.0, 80.0, 80.0] ->143.05
[156] a:[ 1 10 10] p:[86.0, 86.0, 86.0] ->326.36
[157] a:[10  4 10] p:[92.0, 92.0, 92.0] ->488.63
[158] a:[10  4 10] p:[98.0, 98.0, 98.0] ->422.03
[159] a:[ 4 10 10] p:[104.0, 104.0, 104.0] ->213.85
[160] a:[10  9  5] p:[50.0, 50.0, 50.0] ->771.09
[161] a:[10 10  4] p:[56.0, 56.0, 56.0] ->783.88
[162] a:[10 10  4] p:[62.0, 62.0, 62.0] ->706.45
[163] a:[10  4 10] p:[68.0, 68.0, 68.0] ->378.91
[164] a:[ 1 10 10] p:[74.0, 74.0, 74.0] ->156.88
[165] a:[10  4 10] p:[80.0, 80.0, 80.0] ->199.26
[166] a:[10  4 10] p:[86.0, 86.0, 86.0] ->346.94
[167] a:[10  4 10] p:[92.0, 92.0, 92.0] ->488.63
[168] a:[ 5  9 10] p:[98.0, 98.0, 98.0] ->405.15
[169] a:[ 1 10 10] p:[104.0, 104.0, 104.0] ->211.33
[170] a:[10 10  4] p:[50.0, 50.0, 50.0] ->771.19
[171] a:[10 10  4] p:[56.0, 56.0, 56.0] ->789.71
[172] a:[10 10  4] p:[62.0, 62.0, 62.0] ->702.48
[173] a:[10  4 10] p:[68.0, 68.0, 68.0] ->378.68
[174] a:[ 4 10 10] p:[74.0, 74.0, 74.0] ->158.76
[175] a:[10  4 10] p:[80.0, 80.0, 80.0] ->198.87
[176] a:[10  4 10] p:[86.0, 86.0, 86.0] ->345.44
[177] a:[10  4 10] p:[92.0, 92.0, 92.0] ->492.65
[178] a:[ 4 10 10] p:[98.0, 98.0, 98.0] ->397.99
[179] a:[ 5  9 10] p:[104.0, 104.0, 104.0] ->222.92
[180] a:[10 10  4] p:[50.0, 50.0, 50.0] ->759.41
[181] a:[10 10  4] p:[56.0, 56.0, 56.0] ->790.81
[182] a:[10 10  4] p:[62.0, 62.0, 62.0] ->706.13
[183] a:[ 1 10 10] p:[68.0, 68.0, 68.0] ->330.2
[184] a:[10  4 10] p:[74.0, 74.0, 74.0] ->158.9
[185] a:[10  4 10] p:[80.0, 80.0, 80.0] ->198.37
[186] a:[ 1 10 10] p:[86.0, 86.0, 86.0] ->321.37
[187] a:[10  9  5] p:[92.0, 92.0, 92.0] ->359.96
[188] a:[10  4 10] p:[98.0, 98.0, 98.0] ->424.08
[189] a:[10  4 10] p:[104.0, 104.0, 104.0] ->252.76
[190] a:[10 10  4] p:[50.0, 50.0, 50.0] ->769.17
[191] a:[10 10  4] p:[56.0, 56.0, 56.0] ->786.26
[192] a:[10 10  4] p:[62.0, 62.0, 62.0] ->704.21
[193] a:[10  9  5] p:[68.0, 68.0, 68.0] ->288.51
[194] a:[10  4 10] p:[74.0, 74.0, 74.0] ->160.27
[195] a:[ 1 10 10] p:[80.0, 80.0, 80.0] ->168.54
[196] a:[10  4 10] p:[86.0, 86.0, 86.0] ->348.8
[197] a:[10  4 10] p:[92.0, 92.0, 92.0] ->489.83
[198] a:[ 4 10 10] p:[98.0, 98.0, 98.0] ->398.02
[199] a:[ 1 10 10] p:[104.0, 104.0, 104.0] ->210.29
[200] a:[10 10  4] p:[50.0, 50.0, 50.0] ->762.84
[201] a:[10 10  4] p:[56.0, 56.0, 56.0] ->789.18
[202] a:[10 10  4] p:[62.0, 62.0, 62.0] ->711.25
[203] a:[ 4 10 10] p:[68.0, 68.0, 68.0] ->341.02
[204] a:[ 4 10 10] p:[74.0, 74.0, 74.0] ->159.3
[205] a:[ 4 10 10] p:[80.0, 80.0, 80.0] ->171.14
[206] a:[10  4 10] p:[86.0, 86.0, 86.0] ->345.56
[207] a:[10  4 10] p:[92.0, 92.0, 92.0] ->496.63
[208] a:[10  4 10] p:[98.0, 98.0, 98.0] ->426.58
[209] a:[10  4 10] p:[104.0, 104.0, 104.0] ->252.07
[210] a:[10 10  4] p:[50.0, 50.0, 50.0] ->766.52
[211] a:[10 10  4] p:[56.0, 56.0, 56.0] ->789.99
[212] a:[10 10  4] p:[62.0, 62.0, 62.0] ->703.16
[213] a:[10  4 10] p:[68.0, 68.0, 68.0] ->381.08
[214] a:[10  4 10] p:[74.0, 74.0, 74.0] ->159.75
[215] a:[9 6 9] p:[80.0, 80.0, 80.0] ->186.58
[216] a:[10  4 10] p:[86.0, 86.0, 86.0] ->347.71
[217] a:[10  4 10] p:[92.0, 92.0, 92.0] ->496.27
[218] a:[10  4 10] p:[98.0, 98.0, 98.0] ->422.64
[219] a:[10  4 10] p:[104.0, 104.0, 104.0] ->252.45
[220] a:[10 10  4] p:[50.0, 50.0, 50.0] ->767.55
[221] a:[10 10  4] p:[56.0, 56.0, 56.0] ->786.46
[222] a:[10 10  4] p:[62.0, 62.0, 62.0] ->705.71
[223] a:[ 8  6 10] p:[68.0, 68.0, 68.0] ->365.27
[224] a:[10  4 10] p:[74.0, 74.0, 74.0] ->159.75
[225] a:[ 4 10 10] p:[80.0, 80.0, 80.0] ->171.67
[226] a:[ 1 10 10] p:[86.0, 86.0, 86.0] ->323.28
[227] a:[10  4 10] p:[92.0, 92.0, 92.0] ->488.36
[228] a:[ 1 10 10] p:[98.0, 98.0, 98.0] ->389.9
[229] a:[10  4 10] p:[104.0, 104.0, 104.0] ->250.93
[230] a:[10 10  4] p:[50.0, 50.0, 50.0] ->763.29
[231] a:[10 10  4] p:[56.0, 56.0, 56.0] ->798.54
[232] a:[10 10  4] p:[62.0, 62.0, 62.0] ->707.69
[233] a:[10  4 10] p:[68.0, 68.0, 68.0] ->380.47
[234] a:[10  4 10] p:[74.0, 74.0, 74.0] ->159.58
[235] a:[10  4 10] p:[80.0, 80.0, 80.0] ->198.7
[236] a:[10  4 10] p:[86.0, 86.0, 86.0] ->347.82
[237] a:[10  4 10] p:[92.0, 92.0, 92.0] ->494.21
[238] a:[10  4 10] p:[98.0, 98.0, 98.0] ->426.31
[239] a:[10  4 10] p:[104.0, 104.0, 104.0] ->249.41
[240] a:[10  8  6] p:[50.0, 50.0, 50.0] ->751.52
[241] a:[10 10  4] p:[56.0, 56.0, 56.0] ->784.86
[242] a:[10 10  4] p:[62.0, 62.0, 62.0] ->705.84
[243] a:[10  4 10] p:[68.0, 68.0, 68.0] ->377.96
[244] a:[ 5  9 10] p:[74.0, 74.0, 74.0] ->160.76
[245] a:[10  4 10] p:[80.0, 80.0, 80.0] ->197.22
[246] a:[10  4 10] p:[86.0, 86.0, 86.0] ->343.09
[247] a:[10  4 10] p:[92.0, 92.0, 92.0] ->490.63
[248] a:[10  4 10] p:[98.0, 98.0, 98.0] ->429.53
[249] a:[10  4 10] p:[104.0, 104.0, 104.0] ->249.68
[250] a:[10  9  5] p:[50.0, 50.0, 50.0] ->763.06
[251] a:[10 10  4] p:[56.0, 56.0, 56.0] ->790.71
[252] a:[10 10  4] p:[62.0, 62.0, 62.0] ->705.15
[253] a:[10  6  8] p:[68.0, 68.0, 68.0] ->350.0
[254] a:[10  4 10] p:[74.0, 74.0, 74.0] ->160.55
[255] a:[10  4 10] p:[80.0, 80.0, 80.0] ->199.98
[256] a:[10  4 10] p:[86.0, 86.0, 86.0] ->342.77
[257] a:[10  4 10] p:[92.0, 92.0, 92.0] ->490.18
[258] a:[10  4 10] p:[98.0, 98.0, 98.0] ->425.29
[259] a:[10  4 10] p:[104.0, 104.0, 104.0] ->253.63
[260] a:[10 10  4] p:[50.0, 50.0, 50.0] ->773.11
[261] a:[10 10  4] p:[56.0, 56.0, 56.0] ->785.58
[262] a:[10 10  4] p:[62.0, 62.0, 62.0] ->709.58
[263] a:[10  4 10] p:[68.0, 68.0, 68.0] ->375.56
[264] a:[10  4 10] p:[74.0, 74.0, 74.0] ->160.47
[265] a:[ 1 10 10] p:[80.0, 80.0, 80.0] ->168.57
[266] a:[10  4 10] p:[86.0, 86.0, 86.0] ->348.36
[267] a:[10  4 10] p:[92.0, 92.0, 92.0] ->490.65
[268] a:[10  4 10] p:[98.0, 98.0, 98.0] ->428.47
[269] a:[10  4 10] p:[104.0, 104.0, 104.0] ->253.13
[270] a:[10 10  4] p:[50.0, 50.0, 50.0] ->763.07
[271] a:[10  9  5] p:[56.0, 56.0, 56.0] ->786.1
[272] a:[10 10  4] p:[62.0, 62.0, 62.0] ->705.68
[273] a:[ 9  5 10] p:[68.0, 68.0, 68.0] ->373.6
[274] a:[10  4 10] p:[74.0, 74.0, 74.0] ->159.97
[275] a:[10  4 10] p:[80.0, 80.0, 80.0] ->198.94
[276] a:[10  4 10] p:[86.0, 86.0, 86.0] ->345.11
[277] a:[10  4 10] p:[92.0, 92.0, 92.0] ->495.14
[278] a:[10  4 10] p:[98.0, 98.0, 98.0] ->426.11
[279] a:[10  4 10] p:[104.0, 104.0, 104.0] ->251.46
[280] a:[10 10  4] p:[50.0, 50.0, 50.0] ->761.68
[281] a:[10 10  4] p:[56.0, 56.0, 56.0] ->781.3
[282] a:[10 10  4] p:[62.0, 62.0, 62.0] ->706.76
[283] a:[10  4 10] p:[68.0, 68.0, 68.0] ->374.15
[284] a:[10  4 10] p:[74.0, 74.0, 74.0] ->159.41
[285] a:[10  4 10] p:[80.0, 80.0, 80.0] ->198.3
[286] a:[10  4 10] p:[86.0, 86.0, 86.0] ->347.4
[287] a:[10  4 10] p:[92.0, 92.0, 92.0] ->488.7
[288] a:[10  4 10] p:[98.0, 98.0, 98.0] ->427.53
[289] a:[10  4 10] p:[104.0, 104.0, 104.0] ->252.54
[290] a:[10  9  5] p:[50.0, 50.0, 50.0] ->767.02
[291] a:[10 10  4] p:[56.0, 56.0, 56.0] ->783.21
[292] a:[10 10  4] p:[62.0, 62.0, 62.0] ->702.42
[293] a:[ 4 10 10] p:[68.0, 68.0, 68.0] ->339.08
[294] a:[ 4 10 10] p:[74.0, 74.0, 74.0] ->160.38
[295] a:[10  4 10] p:[80.0, 80.0, 80.0] ->199.92
[296] a:[10  4 10] p:[86.0, 86.0, 86.0] ->348.85
[297] a:[10  4 10] p:[92.0, 92.0, 92.0] ->492.46
[298] a:[10  4 10] p:[98.0, 98.0, 98.0] ->428.56
[299] a:[10 10  4] p:[104.0, 104.0, 104.0] ->158.0

Best solutions for experiment 3
Best pricing solution: [56.0, 56.0, 56.0]
Best advertising solution: [10 10  4]
Best result: 798.54
--------------------------------------------------------


Starting experiment 5

Ideal pricing solution: [56.0, 56.0, 56.0]
Ideal advertising solution: [10 10  4]
Ideal result: 786.08

[0] a:[ 8 10  6] p:[50.0, 50.0, 50.0] ->658.6
[1] a:[1 4 8] p:[56.0, 56.0, 56.0] ->178.82
[2] a:[ 2  0 10] p:[62.0, 62.0, 62.0] ->76.69
[3] a:[10  8  5] p:[68.0, 68.0, 68.0] ->286.3
[4] a:[4 1 3] p:[74.0, 74.0, 74.0] ->42.18
[5] a:[1 0 6] p:[80.0, 80.0, 80.0] ->88.38
[6] a:[ 6 10  5] p:[86.0, 86.0, 86.0] ->210.29
[7] a:[2 9 2] p:[92.0, 92.0, 92.0] ->126.73
[8] a:[ 9 10  3] p:[98.0, 98.0, 98.0] ->232.29
[9] a:[ 9 10  1] p:[104.0, 104.0, 104.0] ->96.69
[10] a:[ 9 10  5] p:[50.0, 50.0, 50.0] ->715.22
[11] a:[9 9 6] p:[56.0, 56.0, 56.0] ->725.46
[12] a:[10  9  5] p:[62.0, 62.0, 62.0] ->692.38
[13] a:[10 10  4] p:[68.0, 68.0, 68.0] ->265.75
[14] a:[10  5  9] p:[74.0, 74.0, 74.0] ->151.84
[15] a:[ 5 10  9] p:[80.0, 80.0, 80.0] ->166.26
[16] a:[8 9 7] p:[86.0, 86.0, 86.0] ->275.73
[17] a:[9 8 7] p:[92.0, 92.0, 92.0] ->396.07
[18] a:[8 8 8] p:[98.0, 98.0, 98.0] ->388.19
[19] a:[10 10  4] p:[104.0, 104.0, 104.0] ->156.75
[20] a:[10 10  4] p:[50.0, 50.0, 50.0] ->762.75
[21] a:[ 5 10  9] p:[56.0, 56.0, 56.0] ->470.49
[22] a:[10 10  4] p:[62.0, 62.0, 62.0] ->704.98
[23] a:[10 10  4] p:[68.0, 68.0, 68.0] ->265.25
[24] a:[10 10  4] p:[74.0, 74.0, 74.0] ->107.38
[25] a:[10  6  8] p:[80.0, 80.0, 80.0] ->185.89
[26] a:[9 8 7] p:[86.0, 86.0, 86.0] ->280.45
[27] a:[ 1 10 10] p:[92.0, 92.0, 92.0] ->412.63
[28] a:[10  8  6] p:[98.0, 98.0, 98.0] ->347.05
[29] a:[10  4 10] p:[104.0, 104.0, 104.0] ->251.75
[30] a:[10 10  4] p:[50.0, 50.0, 50.0] ->766.17
[31] a:[10 10  4] p:[56.0, 56.0, 56.0] ->782.52
[32] a:[10 10  4] p:[62.0, 62.0, 62.0] ->703.04
[33] a:[10  5  9] p:[68.0, 68.0, 68.0] ->357.0
[34] a:[9 7 8] p:[74.0, 74.0, 74.0] ->151.11
[35] a:[10 10  4] p:[80.0, 80.0, 80.0] ->145.75
[36] a:[10  4 10] p:[86.0, 86.0, 86.0] ->348.53
[37] a:[10  4 10] p:[92.0, 92.0, 92.0] ->493.62
[38] a:[8 7 9] p:[98.0, 98.0, 98.0] ->398.38
[39] a:[ 6  8 10] p:[104.0, 104.0, 104.0] ->222.92
[40] a:[10  8  6] p:[50.0, 50.0, 50.0] ->755.58
[41] a:[10  4 10] p:[56.0, 56.0, 56.0] ->660.73
[42] a:[10 10  4] p:[62.0, 62.0, 62.0] ->709.01
[43] a:[10  4 10] p:[68.0, 68.0, 68.0] ->382.41
[44] a:[10  9  5] p:[74.0, 74.0, 74.0] ->116.87
[45] a:[10 10  4] p:[80.0, 80.0, 80.0] ->143.19
[46] a:[10 10  4] p:[86.0, 86.0, 86.0] ->223.25
[47] a:[10  4 10] p:[92.0, 92.0, 92.0] ->488.11
[48] a:[10  4 10] p:[98.0, 98.0, 98.0] ->423.83
[49] a:[10  4 10] p:[104.0, 104.0, 104.0] ->253.61
[50] a:[10 10  4] p:[50.0, 50.0, 50.0] ->764.99
[51] a:[10 10  4] p:[56.0, 56.0, 56.0] ->786.15
[52] a:[10 10  4] p:[62.0, 62.0, 62.0] ->697.41
[53] a:[10  6  8] p:[68.0, 68.0, 68.0] ->353.07
[54] a:[ 4 10 10] p:[74.0, 74.0, 74.0] ->159.42
[55] a:[10 10  4] p:[80.0, 80.0, 80.0] ->143.03
[56] a:[10  4 10] p:[86.0, 86.0, 86.0] ->345.69
[57] a:[9 6 9] p:[92.0, 92.0, 92.0] ->455.48
[58] a:[10 10  4] p:[98.0, 98.0, 98.0] ->296.92
[59] a:[10  4 10] p:[104.0, 104.0, 104.0] ->252.78
[60] a:[10 10  4] p:[50.0, 50.0, 50.0] ->763.47
[61] a:[10 10  4] p:[56.0, 56.0, 56.0] ->785.23
[62] a:[10 10  4] p:[62.0, 62.0, 62.0] ->712.69
[63] a:[10  4 10] p:[68.0, 68.0, 68.0] ->380.38
[64] a:[ 4 10 10] p:[74.0, 74.0, 74.0] ->158.63
[65] a:[10  4 10] p:[80.0, 80.0, 80.0] ->199.09
[66] a:[10  4 10] p:[86.0, 86.0, 86.0] ->342.92
[67] a:[10  4 10] p:[92.0, 92.0, 92.0] ->491.38
[68] a:[10  4 10] p:[98.0, 98.0, 98.0] ->425.35
[69] a:[10 10  4] p:[104.0, 104.0, 104.0] ->154.61
[70] a:[10  5  9] p:[50.0, 50.0, 50.0] ->680.32
[71] a:[10 10  4] p:[56.0, 56.0, 56.0] ->791.89
[72] a:[10 10  4] p:[62.0, 62.0, 62.0] ->707.08
[73] a:[10  4 10] p:[68.0, 68.0, 68.0] ->377.11
[74] a:[10  4 10] p:[74.0, 74.0, 74.0] ->159.3
[75] a:[10  4 10] p:[80.0, 80.0, 80.0] ->199.08
[76] a:[10  4 10] p:[86.0, 86.0, 86.0] ->350.0
[77] a:[10  4 10] p:[92.0, 92.0, 92.0] ->490.67
[78] a:[ 4 10 10] p:[98.0, 98.0, 98.0] ->392.71
[79] a:[10  4 10] p:[104.0, 104.0, 104.0] ->252.81
[80] a:[10 10  4] p:[50.0, 50.0, 50.0] ->769.94
[81] a:[10 10  4] p:[56.0, 56.0, 56.0] ->786.83
[82] a:[10 10  4] p:[62.0, 62.0, 62.0] ->701.57
[83] a:[10  4 10] p:[68.0, 68.0, 68.0] ->378.36
[84] a:[10  4 10] p:[74.0, 74.0, 74.0] ->160.03
[85] a:[10  4 10] p:[80.0, 80.0, 80.0] ->199.41
[86] a:[10  4 10] p:[86.0, 86.0, 86.0] ->346.66
[87] a:[7 8 9] p:[92.0, 92.0, 92.0] ->432.09
[88] a:[ 4 10 10] p:[98.0, 98.0, 98.0] ->401.83
[89] a:[10  4 10] p:[104.0, 104.0, 104.0] ->248.79
[90] a:[10  9  5] p:[50.0, 50.0, 50.0] ->773.67
[91] a:[10 10  4] p:[56.0, 56.0, 56.0] ->790.44
[92] a:[10 10  4] p:[62.0, 62.0, 62.0] ->708.59
[93] a:[ 4 10 10] p:[68.0, 68.0, 68.0] ->339.76
[94] a:[ 1 10 10] p:[74.0, 74.0, 74.0] ->159.03
[95] a:[ 1 10 10] p:[80.0, 80.0, 80.0] ->167.37
[96] a:[10  4 10] p:[86.0, 86.0, 86.0] ->349.06
[97] a:[10  4 10] p:[92.0, 92.0, 92.0] ->493.04
[98] a:[ 4 10 10] p:[98.0, 98.0, 98.0] ->394.24
[99] a:[ 4 10 10] p:[104.0, 104.0, 104.0] ->215.64
[100] a:[10  8  6] p:[50.0, 50.0, 50.0] ->747.91
[101] a:[10 10  4] p:[56.0, 56.0, 56.0] ->789.04
[102] a:[10 10  4] p:[62.0, 62.0, 62.0] ->712.36
[103] a:[10  4 10] p:[68.0, 68.0, 68.0] ->379.55
[104] a:[10  4 10] p:[74.0, 74.0, 74.0] ->159.75
[105] a:[10  4 10] p:[80.0, 80.0, 80.0] ->199.29
[106] a:[10  4 10] p:[86.0, 86.0, 86.0] ->345.49
[107] a:[10  4 10] p:[92.0, 92.0, 92.0] ->489.44
[108] a:[7 8 9] p:[98.0, 98.0, 98.0] ->385.67
[109] a:[10  4 10] p:[104.0, 104.0, 104.0] ->252.92
[110] a:[10 10  4] p:[50.0, 50.0, 50.0] ->768.88
[111] a:[10  6  8] p:[56.0, 56.0, 56.0] ->704.63
[112] a:[10 10  4] p:[62.0, 62.0, 62.0] ->703.34
[113] a:[10  9  5] p:[68.0, 68.0, 68.0] ->287.95
[114] a:[10 10  4] p:[74.0, 74.0, 74.0] ->105.13
[115] a:[ 4 10 10] p:[80.0, 80.0, 80.0] ->170.28
[116] a:[10  4 10] p:[86.0, 86.0, 86.0] ->346.56
[117] a:[ 4 10 10] p:[92.0, 92.0, 92.0] ->423.95
[118] a:[10  7  7] p:[98.0, 98.0, 98.0] ->355.35
[119] a:[10  4 10] p:[104.0, 104.0, 104.0] ->252.18
[120] a:[10 10  4] p:[50.0, 50.0, 50.0] ->767.96
[121] a:[10 10  4] p:[56.0, 56.0, 56.0] ->791.02
[122] a:[10 10  4] p:[62.0, 62.0, 62.0] ->702.79
[123] a:[10  4 10] p:[68.0, 68.0, 68.0] ->378.51
[124] a:[10  4 10] p:[74.0, 74.0, 74.0] ->158.91
[125] a:[ 4 10 10] p:[80.0, 80.0, 80.0] ->173.11
[126] a:[ 7  7 10] p:[86.0, 86.0, 86.0] ->336.67
[127] a:[10  4 10] p:[92.0, 92.0, 92.0] ->492.94
[128] a:[10  4 10] p:[98.0, 98.0, 98.0] ->426.24
[129] a:[10  4 10] p:[104.0, 104.0, 104.0] ->253.49
[130] a:[10 10  4] p:[50.0, 50.0, 50.0] ->765.9
[131] a:[10 10  4] p:[56.0, 56.0, 56.0] ->787.93
[132] a:[10 10  4] p:[62.0, 62.0, 62.0] ->700.15
[133] a:[10  4 10] p:[68.0, 68.0, 68.0] ->374.93
[134] a:[10  4 10] p:[74.0, 74.0, 74.0] ->159.43
[135] a:[ 1 10 10] p:[80.0, 80.0, 80.0] ->167.12
[136] a:[ 5  9 10] p:[86.0, 86.0, 86.0] ->333.17
[137] a:[10  4 10] p:[92.0, 92.0, 92.0] ->489.76
[138] a:[10  4 10] p:[98.0, 98.0, 98.0] ->424.37
[139] a:[10  4 10] p:[104.0, 104.0, 104.0] ->249.51
[140] a:[10  7  7] p:[50.0, 50.0, 50.0] ->718.25
[141] a:[10 10  4] p:[56.0, 56.0, 56.0] ->788.73
[142] a:[10 10  4] p:[62.0, 62.0, 62.0] ->706.66
[143] a:[10  4 10] p:[68.0, 68.0, 68.0] ->378.26
[144] a:[10  4 10] p:[74.0, 74.0, 74.0] ->159.88
[145] a:[10  5  9] p:[80.0, 80.0, 80.0] ->191.77
[146] a:[10  4 10] p:[86.0, 86.0, 86.0] ->346.02
[147] a:[10  4 10] p:[92.0, 92.0, 92.0] ->491.77
[148] a:[10  6  8] p:[98.0, 98.0, 98.0] ->392.8
[149] a:[10  4 10] p:[104.0, 104.0, 104.0] ->249.36
[150] a:[10  9  5] p:[50.0, 50.0, 50.0] ->766.61
[151] a:[10 10  4] p:[56.0, 56.0, 56.0] ->787.31
[152] a:[10  6  8] p:[62.0, 62.0, 62.0] ->593.3
[153] a:[10  4 10] p:[68.0, 68.0, 68.0] ->376.37
[154] a:[ 5  9 10] p:[74.0, 74.0, 74.0] ->160.32
[155] a:[10  4 10] p:[80.0, 80.0, 80.0] ->197.31
[156] a:[10  4 10] p:[86.0, 86.0, 86.0] ->346.06
[157] a:[10  4 10] p:[92.0, 92.0, 92.0] ->490.26
[158] a:[10  4 10] p:[98.0, 98.0, 98.0] ->428.46
[159] a:[10  4 10] p:[104.0, 104.0, 104.0] ->252.64
[160] a:[10 10  4] p:[50.0, 50.0, 50.0] ->764.55
[161] a:[10 10  4] p:[56.0, 56.0, 56.0] ->788.83
[162] a:[10 10  4] p:[62.0, 62.0, 62.0] ->703.95
[163] a:[10  4 10] p:[68.0, 68.0, 68.0] ->380.15
[164] a:[ 1 10 10] p:[74.0, 74.0, 74.0] ->156.69
[165] a:[10  4 10] p:[80.0, 80.0, 80.0] ->199.0
[166] a:[10  4 10] p:[86.0, 86.0, 86.0] ->346.17
[167] a:[10  4 10] p:[92.0, 92.0, 92.0] ->497.94
[168] a:[10  4 10] p:[98.0, 98.0, 98.0] ->427.01
[169] a:[10  4 10] p:[104.0, 104.0, 104.0] ->252.32
[170] a:[10  7  7] p:[50.0, 50.0, 50.0] ->721.86
[171] a:[10  9  5] p:[56.0, 56.0, 56.0] ->779.18
[172] a:[10 10  4] p:[62.0, 62.0, 62.0] ->707.12
[173] a:[9 8 7] p:[68.0, 68.0, 68.0] ->311.36
[174] a:[10  4 10] p:[74.0, 74.0, 74.0] ->159.88
[175] a:[10  4 10] p:[80.0, 80.0, 80.0] ->199.38
[176] a:[10  4 10] p:[86.0, 86.0, 86.0] ->344.58
[177] a:[10  4 10] p:[92.0, 92.0, 92.0] ->490.84
[178] a:[ 1 10 10] p:[98.0, 98.0, 98.0] ->385.81
[179] a:[10  5  9] p:[104.0, 104.0, 104.0] ->237.74
[180] a:[10 10  4] p:[50.0, 50.0, 50.0] ->764.68
[181] a:[10 10  4] p:[56.0, 56.0, 56.0] ->783.91
[182] a:[10 10  4] p:[62.0, 62.0, 62.0] ->699.12
[183] a:[10  4 10] p:[68.0, 68.0, 68.0] ->374.34
[184] a:[ 4 10 10] p:[74.0, 74.0, 74.0] ->159.77
[185] a:[10  4 10] p:[80.0, 80.0, 80.0] ->198.42
[186] a:[10  4 10] p:[86.0, 86.0, 86.0] ->347.47
[187] a:[10  4 10] p:[92.0, 92.0, 92.0] ->488.84
[188] a:[10  4 10] p:[98.0, 98.0, 98.0] ->423.42
[189] a:[10  4 10] p:[104.0, 104.0, 104.0] ->251.4
[190] a:[10 10  4] p:[50.0, 50.0, 50.0] ->766.55
[191] a:[10 10  4] p:[56.0, 56.0, 56.0] ->790.11
[192] a:[10 10  4] p:[62.0, 62.0, 62.0] ->710.13
[193] a:[ 5  9 10] p:[68.0, 68.0, 68.0] ->350.05
[194] a:[10  4 10] p:[74.0, 74.0, 74.0] ->158.28
[195] a:[10  4 10] p:[80.0, 80.0, 80.0] ->198.99
[196] a:[10  4 10] p:[86.0, 86.0, 86.0] ->346.26
[197] a:[10  4 10] p:[92.0, 92.0, 92.0] ->492.99
[198] a:[10  4 10] p:[98.0, 98.0, 98.0] ->421.76
[199] a:[10  4 10] p:[104.0, 104.0, 104.0] ->252.49
[200] a:[10 10  4] p:[50.0, 50.0, 50.0] ->769.5
[201] a:[10 10  4] p:[56.0, 56.0, 56.0] ->786.42
[202] a:[10 10  4] p:[62.0, 62.0, 62.0] ->703.7
[203] a:[10  4 10] p:[68.0, 68.0, 68.0] ->376.15
[204] a:[10  4 10] p:[74.0, 74.0, 74.0] ->159.2
[205] a:[10  4 10] p:[80.0, 80.0, 80.0] ->200.65
[206] a:[ 6  8 10] p:[86.0, 86.0, 86.0] ->336.15
[207] a:[10  4 10] p:[92.0, 92.0, 92.0] ->497.85
[208] a:[10  4 10] p:[98.0, 98.0, 98.0] ->426.9
[209] a:[10  4 10] p:[104.0, 104.0, 104.0] ->249.5
[210] a:[10  9  5] p:[50.0, 50.0, 50.0] ->767.25
[211] a:[10 10  4] p:[56.0, 56.0, 56.0] ->785.68
[212] a:[10 10  4] p:[62.0, 62.0, 62.0] ->709.98
[213] a:[10  4 10] p:[68.0, 68.0, 68.0] ->373.93
[214] a:[ 4 10 10] p:[74.0, 74.0, 74.0] ->160.1
[215] a:[10  5  9] p:[80.0, 80.0, 80.0] ->190.0
[216] a:[10  4 10] p:[86.0, 86.0, 86.0] ->347.94
[217] a:[10  4 10] p:[92.0, 92.0, 92.0] ->486.82
[218] a:[10  4 10] p:[98.0, 98.0, 98.0] ->429.1
[219] a:[10  4 10] p:[104.0, 104.0, 104.0] ->249.99
[220] a:[10 10  4] p:[50.0, 50.0, 50.0] ->768.23
[221] a:[10 10  4] p:[56.0, 56.0, 56.0] ->781.57
[222] a:[10 10  4] p:[62.0, 62.0, 62.0] ->703.68
[223] a:[ 6  8 10] p:[68.0, 68.0, 68.0] ->352.32
[224] a:[ 1 10 10] p:[74.0, 74.0, 74.0] ->159.21
[225] a:[10  6  8] p:[80.0, 80.0, 80.0] ->186.96
[226] a:[ 4 10 10] p:[86.0, 86.0, 86.0] ->326.75
[227] a:[10  4 10] p:[92.0, 92.0, 92.0] ->492.77
[228] a:[ 1 10 10] p:[98.0, 98.0, 98.0] ->390.54
[229] a:[10  4 10] p:[104.0, 104.0, 104.0] ->251.33
[230] a:[10  8  6] p:[50.0, 50.0, 50.0] ->753.18
[231] a:[10 10  4] p:[56.0, 56.0, 56.0] ->786.01
[232] a:[10 10  4] p:[62.0, 62.0, 62.0] ->699.25
[233] a:[10  4 10] p:[68.0, 68.0, 68.0] ->374.64
[234] a:[10  4 10] p:[74.0, 74.0, 74.0] ->158.91
[235] a:[10  4 10] p:[80.0, 80.0, 80.0] ->199.92
[236] a:[10  4 10] p:[86.0, 86.0, 86.0] ->345.41
[237] a:[10  4 10] p:[92.0, 92.0, 92.0] ->490.29
[238] a:[10  4 10] p:[98.0, 98.0, 98.0] ->424.03
[239] a:[10  4 10] p:[104.0, 104.0, 104.0] ->250.55
[240] a:[10 10  4] p:[50.0, 50.0, 50.0] ->766.8
[241] a:[10 10  4] p:[56.0, 56.0, 56.0] ->780.67
[242] a:[10 10  4] p:[62.0, 62.0, 62.0] ->706.73
[243] a:[10  4 10] p:[68.0, 68.0, 68.0] ->377.25
[244] a:[10  4 10] p:[74.0, 74.0, 74.0] ->159.75
[245] a:[10  9  5] p:[80.0, 80.0, 80.0] ->154.86
[246] a:[10  4 10] p:[86.0, 86.0, 86.0] ->345.9
[247] a:[10  4 10] p:[92.0, 92.0, 92.0] ->494.81
[248] a:[10  4 10] p:[98.0, 98.0, 98.0] ->425.99
[249] a:[10  4 10] p:[104.0, 104.0, 104.0] ->250.53
[250] a:[10 10  4] p:[50.0, 50.0, 50.0] ->768.83
[251] a:[10 10  4] p:[56.0, 56.0, 56.0] ->786.44
[252] a:[10 10  4] p:[62.0, 62.0, 62.0] ->706.62
[253] a:[ 4 10 10] p:[68.0, 68.0, 68.0] ->344.9
[254] a:[ 4 10 10] p:[74.0, 74.0, 74.0] ->158.65
[255] a:[10  4 10] p:[80.0, 80.0, 80.0] ->198.11
[256] a:[10  4 10] p:[86.0, 86.0, 86.0] ->349.1
[257] a:[10  4 10] p:[92.0, 92.0, 92.0] ->492.63
[258] a:[ 6  8 10] p:[98.0, 98.0, 98.0] ->410.71
[259] a:[10  4 10] p:[104.0, 104.0, 104.0] ->250.38
[260] a:[10 10  4] p:[50.0, 50.0, 50.0] ->771.38
[261] a:[10 10  4] p:[56.0, 56.0, 56.0] ->783.26
[262] a:[10 10  4] p:[62.0, 62.0, 62.0] ->703.36
[263] a:[ 1 10 10] p:[68.0, 68.0, 68.0] ->334.83
[264] a:[10  4 10] p:[74.0, 74.0, 74.0] ->161.3
[265] a:[10  9  5] p:[80.0, 80.0, 80.0] ->154.34
[266] a:[ 5  9 10] p:[86.0, 86.0, 86.0] ->328.56
[267] a:[10  4 10] p:[92.0, 92.0, 92.0] ->492.96
[268] a:[10  4 10] p:[98.0, 98.0, 98.0] ->424.03
[269] a:[10  4 10] p:[104.0, 104.0, 104.0] ->252.67
[270] a:[10  9  5] p:[50.0, 50.0, 50.0] ->765.4
[271] a:[10 10  4] p:[56.0, 56.0, 56.0] ->786.41
[272] a:[10 10  4] p:[62.0, 62.0, 62.0] ->708.21
[273] a:[10  4 10] p:[68.0, 68.0, 68.0] ->378.55
[274] a:[10  4 10] p:[74.0, 74.0, 74.0] ->159.85
[275] a:[10  4 10] p:[80.0, 80.0, 80.0] ->197.53
[276] a:[10  4 10] p:[86.0, 86.0, 86.0] ->346.33
[277] a:[10  4 10] p:[92.0, 92.0, 92.0] ->496.14
[278] a:[10  4 10] p:[98.0, 98.0, 98.0] ->426.52
[279] a:[10  4 10] p:[104.0, 104.0, 104.0] ->254.13
[280] a:[10 10  4] p:[50.0, 50.0, 50.0] ->763.19
[281] a:[10 10  4] p:[56.0, 56.0, 56.0] ->792.26
[282] a:[10 10  4] p:[62.0, 62.0, 62.0] ->701.88
[283] a:[10  4 10] p:[68.0, 68.0, 68.0] ->377.45
[284] a:[10  4 10] p:[74.0, 74.0, 74.0] ->158.68
[285] a:[ 9  5 10] p:[80.0, 80.0, 80.0] ->194.64
[286] a:[10  4 10] p:[86.0, 86.0, 86.0] ->351.14
[287] a:[10  4 10] p:[92.0, 92.0, 92.0] ->489.9
[288] a:[ 8  6 10] p:[98.0, 98.0, 98.0] ->416.41
[289] a:[10  4 10] p:[104.0, 104.0, 104.0] ->251.09
[290] a:[10  7  7] p:[50.0, 50.0, 50.0] ->727.6
[291] a:[10 10  4] p:[56.0, 56.0, 56.0] ->784.48
[292] a:[10 10  4] p:[62.0, 62.0, 62.0] ->700.23
[293] a:[10  4 10] p:[68.0, 68.0, 68.0] ->376.24
[294] a:[10  4 10] p:[74.0, 74.0, 74.0] ->161.46
[295] a:[10  4 10] p:[80.0, 80.0, 80.0] ->199.96
[296] a:[10  4 10] p:[86.0, 86.0, 86.0] ->344.54
[297] a:[10  4 10] p:[92.0, 92.0, 92.0] ->489.74
[298] a:[10  4 10] p:[98.0, 98.0, 98.0] ->422.81
[299] a:[10  4 10] p:[104.0, 104.0, 104.0] ->251.47

Best solutions for experiment 4
Best pricing solution: [56.0, 56.0, 56.0]
Best advertising solution: [10 10  4]
Best result: 792.26
--------------------------------------------------------

